测速日志 2026-02-03 16:57:44
速度阈值: 50KB/s
[2026-02-03 16:59:09] ⚠️ 仅读取 0.2KB 数据: http://play.kankanlive.com/live/1698234869325962.m3u8
[2026-02-03 16:59:09] ✅ 测速成功: http://play.kankanlive.com/live/1698234869325962.m3u8
   速度: 249.02KB/s > 50KB/s | 数据量: 0.2KB | 总耗时: 1.96s
[2026-02-03 16:59:11] ⚠️ 仅读取 0.4KB 数据: http://218.3.138.25:1111/tsfile/live/1000_1.m3u8
[2026-02-03 16:59:11] ✅ 测速成功: http://218.3.138.25:1111/tsfile/live/1000_1.m3u8
   速度: 433.59KB/s > 50KB/s | 数据量: 0.4KB | 总耗时: 1.24s
[2026-02-03 16:59:11] ⚠️ 仅读取 1.0KB 数据: http://23.237.228.134/live5/CCTV2.m3u8
[2026-02-03 16:59:11] ✅ 测速成功: http://23.237.228.134/live5/CCTV2.m3u8
   速度: 1017.58KB/s > 50KB/s | 数据量: 1.0KB | 总耗时: 0.12s
[2026-02-03 16:59:11] ⚠️ 仅读取 0.2KB 数据: http://27.41.245.32:801/hls/2/index.m3u8
[2026-02-03 16:59:11] ✅ 测速成功: http://27.41.245.32:801/hls/2/index.m3u8
   速度: 246.09KB/s > 50KB/s | 数据量: 0.2KB | 总耗时: 0.51s
[2026-02-03 16:59:12] ⚠️ 仅读取 0.4KB 数据: https://dash2.antik.sk/live/test_cctv_tizen/playlist.m3u8
[2026-02-03 16:59:12] ✅ 测速成功: https://dash2.antik.sk/live/test_cctv_tizen/playlist.m3u8
   速度: 416.02KB/s > 50KB/s | 数据量: 0.4KB | 总耗时: 0.45s
[2026-02-03 16:59:12] ⚠️ 仅读取 0.4KB 数据: http://120.238.94.82:9901/tsfile/live/1030_1.m3u8
[2026-02-03 16:59:12] ✅ 测速成功: http://120.238.94.82:9901/tsfile/live/1030_1.m3u8
   速度: 422.85KB/s > 50KB/s | 数据量: 0.4KB | 总耗时: 0.63s
[2026-02-03 16:59:14] ⚠️ 仅读取 0.4KB 数据: https://ldocctvwbcdtxy.liveplay.myqcloud.com/ldocctvwbcd/cdrmldcctv8_1_hd.m3u8
[2026-02-03 16:59:14] ✅ 测速成功: https://ldocctvwbcdtxy.liveplay.myqcloud.com/ldocctvwbcd/cdrmldcctv8_1_hd.m3u8
   速度: 444.34KB/s > 50KB/s | 数据量: 0.4KB | 总耗时: 2.16s
[2026-02-03 16:59:15] ⚠️ 仅读取 0.2KB 数据: http://69.30.246.194/live/cctv11.m3u8
[2026-02-03 16:59:15] ✅ 测速成功: http://69.30.246.194/live/cctv11.m3u8
   速度: 194.34KB/s > 50KB/s | 数据量: 0.2KB | 总耗时: 0.07s
[2026-02-03 16:59:15] ⚠️ 仅读取 0.4KB 数据: http://61.136.172.236:9901/tsfile/live/0011_1.m3u8
[2026-02-03 16:59:15] ✅ 测速成功: http://61.136.172.236:9901/tsfile/live/0011_1.m3u8
   速度: 423.83KB/s > 50KB/s | 数据量: 0.4KB | 总耗时: 0.61s
[2026-02-03 16:59:17] ⚠️ 仅读取 0.3KB 数据: http://ali-m-l.cztv.com/channels/lantian/channel21/1080p.m3u8
[2026-02-03 16:59:17] ✅ 测速成功: http://ali-m-l.cztv.com/channels/lantian/channel21/1080p.m3u8
   速度: 291.99KB/s > 50KB/s | 数据量: 0.3KB | 总耗时: 1.46s
[2026-02-03 16:59:17] ⚠️ 仅读取 0.3KB 数据: https://piccpndali.v.myalicdn.com/audio/cctv16_2.m3u8
[2026-02-03 16:59:17] ✅ 测速成功: https://piccpndali.v.myalicdn.com/audio/cctv16_2.m3u8
   速度: 282.23KB/s > 50KB/s | 数据量: 0.3KB | 总耗时: 0.77s
[2026-02-03 16:59:18] ⚠️ 仅读取 0.1KB 数据: https://epg.pw/stream/ca9c1cd4b97fb824cedd7fedfd0c7a950afdd7f00751cfbb7c2d89831d7746a5.m3u8
[2026-02-03 16:59:18] ✅ 测速成功: https://epg.pw/stream/ca9c1cd4b97fb824cedd7fedfd0c7a950afdd7f00751cfbb7c2d89831d7746a5.m3u8
   速度: 124.02KB/s > 50KB/s | 数据量: 0.1KB | 总耗时: 0.27s
[2026-02-03 16:59:18] ⚠️ 仅读取 0.1KB 数据: https://0472.org/hls/cgtn.m3u8
[2026-02-03 16:59:18] ✅ 测速成功: https://0472.org/hls/cgtn.m3u8
   速度: 125.98KB/s > 50KB/s | 数据量: 0.1KB | 总耗时: 0.28s
[2026-02-03 16:59:19] ⚠️ 仅读取 0.4KB 数据: http://english-livetx.cgtn.com/hls/yypdyyctzb_hd.m3u8
[2026-02-03 16:59:19] ✅ 测速成功: http://english-livetx.cgtn.com/hls/yypdyyctzb_hd.m3u8
   速度: 402.34KB/s > 50KB/s | 数据量: 0.4KB | 总耗时: 0.88s
[2026-02-03 16:59:20] ⚠️ 仅读取 0.4KB 数据: http://russian-livews.cgtn.com/hls/LSvexABhNipibK5KRuUkvHZ7220802LSTeze9o8tdFXMHsb1VosgoT220802cd.m3u8
[2026-02-03 16:59:20] ✅ 测速成功: http://russian-livews.cgtn.com/hls/LSvexABhNipibK5KRuUkvHZ7220802LSTeze9o8tdFXMHsb1VosgoT220802cd.m3u8
   速度: 424.80KB/s > 50KB/s | 数据量: 0.4KB | 总耗时: 1.01s
[2026-02-03 16:59:20] ⚠️ 仅读取 0.4KB 数据: http://espanol-liveali.cgtn.com/hls/LSveOGBaBw41Ea7ukkVAUdKQ220802LSTexu6xAuFH8VZNBLE1ZNEa220802cd.m3u8
[2026-02-03 16:59:20] ✅ 测速成功: http://espanol-liveali.cgtn.com/hls/LSveOGBaBw41Ea7ukkVAUdKQ220802LSTexu6xAuFH8VZNBLE1ZNEa220802cd.m3u8
   速度: 428.71KB/s > 50KB/s | 数据量: 0.4KB | 总耗时: 0.33s
[2026-02-03 16:59:21] ⚠️ 仅读取 0.4KB 数据: https://english-livetx.cgtn.com/hls/yypdjlctzb_hd.m3u8
[2026-02-03 16:59:21] ✅ 测速成功: https://english-livetx.cgtn.com/hls/yypdjlctzb_hd.m3u8
   速度: 402.34KB/s > 50KB/s | 数据量: 0.4KB | 总耗时: 0.83s
[2026-02-03 16:59:22] ⚠️ 仅读取 0.0KB 数据: http://gslbmgsplive.miguvideo.com/migu/kailu/cetv2/50/20240709/index.m3u8?msisdn=20250903090033bf55eab2bb984fe0b4ac863e60d28ac6&mdspid=&spid=699004&netType=0&sid=5910022152&pid=2028597139&timestamp=20250903090033&Channel_ID=0116_2600037000-99000-200300220100002&ProgramID=923287211&ParentNodeID=-99&assertID=5910022152&client_ip=106.13.250.83&SecurityKey=20250903090033&promotionId=&mvid=5900006638&mcid=500020&playurlVersion=WX-A1-8.8.1-RELEASE&userid=&jmhm=&videocodec=h264&bean=mgspad&tid=android&conFee=0&puData=ebfbdc6c83654112720d2b5599373223&ddCalcu=3e2bv2fa3ba7da3c969c5853b625d4012172&sv=10004&ct=android
[2026-02-03 16:59:22] ⚠️ 速度不足: http://gslbmgsplive.miguvideo.com/migu/kailu/cetv2/50/20240709/index.m3u8?msisdn=20250903090033bf55eab2bb984fe0b4ac863e60d28ac6&mdspid=&spid=699004&netType=0&sid=5910022152&pid=2028597139&timestamp=20250903090033&Channel_ID=0116_2600037000-99000-200300220100002&ProgramID=923287211&ParentNodeID=-99&assertID=5910022152&client_ip=106.13.250.83&SecurityKey=20250903090033&promotionId=&mvid=5900006638&mcid=500020&playurlVersion=WX-A1-8.8.1-RELEASE&userid=&jmhm=&videocodec=h264&bean=mgspad&tid=android&conFee=0&puData=ebfbdc6c83654112720d2b5599373223&ddCalcu=3e2bv2fa3ba7da3c969c5853b625d4012172&sv=10004&ct=android
   速度: 0.00KB/s <= 50KB/s | 数据量: 0.0KB | 总耗时: 0.98s
[2026-02-03 16:59:23] ⚠️ 仅读取 1.3KB 数据: http://drive.mxmy.net:8888/udp/239.3.1.188:8001
[2026-02-03 16:59:23] ✅ 测速成功: http://drive.mxmy.net:8888/udp/239.3.1.188:8001
   速度: 87.68KB/s > 50KB/s | 数据量: 1.3KB | 总耗时: 0.64s
[2026-02-03 16:59:24] ⚠️ 仅读取 0.4KB 数据: https://gcwbndali.v.myalicdn.com/gcwbnd/ipanda1000_2/index.m3u8
[2026-02-03 16:59:24] ✅ 测速成功: https://gcwbndali.v.myalicdn.com/gcwbnd/ipanda1000_2/index.m3u8
   速度: 382.81KB/s > 50KB/s | 数据量: 0.4KB | 总耗时: 1.13s
[2026-02-03 16:59:26] ⚠️ 仅读取 0.3KB 数据: https://gcalic.v.myalicdn.com/gc/wgw05_1/index.m3u8?contentid=2820180516001
[2026-02-03 16:59:26] ✅ 测速成功: https://gcalic.v.myalicdn.com/gc/wgw05_1/index.m3u8?contentid=2820180516001
   速度: 314.45KB/s > 50KB/s | 数据量: 0.3KB | 总耗时: 1.84s
[2026-02-03 16:59:27] ✅ 测速成功: https://vd3.bdstatic.com/mda-rkaittm5s06vzzyq/sc/cae_h264/1762869883709304452/mda-rkaittm5s06vzzyq.mp4
   速度: 11360.76KB/s > 50KB/s | 数据量: 104.0KB | 总耗时: 1.21s
[2026-02-03 16:59:30] ⚠️ 仅读取 1.1KB 数据: http://223.105.252.8/PLTV/4/224/3221228115/index.m3u8
[2026-02-03 16:59:30] ⚠️ 速度不足: http://223.105.252.8/PLTV/4/224/3221228115/index.m3u8
   速度: 0.54KB/s <= 50KB/s | 数据量: 1.1KB | 总耗时: 3.32s
[2026-02-03 16:59:33] ⚠️ 仅读取 0.2KB 数据: http://satellitepull.cnr.cn/live/wxbtv/playlist.m3u8
[2026-02-03 16:59:33] ✅ 测速成功: http://satellitepull.cnr.cn/live/wxbtv/playlist.m3u8
   速度: 242.19KB/s > 50KB/s | 数据量: 0.2KB | 总耗时: 2.45s
[2026-02-03 16:59:33] ⚠️ 仅读取 0.9KB 数据: http://120.76.248.139/live/bfgd/4200000133.m3u8
[2026-02-03 16:59:33] ✅ 测速成功: http://120.76.248.139/live/bfgd/4200000133.m3u8
   速度: 862.30KB/s > 50KB/s | 数据量: 0.9KB | 总耗时: 0.65s
[2026-02-03 16:59:34] ✅ 测速成功: https://txmov2.a.kwimgs.com/bs3/video-hls/5219953535631090825_hlsb.m3u8
   速度: 18855.69KB/s > 50KB/s | 数据量: 104.0KB | 总耗时: 0.83s
[2026-02-03 16:59:35] ⚠️ 仅读取 0.8KB 数据: http://bp-resource-dfl.bestv.cn/155/3/video.m3u8
[2026-02-03 16:59:35] ✅ 测速成功: http://bp-resource-dfl.bestv.cn/155/3/video.m3u8
   速度: 831.05KB/s > 50KB/s | 数据量: 0.8KB | 总耗时: 1.26s
[2026-02-03 16:59:36] ⚠️ 仅读取 0.2KB 数据: http://36.32.174.67:60080/newlive/live/hls/33/live.m3u8
[2026-02-03 16:59:36] ✅ 测速成功: http://36.32.174.67:60080/newlive/live/hls/33/live.m3u8
   速度: 226.56KB/s > 50KB/s | 数据量: 0.2KB | 总耗时: 0.89s
[2026-02-03 16:59:37] ⚠️ 仅读取 0.5KB 数据: http://live.zohi.tv/video/s10001-fztv-3/index.m3u8
[2026-02-03 16:59:37] ✅ 测速成功: http://live.zohi.tv/video/s10001-fztv-3/index.m3u8
   速度: 498.05KB/s > 50KB/s | 数据量: 0.5KB | 总耗时: 1.16s
[2026-02-03 16:59:38] ⚠️ 仅读取 0.2KB 数据: http://8.138.7.223/tv/hxws.m3u8
[2026-02-03 16:59:38] ✅ 测速成功: http://8.138.7.223/tv/hxws.m3u8
   速度: 211.91KB/s > 50KB/s | 数据量: 0.2KB | 总耗时: 0.49s
[2026-02-03 16:59:38] ⚠️ 仅读取 0.4KB 数据: http://38.64.72.148:80/hls/modn/list/4009/chunklist0.m3u8
[2026-02-03 16:59:38] ✅ 测速成功: http://38.64.72.148:80/hls/modn/list/4009/chunklist0.m3u8
   速度: 397.46KB/s > 50KB/s | 数据量: 0.4KB | 总耗时: 0.12s
[2026-02-03 16:59:40] ⚠️ 仅读取 1.5KB 数据: http://hlsbkmgsplive.miguvideo.com/migu/kailu/haixiaws/57/20230724/01.m3u8?msisdn=&Channel_ID=&ContentId=&HlsSubType=&HlsProfileId=&encrypt=
[2026-02-03 16:59:40] ✅ 测速成功: http://hlsbkmgsplive.miguvideo.com/migu/kailu/haixiaws/57/20230724/01.m3u8?msisdn=&Channel_ID=&ContentId=&HlsSubType=&HlsProfileId=&encrypt=
   速度: 1535.16KB/s > 50KB/s | 数据量: 1.5KB | 总耗时: 1.63s
[2026-02-03 16:59:42] ⚠️ 仅读取 0.4KB 数据: https://srs.ssws.tv/video/sstv-10/index.m3u8
[2026-02-03 16:59:42] ✅ 测速成功: https://srs.ssws.tv/video/sstv-10/index.m3u8
   速度: 389.65KB/s > 50KB/s | 数据量: 0.4KB | 总耗时: 2.34s
[2026-02-03 16:59:43] ⚠️ 仅读取 2.0KB 数据: http://119.39.9.8:9901/tsfile/live/0118_1.m3u8
[2026-02-03 16:59:43] ✅ 测速成功: http://119.39.9.8:9901/tsfile/live/0118_1.m3u8
   速度: 2038.09KB/s > 50KB/s | 数据量: 2.0KB | 总耗时: 0.54s
[2026-02-03 16:59:43] ⚠️ 仅读取 0.4KB 数据: http://219.146.95.58:59902/tsfile/live/0136_1.m3u8
[2026-02-03 16:59:43] ✅ 测速成功: http://219.146.95.58:59902/tsfile/live/0136_1.m3u8
   速度: 428.71KB/s > 50KB/s | 数据量: 0.4KB | 总耗时: 0.56s
[2026-02-03 16:59:45] ⚠️ 仅读取 0.3KB 数据: http://live.wjyanghu.com/live/CH1.m3u8
[2026-02-03 16:59:45] ✅ 测速成功: http://live.wjyanghu.com/live/CH1.m3u8
   速度: 268.55KB/s > 50KB/s | 数据量: 0.3KB | 总耗时: 2.42s
[2026-02-03 16:59:48] ⚠️ 仅读取 0.5KB 数据: https://srs.iyb983.cn/video/CYS/index.m3u8
[2026-02-03 16:59:48] ✅ 测速成功: https://srs.iyb983.cn/video/CYS/index.m3u8
   速度: 512.70KB/s > 50KB/s | 数据量: 0.5KB | 总耗时: 2.49s
[2026-02-03 16:59:49] ⚠️ 仅读取 0.3KB 数据: http://ali-xwl.cztv.com/live/channel011080Plxw.m3u8
[2026-02-03 16:59:49] ✅ 测速成功: http://ali-xwl.cztv.com/live/channel011080Plxw.m3u8
   速度: 344.73KB/s > 50KB/s | 数据量: 0.3KB | 总耗时: 1.16s
[2026-02-03 16:59:51] ⚠️ 仅读取 0.2KB 数据: https://test1.live.sdetv.com.cn/live/dianshizhibo/playlist.m3u8
[2026-02-03 16:59:51] ✅ 测速成功: https://test1.live.sdetv.com.cn/live/dianshizhibo/playlist.m3u8
   速度: 208.01KB/s > 50KB/s | 数据量: 0.2KB | 总耗时: 2.15s
[2026-02-03 16:59:52] ⚠️ 仅读取 0.8KB 数据: https://bp-resource-dfl.bestv.cn/148/3/video.m3u8
[2026-02-03 16:59:52] ✅ 测速成功: https://bp-resource-dfl.bestv.cn/148/3/video.m3u8
   速度: 831.05KB/s > 50KB/s | 数据量: 0.8KB | 总耗时: 0.63s
[2026-02-03 16:59:54] ⚠️ 仅读取 0.4KB 数据: https://tylive.kan0512.com/norecord/csztv4k_4k.m3u8
[2026-02-03 16:59:54] ✅ 测速成功: https://tylive.kan0512.com/norecord/csztv4k_4k.m3u8
   速度: 377.93KB/s > 50KB/s | 数据量: 0.4KB | 总耗时: 2.02s
[2026-02-03 16:59:59] ❌ 测速失败: https://yylunbo.ottiptv.cc/yy/1355065896
   错误: HTTPSConnectionPool(host='yylunbo.ottiptv.cc', port=443): Read timed out. (read timeout=5) | 域名: yylunbo.ottiptv.cc:443
[2026-02-03 17:00:04] ❌ 测速失败: https://hls.iill.top/api/dsyp/index.m3u8
   错误: HTTPSConnectionPool(host='hls.iill.top', port=443): Read timed out. (read timeout=5) | 域名: hls.iill.top:443
[2026-02-03 17:00:05] ⚠️ 仅读取 2.4KB 数据: http://nmk.ioapk.com:5050/li-4gtv-4gtv058/index.m3u8?proxy=true
[2026-02-03 17:00:05] ✅ 测速成功: http://nmk.ioapk.com:5050/li-4gtv-4gtv058/index.m3u8?proxy=true
   速度: 2373.05KB/s > 50KB/s | 数据量: 2.4KB | 总耗时: 0.56s
[2026-02-03 17:00:05] ⚠️ 仅读取 2.4KB 数据: http://220.135.64.124:5050/li-4gtv-4gtv058/index.m3u8?proxy=true
[2026-02-03 17:00:05] ✅ 测速成功: http://220.135.64.124:5050/li-4gtv-4gtv058/index.m3u8?proxy=true
   速度: 2382.81KB/s > 50KB/s | 数据量: 2.4KB | 总耗时: 0.47s
[2026-02-03 17:00:06] ⚠️ 仅读取 0.6KB 数据: http://breezy-audrie-zspace-7524863c.koyeb.app/vipsir?token=leifeng&id=4gtv-4gtv058
[2026-02-03 17:00:06] ✅ 测速成功: http://breezy-audrie-zspace-7524863c.koyeb.app/vipsir?token=leifeng&id=4gtv-4gtv058
   速度: 576.17KB/s > 50KB/s | 数据量: 0.6KB | 总耗时: 0.13s
[2026-02-03 17:00:06] ⚠️ 仅读取 2.8KB 数据: https://cdn8.163189.xyz/live/lhdy/stream.m3u8
[2026-02-03 17:00:06] ✅ 测速成功: https://cdn8.163189.xyz/live/lhdy/stream.m3u8
   速度: 2836.91KB/s > 50KB/s | 数据量: 2.8KB | 总耗时: 0.90s
[2026-02-03 17:00:07] ⚠️ 仅读取 0.2KB 数据: http://61.221.215.25:8800/hls/43/index.m3u8
[2026-02-03 17:00:07] ✅ 测速成功: http://61.221.215.25:8800/hls/43/index.m3u8
   速度: 236.33KB/s > 50KB/s | 数据量: 0.2KB | 总耗时: 0.39s
[2026-02-03 17:00:08] ⚠️ 仅读取 1.4KB 数据: http://43.138.0.72:35455/yy/1382754187
[2026-02-03 17:00:08] ✅ 测速成功: http://43.138.0.72:35455/yy/1382754187
   速度: 1392.58KB/s > 50KB/s | 数据量: 1.4KB | 总耗时: 0.82s
[2026-02-03 17:00:09] ⚠️ 仅读取 0.3KB 数据: http://l.cztvcloud.com/channels/lantian/SXxinchang2/720p.m3u8
[2026-02-03 17:00:09] ✅ 测速成功: http://l.cztvcloud.com/channels/lantian/SXxinchang2/720p.m3u8
   速度: 284.18KB/s > 50KB/s | 数据量: 0.3KB | 总耗时: 1.75s
[2026-02-03 17:00:11] ⚠️ 仅读取 0.4KB 数据: https://vip.ffzy-play.com/20221018/1953_2d6ba500/index.m3u8
[2026-02-03 17:00:11] ✅ 测速成功: https://vip.ffzy-play.com/20221018/1953_2d6ba500/index.m3u8
   速度: 399.41KB/s > 50KB/s | 数据量: 0.4KB | 总耗时: 1.95s
[2026-02-03 17:00:13] ⚠️ 仅读取 0.4KB 数据: https://vip.ffzy-play7.com/20230112/11082_fde1a94d/index.m3u8
[2026-02-03 17:00:13] ✅ 测速成功: https://vip.ffzy-play7.com/20230112/11082_fde1a94d/index.m3u8
   速度: 399.41KB/s > 50KB/s | 数据量: 0.4KB | 总耗时: 2.09s
[2026-02-03 17:00:15] ⚠️ 仅读取 61.4KB 数据: http://jsmov2.a.yximgs.com/bs3/video-hls/5250634317044855747_hlsb.m3u8
[2026-02-03 17:00:15] ✅ 测速成功: http://jsmov2.a.yximgs.com/bs3/video-hls/5250634317044855747_hlsb.m3u8
   速度: 217.58KB/s > 50KB/s | 数据量: 61.4KB | 总耗时: 1.51s
[2026-02-03 17:00:16] ⚠️ 仅读取 0.4KB 数据: https://stream.hrbtv.net/yspd/sd/live.m3u8
[2026-02-03 17:00:16] ✅ 测速成功: https://stream.hrbtv.net/yspd/sd/live.m3u8
   速度: 354.49KB/s > 50KB/s | 数据量: 0.4KB | 总耗时: 1.33s
[2026-02-03 17:00:17] ⚠️ 仅读取 0.4KB 数据: http://stream.hrbtv.net/yspd/sd/live.m3u8
[2026-02-03 17:00:17] ✅ 测速成功: http://stream.hrbtv.net/yspd/sd/live.m3u8
   速度: 354.49KB/s > 50KB/s | 数据量: 0.4KB | 总耗时: 0.72s
[2026-02-03 17:00:18] ⚠️ 仅读取 0.2KB 数据: http://112.27.235.94:8000/hls/24/index.m3u8
[2026-02-03 17:00:18] ✅ 测速成功: http://112.27.235.94:8000/hls/24/index.m3u8
   速度: 246.09KB/s > 50KB/s | 数据量: 0.2KB | 总耗时: 0.61s
[2026-02-03 17:00:19] ⚠️ 仅读取 0.1KB 数据: https://www.ahtv.cn/folder9000/folder20193?channelIndex=3
[2026-02-03 17:00:19] ✅ 测速成功: https://www.ahtv.cn/folder9000/folder20193?channelIndex=3
   速度: 142.58KB/s > 50KB/s | 数据量: 0.1KB | 总耗时: 1.51s
[2026-02-03 17:00:25] ⚠️ 仅读取 0.4KB 数据: https://vip.ffzy-play6.com/20221019/157_bf0740ee/index.m3u8
[2026-02-03 17:00:25] ✅ 测速成功: https://vip.ffzy-play6.com/20221019/157_bf0740ee/index.m3u8
   速度: 399.41KB/s > 50KB/s | 数据量: 0.4KB | 总耗时: 5.71s
[2026-02-03 17:00:31] ⚠️ 仅读取 0.4KB 数据: https://vip.ffzy-play1.com/20221018/478_c3afed66/index.m3u8
[2026-02-03 17:00:31] ✅ 测速成功: https://vip.ffzy-play1.com/20221018/478_c3afed66/index.m3u8
   速度: 399.41KB/s > 50KB/s | 数据量: 0.4KB | 总耗时: 5.91s
[2026-02-03 17:00:37] ⚠️ 仅读取 0.4KB 数据: https://vip.ffzy-online.com/20221015/719_80ff87c2/index.m3u8
[2026-02-03 17:00:37] ✅ 测速成功: https://vip.ffzy-online.com/20221015/719_80ff87c2/index.m3u8
   速度: 399.41KB/s > 50KB/s | 数据量: 0.4KB | 总耗时: 5.77s
[2026-02-03 17:00:38] ⚠️ 仅读取 0.0KB 数据: https://mgtv.ottiptv.cc/migu/626064697.m3u8?migutoken=6508bc5fae9f621ed6ec72d39eb7f60ab52c4b412a5ee7f5b612640ecccbde1f9584f0a97aebc090cb58f73e9e079ced87b059526a6614b5a9ad5a23ff4863d36adcc1ed699583e058fac3330e
[2026-02-03 17:00:38] ⚠️ 速度不足: https://mgtv.ottiptv.cc/migu/626064697.m3u8?migutoken=6508bc5fae9f621ed6ec72d39eb7f60ab52c4b412a5ee7f5b612640ecccbde1f9584f0a97aebc090cb58f73e9e079ced87b059526a6614b5a9ad5a23ff4863d36adcc1ed699583e058fac3330e
   速度: 0.00KB/s <= 50KB/s | 数据量: 0.0KB | 总耗时: 1.21s
[2026-02-03 17:00:39] ⚠️ 仅读取 0.3KB 数据: https://ali-m-l.cztv.com/channels/lantian/channel004/1080p.m3u8
[2026-02-03 17:00:39] ✅ 测速成功: https://ali-m-l.cztv.com/channels/lantian/channel004/1080p.m3u8
   速度: 291.99KB/s > 50KB/s | 数据量: 0.3KB | 总耗时: 1.63s
[2026-02-03 17:00:40] ⚠️ 仅读取 0.3KB 数据: http://ali-vl.cztv.com/channels/lantian/channel004/360p.m3u8
[2026-02-03 17:00:40] ✅ 测速成功: http://ali-vl.cztv.com/channels/lantian/channel004/360p.m3u8
   速度: 286.13KB/s > 50KB/s | 数据量: 0.3KB | 总耗时: 0.88s
[2026-02-03 17:00:46] ❌ 测速失败: http://live.metshop.top/huya/21059578?cdn=alicdn
   错误: HTTPSConnectionPool(host='live.metshop.top', port=443): Read timed out. (read timeout=5) | 域名: live.metshop.top:80
[2026-02-03 17:00:47] ⚠️ 仅读取 0.7KB 数据: http://live.shaoxing.com.cn/video/s10001-sxtv3/index.m3u8
[2026-02-03 17:00:47] ✅ 测速成功: http://live.shaoxing.com.cn/video/s10001-sxtv3/index.m3u8
   速度: 681.64KB/s > 50KB/s | 数据量: 0.7KB | 总耗时: 0.92s
[2026-02-03 17:00:47] ⚠️ 仅读取 0.6KB 数据: https://stream.ads.ottera.tv/playlist.m3u8?network_id=743
[2026-02-03 17:00:47] ✅ 测速成功: https://stream.ads.ottera.tv/playlist.m3u8?network_id=743
   速度: 636.72KB/s > 50KB/s | 数据量: 0.6KB | 总耗时: 0.17s
[2026-02-03 17:00:47] ⚠️ 仅读取 1.4KB 数据: https://other.ottiptv.cc/cwjd.m3u8
[2026-02-03 17:00:47] ✅ 测速成功: https://other.ottiptv.cc/cwjd.m3u8
   速度: 1392.58KB/s > 50KB/s | 数据量: 1.4KB | 总耗时: 0.58s
[2026-02-03 17:00:48] ⚠️ 仅读取 0.0KB 数据: http://111.31.106.140/downflv.brtvcloud.com/8klive/8kliveok.m3u8
[2026-02-03 17:00:48] ⚠️ 速度不足: http://111.31.106.140/downflv.brtvcloud.com/8klive/8kliveok.m3u8
   速度: 0.00KB/s <= 50KB/s | 数据量: 0.0KB | 总耗时: 0.60s
[2026-02-03 17:00:49] ⚠️ 仅读取 0.0KB 数据: https://gdcucc.v1.mk/gdcucc/brtv8k.m3u8
[2026-02-03 17:00:49] ⚠️ 速度不足: https://gdcucc.v1.mk/gdcucc/brtv8k.m3u8
   速度: 0.00KB/s <= 50KB/s | 数据量: 0.0KB | 总耗时: 1.39s
[2026-02-03 17:00:51] ⚠️ 仅读取 0.3KB 数据: https://tencentplay.gztv.com/live/nanguodushi.m3u8?txSecret=550af55c0ea34ce492748481415b6dfa&txTime=1903e7b17de
[2026-02-03 17:00:51] ✅ 测速成功: https://tencentplay.gztv.com/live/nanguodushi.m3u8?txSecret=550af55c0ea34ce492748481415b6dfa&txTime=1903e7b17de
   速度: 300.78KB/s > 50KB/s | 数据量: 0.3KB | 总耗时: 1.61s
[2026-02-03 17:00:53] ✅ 测速成功: https://live.metshop.top/huya/11342413
   速度: 1419.48KB/s > 50KB/s | 数据量: 104.0KB | 总耗时: 2.11s
[2026-02-03 17:00:53] ⚠️ 仅读取 6.7KB 数据: https://live.iill.top/huya/11342413
[2026-02-03 17:00:53] ✅ 测速成功: https://live.iill.top/huya/11342413
   速度: 6708.98KB/s > 50KB/s | 数据量: 6.7KB | 总耗时: 0.31s
[2026-02-03 17:00:54] ⚠️ 仅读取 0.6KB 数据: http://nklive.nbs.cn/hls/e0981f3f-1a20-4a59-b8d1-17feb83a4610/index.m3u8
[2026-02-03 17:00:54] ✅ 测速成功: http://nklive.nbs.cn/hls/e0981f3f-1a20-4a59-b8d1-17feb83a4610/index.m3u8
   速度: 559.57KB/s > 50KB/s | 数据量: 0.6KB | 总耗时: 0.87s
[2026-02-03 17:00:55] ⚠️ 仅读取 0.1KB 数据: http://ebsonairios.ebs.co.kr/ebsutablet500k/tablet500k/playlist.m3u8
[2026-02-03 17:00:55] ✅ 测速成功: http://ebsonairios.ebs.co.kr/ebsutablet500k/tablet500k/playlist.m3u8
   速度: 122.07KB/s > 50KB/s | 数据量: 0.1KB | 总耗时: 1.27s
[2026-02-03 17:00:57] ⚠️ 仅读取 0.8KB 数据: https://ls.qingting.fm/live/4972/64k.m3u8
[2026-02-03 17:00:57] ✅ 测速成功: https://ls.qingting.fm/live/4972/64k.m3u8
   速度: 770.51KB/s > 50KB/s | 数据量: 0.8KB | 总耗时: 1.70s
[2026-02-03 17:01:04] ⚠️ 仅读取 2.8KB 数据: http://cdn2.132.us.kg/live/gdzj/stream.m3u8
[2026-02-03 17:01:04] ✅ 测速成功: http://cdn2.132.us.kg/live/gdzj/stream.m3u8
   速度: 2836.91KB/s > 50KB/s | 数据量: 2.8KB | 总耗时: 6.35s
[2026-02-03 17:01:04] ⚠️ 仅读取 2.8KB 数据: http://cdn2.163189.xyz/live/gdzj/stream.m3u8
[2026-02-03 17:01:04] ✅ 测速成功: http://cdn2.163189.xyz/live/gdzj/stream.m3u8
   速度: 2836.91KB/s > 50KB/s | 数据量: 2.8KB | 总耗时: 0.63s
[2026-02-03 17:01:06] ⚠️ 仅读取 0.3KB 数据: https://liveout.xntv.tv/a65jur/96iln2.m3u8
[2026-02-03 17:01:06] ✅ 测速成功: https://liveout.xntv.tv/a65jur/96iln2.m3u8
   速度: 266.60KB/s > 50KB/s | 数据量: 0.3KB | 总耗时: 1.76s
[2026-02-03 17:01:06] ⚠️ 仅读取 0.4KB 数据: http://123.146.162.24:8017/c2F0hmi/1000/live.m3u8
[2026-02-03 17:01:06] ✅ 测速成功: http://123.146.162.24:8017/c2F0hmi/1000/live.m3u8
   速度: 444.34KB/s > 50KB/s | 数据量: 0.4KB | 总耗时: 0.53s
[2026-02-03 17:01:07] ⚠️ 仅读取 0.8KB 数据: http://ls.qingting.fm/live/4885.m3u8
[2026-02-03 17:01:07] ✅ 测速成功: http://ls.qingting.fm/live/4885.m3u8
   速度: 793.95KB/s > 50KB/s | 数据量: 0.8KB | 总耗时: 0.56s
[2026-02-03 17:01:13] ❌ 测速失败: https://satellitepull.cnr.cn/live/wx32dycjgb/playlist.m3u8
   错误: HTTPSConnectionPool(host='satellitepull.cnr.cn', port=443): Read timed out. (read timeout=5) | 域名: satellitepull.cnr.cn:443
[2026-02-03 17:01:16] ⚠️ 仅读取 0.4KB 数据: https://stream.sun0769.com/dgrtv1/mp4tv1_800/index.m3u8
[2026-02-03 17:01:16] ✅ 测速成功: https://stream.sun0769.com/dgrtv1/mp4tv1_800/index.m3u8
   速度: 369.14KB/s > 50KB/s | 数据量: 0.4KB | 总耗时: 2.73s
[2026-02-03 17:01:16] ⚠️ 仅读取 2.1KB 数据: http://tvpull.dxhmt.cn:9081/tv/11122-1.m3u8?%E5%85%B3%E6%B3%A8%E5%BE%AE%E4%BF%A1%E5%85%AC%E4%BC%97%E5%8F%B7[%E6%99%B4%E5%9B%AD]
[2026-02-03 17:01:16] ✅ 测速成功: http://tvpull.dxhmt.cn:9081/tv/11122-1.m3u8?%E5%85%B3%E6%B3%A8%E5%BE%AE%E4%BF%A1%E5%85%AC%E4%BC%97%E5%8F%B7[%E6%99%B4%E5%9B%AD]
   速度: 2143.55KB/s > 50KB/s | 数据量: 2.1KB | 总耗时: 0.81s
[2026-02-03 17:01:17] ⚠️ 仅读取 0.4KB 数据: http://stream10.jlntv.cn/jiutaitv/sd/live.m3u8
[2026-02-03 17:01:17] ✅ 测速成功: http://stream10.jlntv.cn/jiutaitv/sd/live.m3u8
   速度: 375.00KB/s > 50KB/s | 数据量: 0.4KB | 总耗时: 1.02s
[2026-02-03 17:01:20] ⚠️ 仅读取 0.3KB 数据: https://hwapi.yntv.net/62hdvf/q9vs1b.m3u8
[2026-02-03 17:01:20] ✅ 测速成功: https://hwapi.yntv.net/62hdvf/q9vs1b.m3u8
   速度: 265.62KB/s > 50KB/s | 数据量: 0.3KB | 总耗时: 2.20s
[2026-02-03 17:01:23] ⚠️ 仅读取 0.3KB 数据: http://tvfile.jyrmt.cn/nmip-media/channellive/channel104452/playlist.m3u8
[2026-02-03 17:01:23] ✅ 测速成功: http://tvfile.jyrmt.cn/nmip-media/channellive/channel104452/playlist.m3u8
   速度: 265.62KB/s > 50KB/s | 数据量: 0.3KB | 总耗时: 3.26s
[2026-02-03 17:01:24] ⚠️ 仅读取 0.2KB 数据: http://zbbf2.ahbztv.com/live/418.m3u8
[2026-02-03 17:01:24] ✅ 测速成功: http://zbbf2.ahbztv.com/live/418.m3u8
   速度: 228.52KB/s > 50KB/s | 数据量: 0.2KB | 总耗时: 0.92s
[2026-02-03 17:01:25] ⚠️ 仅读取 0.2KB 数据: http://live.sfrmt.com:85/live/zhpd.m3u8?zsicd
[2026-02-03 17:01:25] ⚠️ 速度不足: http://live.sfrmt.com:85/live/zhpd.m3u8?zsicd
   速度: 0.77KB/s <= 50KB/s | 数据量: 0.2KB | 总耗时: 1.26s
[2026-02-03 17:01:27] ⚠️ 仅读取 0.8KB 数据: https://play.scrstv.com.cn/DT/live.m3u8?auth_key=60001724663204-0-0-c1cc4ded9841ac34f63cdbd3aec647ef
[2026-02-03 17:01:27] ✅ 测速成功: https://play.scrstv.com.cn/DT/live.m3u8?auth_key=60001724663204-0-0-c1cc4ded9841ac34f63cdbd3aec647ef
   速度: 761.72KB/s > 50KB/s | 数据量: 0.8KB | 总耗时: 2.08s
[2026-02-03 17:01:29] ⚠️ 仅读取 0.5KB 数据: https://jwcdnqx.hebyun.com.cn/live/rqtv1/1500k/tzwj_video.m3u8
[2026-02-03 17:01:29] ✅ 测速成功: https://jwcdnqx.hebyun.com.cn/live/rqtv1/1500k/tzwj_video.m3u8
   速度: 499.02KB/s > 50KB/s | 数据量: 0.5KB | 总耗时: 1.87s
[2026-02-03 17:01:31] ⚠️ 仅读取 0.3KB 数据: https://l.cztvcloud.com/channels/lantian/SXyuyao2/720p.m3u8
[2026-02-03 17:01:31] ✅ 测速成功: https://l.cztvcloud.com/channels/lantian/SXyuyao2/720p.m3u8
   速度: 289.06KB/s > 50KB/s | 数据量: 0.3KB | 总耗时: 1.89s
[2026-02-03 17:01:32] ⚠️ 仅读取 0.7KB 数据: http://p2hs.vzan.com/720020/432453820030502236/live.m3u8
[2026-02-03 17:01:32] ✅ 测速成功: http://p2hs.vzan.com/720020/432453820030502236/live.m3u8
   速度: 677.73KB/s > 50KB/s | 数据量: 0.7KB | 总耗时: 1.34s
[2026-02-03 17:01:34] ⚠️ 仅读取 0.3KB 数据: https://m3u8.channel.dzsm.com/nmip-media/channellive/channel105549/playlist.m3u8
[2026-02-03 17:01:34] ✅ 测速成功: https://m3u8.channel.dzsm.com/nmip-media/channellive/channel105549/playlist.m3u8
   速度: 271.48KB/s > 50KB/s | 数据量: 0.3KB | 总耗时: 1.81s
[2026-02-03 17:01:36] ⚠️ 仅读取 0.4KB 数据: https://brtv-radiolive.rbc.cn/alive/fm945.m3u8
[2026-02-03 17:01:36] ✅ 测速成功: https://brtv-radiolive.rbc.cn/alive/fm945.m3u8
   速度: 427.73KB/s > 50KB/s | 数据量: 0.4KB | 总耗时: 1.68s
[2026-02-03 17:01:37] ⚠️ 仅读取 0.3KB 数据: https://wstvcpudali.v.myalicdn.com/wstvcpud/udrmbtv7_1/index.m3u8?adapt=0&BR=audio
[2026-02-03 17:01:37] ✅ 测速成功: https://wstvcpudali.v.myalicdn.com/wstvcpud/udrmbtv7_1/index.m3u8?adapt=0&BR=audio
   速度: 265.62KB/s > 50KB/s | 数据量: 0.3KB | 总耗时: 1.55s
[2026-02-03 17:01:38] ✅ 测速成功: http://player.cntv.cn/standard/live_HLSDRM20180606.swf?ChannelID=btv3&P2PChannelID=pd://cctv_p2p_hdbtv3
   速度: 18867.93KB/s > 50KB/s | 数据量: 104.0KB | 总耗时: 0.60s
[2026-02-03 17:01:41] ❌ 测速失败: https://live.gxrb.com.cn/gx/beihai/index.m3u8
   错误: HTTPSConnectionPool(host='live.gxrb.com.cn', port=443): Max retries exceeded with url: /gx/beihai/index.m3u8 (Caused by ConnectTimeoutError(<HTTPSConnection(host='live.gxrb.com.cn', port=443) at 0x7f8f1b4df9a0>, 'Connection to live.gxrb.com.cn timed out. (connect timeout=3.05)')) | 域名: live.gxrb.com.cn:443
[2026-02-03 17:01:43] ⚠️ 仅读取 0.3KB 数据: http://tencentplay.gztv.com/live/nanguodushi.m3u8?txSecret=140110ae3d6c936a77f94c4f4d85b0d3&txTime=18d57929bd4
[2026-02-03 17:01:43] ✅ 测速成功: http://tencentplay.gztv.com/live/nanguodushi.m3u8?txSecret=140110ae3d6c936a77f94c4f4d85b0d3&txTime=18d57929bd4
   速度: 300.78KB/s > 50KB/s | 数据量: 0.3KB | 总耗时: 1.19s
[2026-02-03 17:01:44] ⚠️ 仅读取 0.3KB 数据: http://615bbf179ba53515dccad7b1da5d1ad9.livehwc3.cn/hls.nntv.cn/nnlive/WLSH_24.m3u8?sub_m3u8=true&edge_slice=true&user_session_id=2598844eaee8a4265e706fc14b3fc11d
[2026-02-03 17:01:44] ✅ 测速成功: http://615bbf179ba53515dccad7b1da5d1ad9.livehwc3.cn/hls.nntv.cn/nnlive/WLSH_24.m3u8?sub_m3u8=true&edge_slice=true&user_session_id=2598844eaee8a4265e706fc14b3fc11d
   速度: 268.55KB/s > 50KB/s | 数据量: 0.3KB | 总耗时: 1.24s
[2026-02-03 17:01:44] ⚠️ 仅读取 0.3KB 数据: http://pili-live-hls.ybcxjd.com/jdh-live/2108111201035597.m3u8?zsicd
[2026-02-03 17:01:44] ✅ 测速成功: http://pili-live-hls.ybcxjd.com/jdh-live/2108111201035597.m3u8?zsicd
   速度: 259.77KB/s > 50KB/s | 数据量: 0.3KB | 总耗时: 0.46s
[2026-02-03 17:01:46] ⚠️ 仅读取 0.3KB 数据: https://m3u8channel-bx.yunxya.com/nmip-media/channellive/channel104666/playlist.m3u8
[2026-02-03 17:01:46] ✅ 测速成功: https://m3u8channel-bx.yunxya.com/nmip-media/channellive/channel104666/playlist.m3u8
   速度: 271.48KB/s > 50KB/s | 数据量: 0.3KB | 总耗时: 1.86s
[2026-02-03 17:01:49] ⚠️ 仅读取 0.2KB 数据: https://l2fpdktp.live.sxmty.com/live/hls/e4c3b363cc4549788e2d983f403e07db/d99ce1eb686e41b9afc888110bd95aa7.m3u8?zshanxd
[2026-02-03 17:01:49] ✅ 测速成功: https://l2fpdktp.live.sxmty.com/live/hls/e4c3b363cc4549788e2d983f403e07db/d99ce1eb686e41b9afc888110bd95aa7.m3u8?zshanxd
   速度: 160.16KB/s > 50KB/s | 数据量: 0.2KB | 总耗时: 2.45s
[2026-02-03 17:01:50] ⚠️ 仅读取 0.2KB 数据: http://jrlive.jrntv.com/live/_definst_/dangjians/playlist.m3u8?%E5%85%B3%E6%B3%A8%E5%BE%AE%E4%BF%A1%E5%85%AC%E4%BC%97%E5%8F%B7[%E6%99%B4%E5%9B%AD]
[2026-02-03 17:01:50] ⚠️ 速度不足: http://jrlive.jrntv.com/live/_definst_/dangjians/playlist.m3u8?%E5%85%B3%E6%B3%A8%E5%BE%AE%E4%BF%A1%E5%85%AC%E4%BC%97%E5%8F%B7[%E6%99%B4%E5%9B%AD]
   速度: 10.38KB/s <= 50KB/s | 数据量: 0.2KB | 总耗时: 1.73s
[2026-02-03 17:01:53] ⚠️ 仅读取 0.3KB 数据: http://file.loulannews.cn/nmip-media/channellive/channel103824/playlist.m3u8
[2026-02-03 17:01:53] ✅ 测速成功: http://file.loulannews.cn/nmip-media/channellive/channel103824/playlist.m3u8
   速度: 271.48KB/s > 50KB/s | 数据量: 0.3KB | 总耗时: 2.37s
[2026-02-03 17:01:54] ⚠️ 仅读取 0.4KB 数据: http://live.kanwz.net/ggpd/sd/live.m3u8
[2026-02-03 17:01:54] ✅ 测速成功: http://live.kanwz.net/ggpd/sd/live.m3u8
   速度: 370.12KB/s > 50KB/s | 数据量: 0.4KB | 总耗时: 1.44s
[2026-02-03 17:01:57] ✅ 测速成功: https://tvpull.hmgbtv.com/hmtv/channel9cd66b3d5d258b2b.flv
   速度: 405.87KB/s > 50KB/s | 数据量: 104.0KB | 总耗时: 3.09s
[2026-02-03 17:02:07] ❌ 测速失败: http://live.daningtv.com/aac_dngb/playlist.m3u8
   错误: HTTPConnectionPool(host='live.daningtv.com', port=80): Max retries exceeded with url: /aac_dngb/playlist.m3u8 (Caused by NameResolutionError("HTTPConnection(host='live.daningtv.com', port=80): Failed to resolve 'live.daningtv.com' ([Errno -3] Temporary failure in name resolution)")) | 域名: live.daningtv.com:80
[2026-02-03 17:02:10] ⚠️ 仅读取 0.2KB 数据: https://play.kankanlive.com/live/1656487214793905.m3u8
[2026-02-03 17:02:10] ✅ 测速成功: https://play.kankanlive.com/live/1656487214793905.m3u8
   速度: 250.00KB/s > 50KB/s | 数据量: 0.2KB | 总耗时: 2.48s
[2026-02-03 17:02:12] ⚠️ 仅读取 0.7KB 数据: http://p2.vzan.com/slowlive/596867413819827251/live.m3u8
[2026-02-03 17:02:12] ✅ 测速成功: http://p2.vzan.com/slowlive/596867413819827251/live.m3u8
   速度: 694.34KB/s > 50KB/s | 数据量: 0.7KB | 总耗时: 1.83s
[2026-02-03 17:02:13] ⚠️ 仅读取 0.7KB 数据: https://p2.vzan.com/slowlive/596867413819827251/live.m3u8?zbid=1725814272&amp;tpid=1516989100&amp;type=0
[2026-02-03 17:02:13] ✅ 测速成功: https://p2.vzan.com/slowlive/596867413819827251/live.m3u8?zbid=1725814272&amp;tpid=1516989100&amp;type=0
   速度: 698.24KB/s > 50KB/s | 数据量: 0.7KB | 总耗时: 1.05s
[2026-02-03 17:02:16] ❌ 测速失败: http://tvfile.jjrm.org.cn/nmip-media/channellive/channel106282/playlist.m3u8?zsicd
   错误: HTTPConnectionPool(host='tvfile.jjrm.org.cn', port=80): Max retries exceeded with url: /nmip-media/channellive/channel106282/playlist.m3u8?zsicd (Caused by ConnectTimeoutError(<HTTPConnection(host='tvfile.jjrm.org.cn', port=80) at 0x7f8f1b4df610>, 'Connection to tvfile.jjrm.org.cn timed out. (connect timeout=3.05)')) | 域名: tvfile.jjrm.org.cn:80
[2026-02-03 17:02:19] ⚠️ 仅读取 0.2KB 数据: http://hplayer1.juyun.tv/camera/154379194.m3u8
[2026-02-03 17:02:19] ✅ 测速成功: http://hplayer1.juyun.tv/camera/154379194.m3u8
   速度: 239.26KB/s > 50KB/s | 数据量: 0.2KB | 总耗时: 2.18s
[2026-02-03 17:02:21] ⚠️ 仅读取 0.4KB 数据: http://lbyzztfe.live.sxmty.com/live/hls/645ff4c60e0a49f0a203abbd73dd8be9/0720e665f10f48e98c9639f4f492fb4a-1.m3u8?zshanxd
[2026-02-03 17:02:21] ✅ 测速成功: http://lbyzztfe.live.sxmty.com/live/hls/645ff4c60e0a49f0a203abbd73dd8be9/0720e665f10f48e98c9639f4f492fb4a-1.m3u8?zshanxd
   速度: 437.50KB/s > 50KB/s | 数据量: 0.4KB | 总耗时: 2.80s
[2026-02-03 17:02:22] ⚠️ 仅读取 0.3KB 数据: http://yixing-tv-ori-hls.jstv.com/yixing-tv-ori/yixing_xw.m3u8
[2026-02-03 17:02:22] ✅ 测速成功: http://yixing-tv-ori-hls.jstv.com/yixing-tv-ori/yixing_xw.m3u8
   速度: 257.81KB/s > 50KB/s | 数据量: 0.3KB | 总耗时: 0.43s
[2026-02-03 17:02:23] ⚠️ 仅读取 0.2KB 数据: http://pulls.myun.tv/live/0dkp33j5.m3u8
[2026-02-03 17:02:23] ✅ 测速成功: http://pulls.myun.tv/live/0dkp33j5.m3u8
   速度: 232.42KB/s > 50KB/s | 数据量: 0.2KB | 总耗时: 1.43s
[2026-02-03 17:02:24] ⚠️ 仅读取 0.0KB 数据: http://live.ynurl.com/video/s10040-pbzh/index.m3u8?zyund
[2026-02-03 17:02:24] ⚠️ 速度不足: http://live.ynurl.com/video/s10040-pbzh/index.m3u8?zyund
   速度: 0.00KB/s <= 50KB/s | 数据量: 0.0KB | 总耗时: 0.89s
[2026-02-03 17:02:25] ⚠️ 仅读取 1.0KB 数据: http://play-sh13.quklive.com/live/1690167908295069.m3u8?auth_key=2027466211-f190eec410c24473825cbe1d8541e545-0-f21db57ae1b534802c1cf7be86cc3aef
[2026-02-03 17:02:25] ✅ 测速成功: http://play-sh13.quklive.com/live/1690167908295069.m3u8?auth_key=2027466211-f190eec410c24473825cbe1d8541e545-0-f21db57ae1b534802c1cf7be86cc3aef
   速度: 1032.23KB/s > 50KB/s | 数据量: 1.0KB | 总耗时: 0.88s
[2026-02-03 17:02:27] ⚠️ 仅读取 0.4KB 数据: https://tntgjhjb.live.sxmty.com/live/hls/3a4585ac11ec4e1bb07b419101b370c3/baf63e2b313440c2a25d7859f9b73b05-1.m3u8?zshanxd
[2026-02-03 17:02:27] ✅ 测速成功: https://tntgjhjb.live.sxmty.com/live/hls/3a4585ac11ec4e1bb07b419101b370c3/baf63e2b313440c2a25d7859f9b73b05-1.m3u8?zshanxd
   速度: 429.69KB/s > 50KB/s | 数据量: 0.4KB | 总耗时: 1.57s
[2026-02-03 17:02:30] ⚠️ 仅读取 0.2KB 数据: https://hlscdn.liangtv.cn/live/0234c48e0bc24fe1b41b9999a253e581/1075ee38e04f490690f6a36a16e09c79.m3u8
[2026-02-03 17:02:30] ✅ 测速成功: https://hlscdn.liangtv.cn/live/0234c48e0bc24fe1b41b9999a253e581/1075ee38e04f490690f6a36a16e09c79.m3u8
   速度: 179.69KB/s > 50KB/s | 数据量: 0.2KB | 总耗时: 3.44s
[2026-02-03 17:02:31] ⚠️ 仅读取 6.1KB 数据: https://tv.gxtv.cn/channel/channelivePlay_bfa17b64157f11e999f0e41f13b60c62.html
[2026-02-03 17:02:31] ✅ 测速成功: https://tv.gxtv.cn/channel/channelivePlay_bfa17b64157f11e999f0e41f13b60c62.html
   速度: 6068.36KB/s > 50KB/s | 数据量: 6.1KB | 总耗时: 1.26s
[2026-02-03 17:02:33] ⚠️ 仅读取 0.2KB 数据: http://hlscdn.liangtv.cn/live/0234c48e0bc24fe1b41b9999a253e581/1075ee38e04f490690f6a36a16e09c79.m3u8?fbl=
[2026-02-03 17:02:33] ✅ 测速成功: http://hlscdn.liangtv.cn/live/0234c48e0bc24fe1b41b9999a253e581/1075ee38e04f490690f6a36a16e09c79.m3u8?fbl=
   速度: 179.69KB/s > 50KB/s | 数据量: 0.2KB | 总耗时: 1.27s
[2026-02-03 17:02:34] ⚠️ 仅读取 0.1KB 数据: http://stream5.jlntv.cn/wq/playlist.m3u8
[2026-02-03 17:02:34] ✅ 测速成功: http://stream5.jlntv.cn/wq/playlist.m3u8
   速度: 91.80KB/s > 50KB/s | 数据量: 0.1KB | 总耗时: 1.19s
[2026-02-03 17:02:35] ⚠️ 仅读取 0.4KB 数据: http://stream11.jlntv.cn/dehuitv/sd/live.m3u8
[2026-02-03 17:02:35] ✅ 测速成功: http://stream11.jlntv.cn/dehuitv/sd/live.m3u8
   速度: 370.12KB/s > 50KB/s | 数据量: 0.4KB | 总耗时: 1.02s
[2026-02-03 17:02:36] ⚠️ 仅读取 0.1KB 数据: http://stream8.jlntv.cn/dhtv/playlist.m3u8
[2026-02-03 17:02:36] ✅ 测速成功: http://stream8.jlntv.cn/dhtv/playlist.m3u8
   速度: 91.80KB/s > 50KB/s | 数据量: 0.1KB | 总耗时: 1.24s
[2026-02-03 17:02:37] ⚠️ 仅读取 0.3KB 数据: http://m3u8.channel.wsrtv.com.cn/cms/videos/nmip-media/channellive/channel8/playlist.m3u8
[2026-02-03 17:02:37] ✅ 测速成功: http://m3u8.channel.wsrtv.com.cn/cms/videos/nmip-media/channellive/channel8/playlist.m3u8
   速度: 271.48KB/s > 50KB/s | 数据量: 0.3KB | 总耗时: 1.30s
[2026-02-03 17:02:41] ❌ 测速失败: http://live.xysrmt.cn/xwzh/sd/live.m3u8?zjiangsd"
   错误: HTTPConnectionPool(host='live.xysrmt.cn', port=80): Max retries exceeded with url: /xwzh/sd/live.m3u8?zjiangsd%22 (Caused by NewConnectionError("HTTPConnection(host='live.xysrmt.cn', port=80): Failed to establish a new connection: [Errno 101] Network is unreachable")) | 域名: live.xysrmt.cn:80
[2026-02-03 17:02:43] ⚠️ 仅读取 0.3KB 数据: https://m3u8channel.yunxya.com/nmip-media/channellive/channel100028/playlist.m3u8
[2026-02-03 17:02:43] ✅ 测速成功: https://m3u8channel.yunxya.com/nmip-media/channellive/channel100028/playlist.m3u8
   速度: 271.48KB/s > 50KB/s | 数据量: 0.3KB | 总耗时: 1.89s
[2026-02-03 17:02:46] ⚠️ 仅读取 7.6KB 数据: https://stream.thmz.com/wxtv2/playlist.m3u8
[2026-02-03 17:02:46] ✅ 测速成功: https://stream.thmz.com/wxtv2/playlist.m3u8
   速度: 7552.73KB/s > 50KB/s | 数据量: 7.6KB | 总耗时: 2.97s
[2026-02-03 17:02:47] ⚠️ 仅读取 7.6KB 数据: http://stream.thmz.com/wxtv2/sd/live.m3u8
[2026-02-03 17:02:47] ✅ 测速成功: http://stream.thmz.com/wxtv2/sd/live.m3u8
   速度: 7552.73KB/s > 50KB/s | 数据量: 7.6KB | 总耗时: 0.83s
[2026-02-03 17:02:49] ⚠️ 仅读取 0.4KB 数据: https://zb-live.ynurl.com/yimen/3b75a2f9-7941-46b7-992d-a9796fbca5fe.m3u8
[2026-02-03 17:02:49] ✅ 测速成功: https://zb-live.ynurl.com/yimen/3b75a2f9-7941-46b7-992d-a9796fbca5fe.m3u8
   速度: 374.02KB/s > 50KB/s | 数据量: 0.4KB | 总耗时: 1.73s
[2026-02-03 17:02:50] ⚠️ 仅读取 0.1KB 数据: http://zb.gxlbamc.com:1935/live/lbzh.stream/playlist.m3u8
[2026-02-03 17:02:50] ⚠️ 速度不足: http://zb.gxlbamc.com:1935/live/lbzh.stream/playlist.m3u8
   速度: 0.47KB/s <= 50KB/s | 数据量: 0.1KB | 总耗时: 1.48s
[2026-02-03 17:02:52] ⚠️ 仅读取 0.3KB 数据: https://dxtx.hntv.tv/live/lypd.m3u8?txSecret=10c771842a0be59e8b575d765173ec96&txTime=7B923E0A&wsSecret=41543190cdf375f1c73207222bb96542&wsTime=1769313549
[2026-02-03 17:02:52] ✅ 测速成功: https://dxtx.hntv.tv/live/lypd.m3u8?txSecret=10c771842a0be59e8b575d765173ec96&txTime=7B923E0A&wsSecret=41543190cdf375f1c73207222bb96542&wsTime=1769313549
   速度: 280.27KB/s > 50KB/s | 数据量: 0.3KB | 总耗时: 1.73s
[2026-02-03 17:02:55] ⚠️ 仅读取 0.2KB 数据: http://uzoiczhh.live.sxmty.com/live/hls/0d41f1480c4042d49927858f01fde707/53130407737b417b9a6259b57246bae3.m3u8?zshanxd
[2026-02-03 17:02:55] ✅ 测速成功: http://uzoiczhh.live.sxmty.com/live/hls/0d41f1480c4042d49927858f01fde707/53130407737b417b9a6259b57246bae3.m3u8?zshanxd
   速度: 178.71KB/s > 50KB/s | 数据量: 0.2KB | 总耗时: 3.38s
[2026-02-03 17:02:59] ⚠️ 仅读取 0.2KB 数据: https://tvpull.smartwq.cn/wqlive/convergencemedia/playlist.m3u8?ztianjd
[2026-02-03 17:02:59] ✅ 测速成功: https://tvpull.smartwq.cn/wqlive/convergencemedia/playlist.m3u8?ztianjd
   速度: 220.70KB/s > 50KB/s | 数据量: 0.2KB | 总耗时: 3.55s
[2026-02-03 17:03:00] ⚠️ 仅读取 0.3KB 数据: https://live.wjyanghu.com/live/CH1.m3u8
[2026-02-03 17:03:00] ✅ 测速成功: https://live.wjyanghu.com/live/CH1.m3u8
   速度: 268.55KB/s > 50KB/s | 数据量: 0.3KB | 总耗时: 1.21s
[2026-02-03 17:03:01] ⚠️ 仅读取 0.3KB 数据: http://59.175.226.142:280/gb28181/xwzh.m3u8?zhubd
[2026-02-03 17:03:01] ⚠️ 速度不足: http://59.175.226.142:280/gb28181/xwzh.m3u8?zhubd
   速度: 0.90KB/s <= 50KB/s | 数据量: 0.3KB | 总耗时: 0.83s
[2026-02-03 17:03:02] ⚠️ 仅读取 0.2KB 数据: http://live.iwcmt.cn:90/live/zhxw.m3u8
[2026-02-03 17:03:02] ⚠️ 速度不足: http://live.iwcmt.cn:90/live/zhxw.m3u8
   速度: 0.76KB/s <= 50KB/s | 数据量: 0.2KB | 总耗时: 1.37s
[2026-02-03 17:03:04] ⚠️ 仅读取 0.3KB 数据: http://file.ysxtv.cn/cms/videos/nmip-media/channellive/channel4/playlist.m3u8?zsicd
[2026-02-03 17:03:04] ✅ 测速成功: http://file.ysxtv.cn/cms/videos/nmip-media/channellive/channel4/playlist.m3u8?zsicd
   速度: 265.62KB/s > 50KB/s | 数据量: 0.3KB | 总耗时: 1.59s
[2026-02-03 17:03:10] RTMP检测成功: rtmp://tv.mcrm.org.cn:1935/channellive/tv01
[2026-02-03 17:03:12] ⚠️ 仅读取 0.2KB 数据: https://qmmqvzoz.live.sxmty.com/live/hls/f24f8a390c084386a564074c9260100c/be3fdf07606145739ab2c4b80fe0136a.m3u8?zshanxd
[2026-02-03 17:03:12] ✅ 测速成功: https://qmmqvzoz.live.sxmty.com/live/hls/f24f8a390c084386a564074c9260100c/be3fdf07606145739ab2c4b80fe0136a.m3u8?zshanxd
   速度: 179.69KB/s > 50KB/s | 数据量: 0.2KB | 总耗时: 2.01s
[2026-02-03 17:03:12] ⚠️ 仅读取 0.2KB 数据: https://shuyang-tv-hls.cm.jstv.com:443/shuyang-tv/shuyangzh.m3u8
[2026-02-03 17:03:12] ✅ 测速成功: https://shuyang-tv-hls.cm.jstv.com:443/shuyang-tv/shuyangzh.m3u8
   速度: 160.16KB/s > 50KB/s | 数据量: 0.2KB | 总耗时: 0.96s
[2026-02-03 17:03:14] ⚠️ 仅读取 0.3KB 数据: https://radio.pull.hebtv.com/live/hebnczx.m3u8
[2026-02-03 17:03:14] ✅ 测速成功: https://radio.pull.hebtv.com/live/hebnczx.m3u8
   速度: 339.84KB/s > 50KB/s | 数据量: 0.3KB | 总耗时: 1.64s
[2026-02-03 17:03:17] ❌ 测速失败: http://live1.habctv.com/ggpdsl/sd/live.m3u8?zjiangsd
   错误: HTTPConnectionPool(host='live1.habctv.com', port=80): Max retries exceeded with url: /ggpdsl/sd/live.m3u8?zjiangsd (Caused by NewConnectionError("HTTPConnection(host='live1.habctv.com', port=80): Failed to establish a new connection: [Errno 101] Network is unreachable")) | 域名: live1.habctv.com:80
[2026-02-03 17:03:18] ⚠️ 仅读取 0.8KB 数据: http://3739115337.cloudvdn.com/a.m3u8?domain=siyang-tv-hls.cm.jstv.com&player=nwEAAKHdjSKP_58X&secondToken=secondToken%3A5FUijZmDyNMxtCDdne0YzSAwjuw&streamid=siyang-tv%3Asiyang-tv%2Fsiyangzh&v3=1
[2026-02-03 17:03:18] ✅ 测速成功: http://3739115337.cloudvdn.com/a.m3u8?domain=siyang-tv-hls.cm.jstv.com&player=nwEAAKHdjSKP_58X&secondToken=secondToken%3A5FUijZmDyNMxtCDdne0YzSAwjuw&streamid=siyang-tv%3Asiyang-tv%2Fsiyangzh&v3=1
   速度: 755.86KB/s > 50KB/s | 数据量: 0.8KB | 总耗时: 0.68s
[2026-02-03 17:03:22] ❌ 测速失败: http://lxfile.lxxcb.cn/nmip-media/channellive/channel103799/playlist.m3u8
   错误: HTTPConnectionPool(host='lxfile.lxxcb.cn', port=80): Max retries exceeded with url: /nmip-media/channellive/channel103799/playlist.m3u8 (Caused by NewConnectionError("HTTPConnection(host='lxfile.lxxcb.cn', port=80): Failed to establish a new connection: [Errno 101] Network is unreachable")) | 域名: lxfile.lxxcb.cn:80
[2026-02-03 17:03:24] ⚠️ 仅读取 0.3KB 数据: https://m3u8channel.ganzitv.com/nmip-media/channellive/channel1/playlist.m3u8
[2026-02-03 17:03:24] ✅ 测速成功: https://m3u8channel.ganzitv.com/nmip-media/channellive/channel1/playlist.m3u8
   速度: 271.48KB/s > 50KB/s | 数据量: 0.3KB | 总耗时: 1.86s
[2026-02-03 17:03:30] ❌ 测速失败: http://play.jinnantv.top/live/JNTV1.m3u8?ztianjd
   错误: HTTPConnectionPool(host='play.jinnantv.top', port=80): Read timed out. (read timeout=5) | 域名: play.jinnantv.top:80
[2026-02-03 17:03:31] ⚠️ 仅读取 0.7KB 数据: https://p2hs.vzan.com/slowlive/317913155078575177/live.m3u8
[2026-02-03 17:03:31] ✅ 测速成功: https://p2hs.vzan.com/slowlive/317913155078575177/live.m3u8
   速度: 681.64KB/s > 50KB/s | 数据量: 0.7KB | 总耗时: 1.58s
[2026-02-03 17:03:33] ⚠️ 仅读取 0.2KB 数据: https://lianshui-tv-hls.cm.jstv.com:443/lianshui-tv/lsxw.m3u8
[2026-02-03 17:03:33] ✅ 测速成功: https://lianshui-tv-hls.cm.jstv.com:443/lianshui-tv/lsxw.m3u8
   速度: 160.16KB/s > 50KB/s | 数据量: 0.2KB | 总耗时: 1.14s
[2026-02-03 17:03:33] ⚠️ 仅读取 0.2KB 数据: http://lianshui-tv-hls.cm.jstv.com/lianshui-tv/lsxw.m3u8?zjiangsd
[2026-02-03 17:03:33] ✅ 测速成功: http://lianshui-tv-hls.cm.jstv.com/lianshui-tv/lsxw.m3u8?zjiangsd
   速度: 160.16KB/s > 50KB/s | 数据量: 0.2KB | 总耗时: 0.54s
[2026-02-03 17:03:34] ⚠️ 仅读取 0.4KB 数据: https://huaiyin-tv-replay.cm.jstv.com/huaiyin-tv/huaiyinf.m3u8
[2026-02-03 17:03:34] ✅ 测速成功: https://huaiyin-tv-replay.cm.jstv.com/huaiyin-tv/huaiyinf.m3u8
   速度: 431.64KB/s > 50KB/s | 数据量: 0.4KB | 总耗时: 1.25s
[2026-02-03 17:03:36] ⚠️ 仅读取 1.1KB 数据: http://hzcm-live.media.hugd.com/1e6b554b9ab74513958c0e1ffe664d22/9acaa7634309494cb29a85eb12136607.m3u8?auth_key=2272900830-9a2389b8bf4e49d580d4ad807423d326-0-ea78a5c7a678c436263582d368f5009e
[2026-02-03 17:03:36] ✅ 测速成功: http://hzcm-live.media.hugd.com/1e6b554b9ab74513958c0e1ffe664d22/9acaa7634309494cb29a85eb12136607.m3u8?auth_key=2272900830-9a2389b8bf4e49d580d4ad807423d326-0-ea78a5c7a678c436263582d368f5009e
   速度: 1119.14KB/s > 50KB/s | 数据量: 1.1KB | 总耗时: 1.47s
[2026-02-03 17:03:37] ⚠️ 仅读取 1.1KB 数据: https://hzcm-live.media.hugd.com/613c47f0ab0d4eaa98b21378d0db6ded/0051d31c9dd543a7825eea4e49675b2a.m3u8?auth_key=2277598059-0a5ebfa1c0dc4671b42a60810fc37039-0-fa625b7d1feab612062453c12e3c8887
[2026-02-03 17:03:37] ✅ 测速成功: https://hzcm-live.media.hugd.com/613c47f0ab0d4eaa98b21378d0db6ded/0051d31c9dd543a7825eea4e49675b2a.m3u8?auth_key=2277598059-0a5ebfa1c0dc4671b42a60810fc37039-0-fa625b7d1feab612062453c12e3c8887
   速度: 1119.14KB/s > 50KB/s | 数据量: 1.1KB | 总耗时: 1.24s
[2026-02-03 17:03:39] ⚠️ 仅读取 0.1KB 数据: http://traffic.jbh.tjbh.com/live/bhtv10/playlist.m3u8
[2026-02-03 17:03:39] ⚠️ 速度不足: http://traffic.jbh.tjbh.com/live/bhtv10/playlist.m3u8
   速度: 4.51KB/s <= 50KB/s | 数据量: 0.1KB | 总耗时: 1.90s
[2026-02-03 17:03:40] ⚠️ 仅读取 0.2KB 数据: http://live.cms.anhuinews.com/video/s10003-lbtv/index.m3u8
[2026-02-03 17:03:40] ✅ 测速成功: http://live.cms.anhuinews.com/video/s10003-lbtv/index.m3u8
   速度: 232.42KB/s > 50KB/s | 数据量: 0.2KB | 总耗时: 0.79s
[2026-02-03 17:03:47] ❌ 测速失败: http://live.yantaitv.cn/live/e50f104a4ffe4a41b2217cbda534146f/d86092e69df94668b33390278b061700-1.m3u8
   错误: HTTPConnectionPool(host='live.yantaitv.cn', port=80): Read timed out. (read timeout=5) | 域名: live.yantaitv.cn:80
[2026-02-03 17:03:49] ⚠️ 仅读取 0.2KB 数据: http://ggpagerl.live.sxmty.com/live/hls/b350dc1ac5da45c2b2233f6eb122ddf4/49d3766c7f204685a2a8f027b234c33d.m3u8?zshanxd
[2026-02-03 17:03:49] ✅ 测速成功: http://ggpagerl.live.sxmty.com/live/hls/b350dc1ac5da45c2b2233f6eb122ddf4/49d3766c7f204685a2a8f027b234c33d.m3u8?zshanxd
   速度: 176.76KB/s > 50KB/s | 数据量: 0.2KB | 总耗时: 2.09s
[2026-02-03 17:03:50] ⚠️ 仅读取 0.3KB 数据: https://live-auth.51kandianshi.com/szgd/csztv3.m3u8
[2026-02-03 17:03:50] ✅ 测速成功: https://live-auth.51kandianshi.com/szgd/csztv3.m3u8
   速度: 286.13KB/s > 50KB/s | 数据量: 0.3KB | 总耗时: 1.15s
[2026-02-03 17:03:51] ⚠️ 仅读取 0.4KB 数据: http://stream.jmtv.com.cn/xwzh/sd/live.m3u8
[2026-02-03 17:03:51] ✅ 测速成功: http://stream.jmtv.com.cn/xwzh/sd/live.m3u8
   速度: 356.45KB/s > 50KB/s | 数据量: 0.4KB | 总耗时: 1.28s
[2026-02-03 17:03:53] ⚠️ 仅读取 0.1KB 数据: https://stream.jmtv.com.cn/xwzh/playlist.m3u8?_upt=3e28e7271664278691
[2026-02-03 17:03:53] ✅ 测速成功: https://stream.jmtv.com.cn/xwzh/playlist.m3u8?_upt=3e28e7271664278691
   速度: 68.36KB/s > 50KB/s | 数据量: 0.1KB | 总耗时: 1.14s
[2026-02-03 17:03:56] ⚠️ 仅读取 0.3KB 数据: https://m3u8channel-yj.yunxya.com/nmip-media/channellive/channel101140/playlist.m3u8
[2026-02-03 17:03:56] ✅ 测速成功: https://m3u8channel-yj.yunxya.com/nmip-media/channellive/channel101140/playlist.m3u8
   速度: 271.48KB/s > 50KB/s | 数据量: 0.3KB | 总耗时: 3.13s
[2026-02-03 17:03:57] ⚠️ 仅读取 0.3KB 数据: https://file.ysxtv.cn/nmip-media/channellive/channel101492/playlist.m3u8
[2026-02-03 17:03:57] ✅ 测速成功: https://file.ysxtv.cn/nmip-media/channellive/channel101492/playlist.m3u8
   速度: 271.48KB/s > 50KB/s | 数据量: 0.3KB | 总耗时: 1.26s
[2026-02-03 17:03:59] ⚠️ 仅读取 0.4KB 数据: https://liveplay-srs.voc.com.cn/hls/tv/183_554704.m3u8
[2026-02-03 17:03:59] ✅ 测速成功: https://liveplay-srs.voc.com.cn/hls/tv/183_554704.m3u8
   速度: 370.12KB/s > 50KB/s | 数据量: 0.4KB | 总耗时: 1.88s
[2026-02-03 17:04:03] ❌ 测速失败: http://dtrmlive.qhdtrm.cn/xnds/sd/live.m3u8
   错误: HTTPConnectionPool(host='dtrmlive.qhdtrm.cn', port=80): Max retries exceeded with url: /xnds/sd/live.m3u8 (Caused by ConnectTimeoutError(<HTTPConnection(host='dtrmlive.qhdtrm.cn', port=80) at 0x7f8f1b4acaf0>, 'Connection to dtrmlive.qhdtrm.cn timed out. (connect timeout=3.05)')) | 域名: dtrmlive.qhdtrm.cn:80
[2026-02-03 17:04:08] RTMP检测成功: rtmp://liveout.xntv.tv/a65jur/96iln2
[2026-02-03 17:04:08] ⚠️ 仅读取 0.2KB 数据: http://112.46.105.20:8009/hls/28/index.m3u8
[2026-02-03 17:04:08] ✅ 测速成功: http://112.46.105.20:8009/hls/28/index.m3u8
   速度: 235.35KB/s > 50KB/s | 数据量: 0.2KB | 总耗时: 0.60s
[2026-02-03 17:04:10] ⚠️ 仅读取 0.3KB 数据: https://pili-live-hls-sjxgz2024.sobeylive.com/jxgz2024/396_q_live172526334096251.m3u8
[2026-02-03 17:04:10] ✅ 测速成功: https://pili-live-hls-sjxgz2024.sobeylive.com/jxgz2024/396_q_live172526334096251.m3u8
   速度: 275.39KB/s > 50KB/s | 数据量: 0.3KB | 总耗时: 1.43s
[2026-02-03 17:04:11] ⚠️ 仅读取 0.5KB 数据: http://jwplay.hebyun.com.cn/live/xtsrmtzs/1500k/tzwj_video.m3u8
[2026-02-03 17:04:11] ✅ 测速成功: http://jwplay.hebyun.com.cn/live/xtsrmtzs/1500k/tzwj_video.m3u8
   速度: 518.55KB/s > 50KB/s | 数据量: 0.5KB | 总耗时: 1.52s
[2026-02-03 17:04:18] ⚠️ 仅读取 0.3KB 数据: https://m3u8channel-yc.yunxya.com/nmip-media/channellive/channel100103/playlist.m3u8
[2026-02-03 17:04:18] ✅ 测速成功: https://m3u8channel-yc.yunxya.com/nmip-media/channellive/channel100103/playlist.m3u8
   速度: 271.48KB/s > 50KB/s | 数据量: 0.3KB | 总耗时: 7.21s
[2026-02-03 17:04:19] ⚠️ 仅读取 0.0KB 数据: http://stream4.liveyun.hoge.cn/ch02/sd/live.m3u8
[2026-02-03 17:04:19] ⚠️ 速度不足: http://stream4.liveyun.hoge.cn/ch02/sd/live.m3u8
   速度: 0.00KB/s <= 50KB/s | 数据量: 0.0KB | 总耗时: 0.87s
[2026-02-03 17:04:20] ⚠️ 仅读取 0.1KB 数据: http://183.64.174.171:40123/ch1.m3u8
[2026-02-03 17:04:20] ⚠️ 速度不足: http://183.64.174.171:40123/ch1.m3u8
   速度: 0.42KB/s <= 50KB/s | 数据量: 0.1KB | 总耗时: 0.88s
[2026-02-03 17:04:23] ⚠️ 仅读取 0.2KB 数据: http://zjtv-wshls.homecdn.com/live/2aa16.m3u8
[2026-02-03 17:04:23] ✅ 测速成功: http://zjtv-wshls.homecdn.com/live/2aa16.m3u8
   速度: 195.31KB/s > 50KB/s | 数据量: 0.2KB | 总耗时: 2.53s
[2026-02-03 17:04:28] ❌ 测速失败: http://cm-wshls.homecdn.com/live/2aa50.m3u8
   错误: HTTPConnectionPool(host='cm-wshls.homecdn.com', port=80): Read timed out. (read timeout=5) | 域名: cm-wshls.homecdn.com:80
[2026-02-03 17:04:31] ⚠️ 仅读取 0.4KB 数据: https://play.yunxya.com/channellive/xinwen.m3u8
[2026-02-03 17:04:31] ✅ 测速成功: https://play.yunxya.com/channellive/xinwen.m3u8
   速度: 363.28KB/s > 50KB/s | 数据量: 0.4KB | 总耗时: 3.33s
[2026-02-03 17:04:32] ⚠️ 仅读取 0.3KB 数据: http://qcfile.qcrmt.com/nmip-media/channellive/channel100933/playlist.m3u8
[2026-02-03 17:04:32] ✅ 测速成功: http://qcfile.qcrmt.com/nmip-media/channellive/channel100933/playlist.m3u8
   速度: 265.62KB/s > 50KB/s | 数据量: 0.3KB | 总耗时: 0.65s
[2026-02-03 17:04:34] ⚠️ 仅读取 0.4KB 数据: http://hslive.hsnewsnet.com/lsdream/iY92ady/1000/live.m3u8?zanhd
[2026-02-03 17:04:34] ✅ 测速成功: http://hslive.hsnewsnet.com/lsdream/iY92ady/1000/live.m3u8?zanhd
   速度: 355.47KB/s > 50KB/s | 数据量: 0.4KB | 总耗时: 2.02s
[2026-02-03 17:04:35] ⚠️ 仅读取 7.6KB 数据: http://newcntv.qcloudcdn.com/asp/hls/4000/0303000a/3/default/2bdfdad540b342f592f9817cb7f3b79a/4000.m3u8
[2026-02-03 17:04:35] ✅ 测速成功: http://newcntv.qcloudcdn.com/asp/hls/4000/0303000a/3/default/2bdfdad540b342f592f9817cb7f3b79a/4000.m3u8
   速度: 7620.12KB/s > 50KB/s | 数据量: 7.6KB | 总耗时: 1.52s
[2026-02-03 17:04:37] ⚠️ 仅读取 0.1KB 数据: http://12371ksc.v.kcdnvip.com/12371/dangyuanwang_1/index.m3u8
[2026-02-03 17:04:37] ✅ 测速成功: http://12371ksc.v.kcdnvip.com/12371/dangyuanwang_1/index.m3u8
   速度: 107.42KB/s > 50KB/s | 数据量: 0.1KB | 总耗时: 1.74s
[2026-02-03 17:04:38] ⚠️ 仅读取 0.2KB 数据: http://pili-live-hls.hfmt.net/gntv/lttv.m3u8?zgand
[2026-02-03 17:04:38] ✅ 测速成功: http://pili-live-hls.hfmt.net/gntv/lttv.m3u8?zgand
   速度: 238.28KB/s > 50KB/s | 数据量: 0.2KB | 总耗时: 0.47s
[2026-02-03 17:04:38] ⚠️ 仅读取 0.3KB 数据: http://218.84.12.186:8001/hls/main/playlist.m3u8?zxinjd
[2026-02-03 17:04:38] ✅ 测速成功: http://218.84.12.186:8001/hls/main/playlist.m3u8?zxinjd
   速度: 326.17KB/s > 50KB/s | 数据量: 0.3KB | 总耗时: 0.73s
[2026-02-03 17:04:39] ⚠️ 仅读取 0.3KB 数据: http://pili-live-rtmp.luan2.hfmt.net/luan2/xifeng/123456.m3u8?zgand
[2026-02-03 17:04:39] ✅ 测速成功: http://pili-live-rtmp.luan2.hfmt.net/luan2/xifeng/123456.m3u8?zgand
   速度: 257.81KB/s > 50KB/s | 数据量: 0.3KB | 总耗时: 0.41s
[2026-02-03 17:04:41] ⚠️ 仅读取 5.4KB 数据: https://hls.cntv.lxdns.com/asp/hls/2000/0303000a/3/default/f0a47e155d32450daa1d36a04fd7d262/2000.m3u8
[2026-02-03 17:04:41] ✅ 测速成功: https://hls.cntv.lxdns.com/asp/hls/2000/0303000a/3/default/f0a47e155d32450daa1d36a04fd7d262/2000.m3u8
   速度: 5388.67KB/s > 50KB/s | 数据量: 5.4KB | 总耗时: 2.01s
[2026-02-03 17:04:42] ⚠️ 仅读取 5.7KB 数据: https://newcntv.qcloudcdn.com/asp/hls/2000/0303000a/3/default/d2454bbb542d4613a9db478dab2addfd/2000.m3u8
[2026-02-03 17:04:42] ✅ 测速成功: https://newcntv.qcloudcdn.com/asp/hls/2000/0303000a/3/default/d2454bbb542d4613a9db478dab2addfd/2000.m3u8
   速度: 5678.71KB/s > 50KB/s | 数据量: 5.7KB | 总耗时: 1.18s
[2026-02-03 17:04:46] ⚠️ 仅读取 0.2KB 数据: https://ldcctvwbcdks.v.kcdnvip.com/ldcctvwbcd/cdrmldcctv5plus_1/index.m3u8?b=200-2100
[2026-02-03 17:04:46] ✅ 测速成功: https://ldcctvwbcdks.v.kcdnvip.com/ldcctvwbcd/cdrmldcctv5plus_1/index.m3u8?b=200-2100
   速度: 164.06KB/s > 50KB/s | 数据量: 0.2KB | 总耗时: 3.71s
[2026-02-03 17:04:47] ⚠️ 仅读取 1.4KB 数据: https://www.goodiptv.club/douyu/5907076
[2026-02-03 17:04:47] ✅ 测速成功: https://www.goodiptv.club/douyu/5907076
   速度: 1392.58KB/s > 50KB/s | 数据量: 1.4KB | 总耗时: 0.91s
[2026-02-03 17:04:49] ⚠️ 仅读取 0.1KB 数据: http://play-radio-stream3.hndt.com/now/Or5au0KN/playlist.m3u8
[2026-02-03 17:04:49] ✅ 测速成功: http://play-radio-stream3.hndt.com/now/Or5au0KN/playlist.m3u8
   速度: 92.77KB/s > 50KB/s | 数据量: 0.1KB | 总耗时: 2.73s
[2026-02-03 17:04:51] ✅ 测速成功: https://alimov2.a.kwimgs.com/upic/2023/01/13/22/BMjAyMzAxMTMyMjEwMDNfNDAzMDAxOTlfOTM1MTIzMzYwODJfMF8z_b_B647d10e431b4cc5e48e6c77347d69021.mp4
   速度: 2841.54KB/s > 50KB/s | 数据量: 104.0KB | 总耗时: 2.04s
[2026-02-03 17:04:54] ✅ 测速成功: https://p2.bdstatic.com/rtmp.liveshow.lss-user.baidubce.com/live/stream_bduid_6488563992_8982723413/merged_1707497046297_88536_25144_41936.m3u8
   速度: 193.65KB/s > 50KB/s | 数据量: 103.6KB | 总耗时: 2.57s
[2026-02-03 17:04:56] ⚠️ 仅读取 0.4KB 数据: https://svip.high24-playback.com/20250129/17159_7bca93c4/2000k/hls/mixed.m3u8
[2026-02-03 17:04:56] ✅ 测速成功: https://svip.high24-playback.com/20250129/17159_7bca93c4/2000k/hls/mixed.m3u8
   速度: 399.41KB/s > 50KB/s | 数据量: 0.4KB | 总耗时: 2.33s
[2026-02-03 17:04:58] ⚠️ 仅读取 0.4KB 数据: https://svipsvip.ffzyread1.com/20250129/35458_c988286f/index.m3u8
[2026-02-03 17:04:58] ✅ 测速成功: https://svipsvip.ffzyread1.com/20250129/35458_c988286f/index.m3u8
   速度: 399.41KB/s > 50KB/s | 数据量: 0.4KB | 总耗时: 1.95s
[2026-02-03 17:05:00] ⚠️ 仅读取 0.1KB 数据: http://gctxyc.liveplay.myqcloud.com/gc/xjtcdhsz_1/index.m3u8
[2026-02-03 17:05:00] ✅ 测速成功: http://gctxyc.liveplay.myqcloud.com/gc/xjtcdhsz_1/index.m3u8
   速度: 99.61KB/s > 50KB/s | 数据量: 0.1KB | 总耗时: 1.47s
[2026-02-03 17:05:01] ⚠️ 仅读取 0.1KB 数据: https://ldcctvwbcdbd.a.bdydns.com/ldcctvwbcd/cdrmldcctv5plus_1/index.m3u8?BR=td
[2026-02-03 17:05:01] ✅ 测速成功: https://ldcctvwbcdbd.a.bdydns.com/ldcctvwbcd/cdrmldcctv5plus_1/index.m3u8?BR=td
   速度: 142.58KB/s > 50KB/s | 数据量: 0.1KB | 总耗时: 1.43s
[2026-02-03 17:05:01] ⚠️ 仅读取 0.3KB 数据: https://english-livebkali.cgtn.com/live/encgtn_0.m3u8
[2026-02-03 17:05:01] ✅ 测速成功: https://english-livebkali.cgtn.com/live/encgtn_0.m3u8
   速度: 287.11KB/s > 50KB/s | 数据量: 0.3KB | 总耗时: 0.36s
[2026-02-03 17:05:02] ❌ 测速失败: https://live1-fuyun.fjtv.net/dnpd/hd/live.m3u8?_upt=a12a8fca1767412907
   错误: HTTPConnectionPool(host='127.0.0.1', port=80): Max retries exceeded with url: / (Caused by NewConnectionError("HTTPConnection(host='127.0.0.1', port=80): Failed to establish a new connection: [Errno 111] Connection refused")) | 域名: live1-fuyun.fjtv.net:443
[2026-02-03 17:05:04] ⚠️ 仅读取 0.4KB 数据: https://piccpndks.v.kcdnvip.com/audio/anhui_2/index.m3u8
[2026-02-03 17:05:04] ✅ 测速成功: https://piccpndks.v.kcdnvip.com/audio/anhui_2/index.m3u8
   速度: 360.35KB/s > 50KB/s | 数据量: 0.4KB | 总耗时: 1.82s
[2026-02-03 17:05:05] ⚠️ 仅读取 0.3KB 数据: https://event.pull.hebtv.com:443/live/live101.m3u8
[2026-02-03 17:05:05] ✅ 测速成功: https://event.pull.hebtv.com:443/live/live101.m3u8
   速度: 339.84KB/s > 50KB/s | 数据量: 0.3KB | 总耗时: 1.61s
