测速日志 2026-04-05 05:55:03
速度阈值: 120KB/s
运行次数: 6
HTTPS验证: False

[2026-04-05 05:55:15] ✅ 通过阈值 HTTP测速: http://69.30.246.194/live/cctv16.m3u8
   速度: 193.36KB/s | 数据量: 0.2KB | 总耗时: 0.05s | 阈值: 120KB/s
[2026-04-05 05:55:15] ✅ 通过阈值 HTTP测速: http://69.30.246.194/live/jsws.m3u8
   速度: 190.43KB/s | 数据量: 0.2KB | 总耗时: 0.05s | 阈值: 120KB/s
[2026-04-05 05:55:15] ✅ 通过阈值 HTTP测速: http://69.30.246.194/live/hnws.m3u8
   速度: 187.50KB/s | 数据量: 0.2KB | 总耗时: 0.05s | 阈值: 120KB/s
[2026-04-05 05:55:15] ✅ 通过阈值 HTTP测速: http://38.75.136.137:98/gslb/dsdqpub/cctv16hd.m3u8?auth=testpub
   速度: 208.01KB/s | 数据量: 0.2KB | 总耗时: 0.13s | 阈值: 120KB/s
[2026-04-05 05:55:16] ✅ 通过阈值 HTTP测速: http://hlsal-ldvt.qing.mgtv.com/nn_live/nn_x64/Y2RuZXhfaWQ9YWxfaGxzX2xkdnQmZT02OTE0NjA0JnY9MSZpZD1ITldTWkdTVCZzPTcwN2RiYTc2YzJjNmJmMTQ4MmUyZGYzOWU2NWM3YWFi/HNWSZGST.m3u8
   速度: 225.59KB/s | 数据量: 0.2KB | 总耗时: 1.69s | 阈值: 120KB/s
[2026-04-05 05:55:17] ✅ HTTPS测速成功: https://hlsbkmgsplive.miguvideo.com/migu/kailu/dongnanws/51/20230724/01.m3u8?&HlsSubType=&encrypt=
   速度: 142.58KB/s | 数据量: 0.1KB | 总耗时: 0.69s | 证书: 有效
[2026-04-05 05:55:17] ✅ HTTPS测速成功: https://hlsbkmgsplive.miguvideo.com/envivo_v/2018/SD/jilin/1000/01.m3u8?&HlsSubType=&encrypt=
   速度: 142.58KB/s | 数据量: 0.1KB | 总耗时: 0.70s | 证书: 有效
[2026-04-05 05:55:17] ✅ HTTPS测速成功: https://hlsbkmgsplive.miguvideo.com/wd_r4/yg/shandongwshd/3000/01.m3u8?&HlsSubType=&encrypt=
   速度: 142.58KB/s | 数据量: 0.1KB | 总耗时: 0.73s | 证书: 有效
[2026-04-05 05:55:17] ✅ HTTPS测速成功: https://hlsbkmgsplive.miguvideo.com/wd-shandonghd-1200/01.m3u8?&HlsSubType=&encrypt=
   速度: 142.58KB/s | 数据量: 0.1KB | 总耗时: 0.73s | 证书: 有效
[2026-04-05 05:55:17] ✅ HTTPS测速成功: https://hlsbkmgsplive.miguvideo.com/migu/kailu/lnwshd265/54/20200407/01.m3u8?&HlsSubType=&encrypt=
   速度: 142.58KB/s | 数据量: 0.1KB | 总耗时: 0.73s | 证书: 有效
[2026-04-05 05:55:17] ✅ HTTPS测速成功: https://hlsbkmgsplive.miguvideo.com/wd-hunanhd-2500/01.m3u8?&HlsSubType=&encrypt=
   速度: 142.58KB/s | 数据量: 0.1KB | 总耗时: 0.74s | 证书: 有效
[2026-04-05 05:55:17] ✅ HTTPS测速成功: https://hlsbkmgsplive.miguvideo.com/envivo_x/2018/SD/chongqing/1000/01.m3u8?&HlsSubType=&encrypt=
   速度: 142.58KB/s | 数据量: 0.1KB | 总耗时: 0.75s | 证书: 有效
[2026-04-05 05:55:17] ✅ HTTPS测速成功: https://hlsbkmgsplive.miguvideo.com/wd-hunanhd-1200/01.m3u8?&HlsSubType=&encrypt=
   速度: 142.58KB/s | 数据量: 0.1KB | 总耗时: 0.78s | 证书: 有效
[2026-04-05 05:55:17] ✅ HTTPS测速成功: https://hlsbkmgsplive.miguvideo.com/migu/kailu/jswshd265/55/20200407/01.m3u8?&HlsSubType=&encrypt=
   速度: 142.58KB/s | 数据量: 0.1KB | 总耗时: 0.75s | 证书: 有效
[2026-04-05 05:55:17] ✅ HTTPS测速成功: https://hlsbkmgsplive.miguvideo.com/migu/kailu/btws/51/20250804/01.m3u8?&HlsSubType=&encrypt=
   速度: 142.58KB/s | 数据量: 0.1KB | 总耗时: 0.66s | 证书: 有效
[2026-04-05 05:55:17] ✅ 通过阈值 HTTP测速: http://stream.hrbtv.net/xwzh/sd/live.m3u8
   速度: 355.47KB/s | 数据量: 0.4KB | 总耗时: 0.62s | 阈值: 120KB/s
[2026-04-05 05:55:17] ✅ 通过阈值 HTTP测速: http://stream.hrbtv.net/yspd/sd/live.m3u8
   速度: 355.47KB/s | 数据量: 0.4KB | 总耗时: 0.55s | 阈值: 120KB/s
[2026-04-05 05:55:17] ✅ 通过阈值 HTTP测速: http://stream.hrbtv.net/ylpd/sd/live.m3u8
   速度: 370.12KB/s | 数据量: 0.4KB | 总耗时: 0.60s | 阈值: 120KB/s
[2026-04-05 05:55:17] ✅ 通过阈值 HTTP测速: http://stream.hrbtv.net/shpd/sd/live.m3u8
   速度: 355.47KB/s | 数据量: 0.4KB | 总耗时: 0.61s | 阈值: 120KB/s
[2026-04-05 05:55:18] ✅ HTTPS测速成功: https://hlsbkmgsplive.miguvideo.com/wd_r1/2018/nfmedia/nfys/1000/01.m3u8?&HlsSubType=&encrypt=
   速度: 142.58KB/s | 数据量: 0.1KB | 总耗时: 0.66s | 证书: 有效
[2026-04-05 05:55:18] ✅ 通过阈值 HTTP测速: http://tvpull.dxhmt.cn:9081/tv/10200-2.m3u8
   速度: 1970.70KB/s | 数据量: 2.0KB | 总耗时: 0.03s | 阈值: 120KB/s
[2026-04-05 05:55:18] ✅ 通过阈值 HTTP测速: http://tvpull.dxhmt.cn:9081/tv/10728-1.m3u8
   速度: 1970.70KB/s | 数据量: 2.0KB | 总耗时: 0.48s | 阈值: 120KB/s
[2026-04-05 05:55:18] ✅ 通过阈值 HTTP测速: http://tvpull.dxhmt.cn:9081/tv/19001-1.m3u8
   速度: 1969.73KB/s | 数据量: 2.0KB | 总耗时: 0.49s | 阈值: 120KB/s
[2026-04-05 05:55:18] ✅ 通过阈值 HTTP测速: http://tvpull.dxhmt.cn:9081/tv/10329-1.m3u8
   速度: 1970.70KB/s | 数据量: 2.0KB | 总耗时: 0.49s | 阈值: 120KB/s
[2026-04-05 05:55:18] ✅ 通过阈值 HTTP测速: http://tvpull.dxhmt.cn:9081/tv/10225-1.m3u8
   速度: 1970.70KB/s | 数据量: 2.0KB | 总耗时: 0.49s | 阈值: 120KB/s
[2026-04-05 05:55:18] ✅ 通过阈值 HTTP测速: http://tvpull.dxhmt.cn:9081/tv/10200-3.m3u8
   速度: 1970.70KB/s | 数据量: 2.0KB | 总耗时: 0.01s | 阈值: 120KB/s
[2026-04-05 05:55:18] ✅ 通过阈值 HTTP测速: http://tvpull.dxhmt.cn:9081/tv/10527-1.m3u8
   速度: 1972.66KB/s | 数据量: 2.0KB | 总耗时: 0.01s | 阈值: 120KB/s
[2026-04-05 05:55:18] ✅ 通过阈值 HTTP测速: http://tvpull.dxhmt.cn:9081/tv/11523-1.m3u8
   速度: 1970.70KB/s | 数据量: 2.0KB | 总耗时: 0.01s | 阈值: 120KB/s
[2026-04-05 05:55:18] ✅ 通过阈值 HTTP测速: http://tvpull.dxhmt.cn:9081/tv/10622-1.m3u8
   速度: 1972.66KB/s | 数据量: 2.0KB | 总耗时: 0.01s | 阈值: 120KB/s
[2026-04-05 05:55:18] ✅ 通过阈值 HTTP测速: http://tvpull.dxhmt.cn:9081/tv/10523-1.m3u8
   速度: 1970.70KB/s | 数据量: 2.0KB | 总耗时: 0.01s | 阈值: 120KB/s
[2026-04-05 05:55:18] ✅ 通过阈值 HTTP测速: http://tvpull.dxhmt.cn:9081/tv/10721-1.m3u8
   速度: 1972.66KB/s | 数据量: 2.0KB | 总耗时: 0.01s | 阈值: 120KB/s
[2026-04-05 05:55:18] ✅ 通过阈值 HTTP测速: http://tvpull.dxhmt.cn:9081/tv/10481-1.m3u8
   速度: 1972.66KB/s | 数据量: 2.0KB | 总耗时: 0.01s | 阈值: 120KB/s
[2026-04-05 05:55:18] ✅ 通过阈值 HTTP测速: http://tvpull.dxhmt.cn:9081/tv/11282-1.m3u8
   速度: 1972.66KB/s | 数据量: 2.0KB | 总耗时: 0.01s | 阈值: 120KB/s
[2026-04-05 05:55:18] ✅ 通过阈值 HTTP测速: http://tvpull.dxhmt.cn:9081/tv/10526-1.m3u8
   速度: 1972.66KB/s | 数据量: 2.0KB | 总耗时: 0.01s | 阈值: 120KB/s
[2026-04-05 05:55:18] ✅ 通过阈值 HTTP测速: http://tvpull.dxhmt.cn:9081/tv/11527-1.m3u8
   速度: 1970.70KB/s | 数据量: 2.0KB | 总耗时: 0.01s | 阈值: 120KB/s
[2026-04-05 05:55:18] ✅ 通过阈值 HTTP测速: http://tvpull.dxhmt.cn:9081/tv/10526-2.m3u8
   速度: 1972.66KB/s | 数据量: 2.0KB | 总耗时: 0.01s | 阈值: 120KB/s
[2026-04-05 05:55:18] ✅ 通过阈值 HTTP测速: http://tvpull.dxhmt.cn:9081/tv/11522-1.m3u8
   速度: 1970.70KB/s | 数据量: 2.0KB | 总耗时: 0.01s | 阈值: 120KB/s
[2026-04-05 05:55:18] ✅ 通过阈值 HTTP测速: http://tvpull.dxhmt.cn:9081/tv/10922-1.m3u8
   速度: 1972.66KB/s | 数据量: 2.0KB | 总耗时: 0.01s | 阈值: 120KB/s
[2026-04-05 05:55:18] ✅ 通过阈值 HTTP测速: http://tvpull.dxhmt.cn:9081/tv/11426-1.m3u8
   速度: 1972.66KB/s | 数据量: 2.0KB | 总耗时: 0.01s | 阈值: 120KB/s
[2026-04-05 05:55:18] ✅ 通过阈值 HTTP测速: http://tvpull.dxhmt.cn:9081/tv/11624-1.m3u8
   速度: 1972.66KB/s | 数据量: 2.0KB | 总耗时: 0.01s | 阈值: 120KB/s
[2026-04-05 05:55:18] ✅ 通过阈值 HTTP测速: http://tvpull.dxhmt.cn:9081/tv/10222-1.m3u8
   速度: 1970.70KB/s | 数据量: 2.0KB | 总耗时: 0.01s | 阈值: 120KB/s
[2026-04-05 05:55:18] ✅ 通过阈值 HTTP测速: http://tvpull.dxhmt.cn:9081/tv/11330-1.m3u8
   速度: 1970.70KB/s | 数据量: 2.0KB | 总耗时: 0.01s | 阈值: 120KB/s
[2026-04-05 05:55:18] ✅ 通过阈值 HTTP测速: http://tvpull.dxhmt.cn:9081/tv/11723-1.m3u8
   速度: 1972.66KB/s | 数据量: 2.0KB | 总耗时: 0.01s | 阈值: 120KB/s
[2026-04-05 05:55:18] ✅ 通过阈值 HTTP测速: http://tvpull.dxhmt.cn:9081/tv/10381-1.m3u8
   速度: 1970.70KB/s | 数据量: 2.0KB | 总耗时: 0.01s | 阈值: 120KB/s
[2026-04-05 05:55:18] ✅ 通过阈值 HTTP测速: http://tvpull.dxhmt.cn:9081/tv/10106-1.m3u8
   速度: 1970.70KB/s | 数据量: 2.0KB | 总耗时: 0.01s | 阈值: 120KB/s
[2026-04-05 05:55:18] ✅ 通过阈值 HTTP测速: http://tvpull.dxhmt.cn:9081/tv/10882-1.m3u8
   速度: 1972.66KB/s | 数据量: 2.0KB | 总耗时: 0.01s | 阈值: 120KB/s
[2026-04-05 05:55:18] ✅ 通过阈值 HTTP测速: http://tvpull.dxhmt.cn:9081/tv/10326-1.m3u8
   速度: 1972.66KB/s | 数据量: 2.0KB | 总耗时: 0.01s | 阈值: 120KB/s
[2026-04-05 05:55:18] ✅ 通过阈值 HTTP测速: http://tvpull.dxhmt.cn:9081/tv/11681-1.m3u8
   速度: 1970.70KB/s | 数据量: 2.0KB | 总耗时: 0.01s | 阈值: 120KB/s
[2026-04-05 05:55:18] ✅ 通过阈值 HTTP测速: http://tvpull.dxhmt.cn:9081/tv/10323-1.m3u8
   速度: 1972.66KB/s | 数据量: 2.0KB | 总耗时: 0.01s | 阈值: 120KB/s
[2026-04-05 05:55:18] ✅ 通过阈值 HTTP测速: http://tvpull.dxhmt.cn:9081/tv/11521-1.m3u8
   速度: 1971.68KB/s | 数据量: 2.0KB | 总耗时: 0.01s | 阈值: 120KB/s
[2026-04-05 05:55:18] ✅ 通过阈值 HTTP测速: http://tvpull.dxhmt.cn:9081/tv/11526-1.m3u8
   速度: 1970.70KB/s | 数据量: 2.0KB | 总耗时: 0.01s | 阈值: 120KB/s
[2026-04-05 05:55:18] ✅ 通过阈值 HTTP测速: http://tvpull.dxhmt.cn:9081/tv/11722-1.m3u8
   速度: 1972.66KB/s | 数据量: 2.0KB | 总耗时: 0.01s | 阈值: 120KB/s
[2026-04-05 05:55:18] ✅ 通过阈值 HTTP测速: http://tvpull.dxhmt.cn:9081/tv/10182-1.m3u8
   速度: 1970.70KB/s | 数据量: 2.0KB | 总耗时: 0.01s | 阈值: 120KB/s
[2026-04-05 05:55:18] ✅ 通过阈值 HTTP测速: http://tvpull.dxhmt.cn:9081/tv/10825-1.m3u8
   速度: 1970.70KB/s | 数据量: 2.0KB | 总耗时: 0.01s | 阈值: 120KB/s
[2026-04-05 05:55:18] ✅ 通过阈值 HTTP测速: http://tvpull.dxhmt.cn:9081/tv/11003-1.m3u8
   速度: 1971.68KB/s | 数据量: 2.0KB | 总耗时: 0.01s | 阈值: 120KB/s
[2026-04-05 05:55:18] ✅ 通过阈值 HTTP测速: http://tvpull.dxhmt.cn:9081/tv/10727-1.m3u8
   速度: 1970.70KB/s | 数据量: 2.0KB | 总耗时: 0.01s | 阈值: 120KB/s
[2026-04-05 05:55:18] ✅ 通过阈值 HTTP测速: http://tvpull.dxhmt.cn:9081/tv/10581-1.m3u8
   速度: 1970.70KB/s | 数据量: 2.0KB | 总耗时: 0.01s | 阈值: 120KB/s
[2026-04-05 05:55:18] ✅ 通过阈值 HTTP测速: http://tvpull.dxhmt.cn:9081/tv/11381-1.m3u8
   速度: 1969.73KB/s | 数据量: 2.0KB | 总耗时: 0.01s | 阈值: 120KB/s
[2026-04-05 05:55:18] ✅ 通过阈值 HTTP测速: http://tvpull.dxhmt.cn:9081/tv/11024-1.m3u8
   速度: 1972.66KB/s | 数据量: 2.0KB | 总耗时: 0.01s | 阈值: 120KB/s
[2026-04-05 05:55:18] ✅ 通过阈值 HTTP测速: http://tvpull.dxhmt.cn:9081/tv/11327-1.m3u8
   速度: 1970.70KB/s | 数据量: 2.0KB | 总耗时: 0.01s | 阈值: 120KB/s
[2026-04-05 05:55:18] ✅ 通过阈值 HTTP测速: http://tvpull.dxhmt.cn:9081/tv/11324-1.m3u8
   速度: 1970.70KB/s | 数据量: 2.0KB | 总耗时: 0.01s | 阈值: 120KB/s
[2026-04-05 05:55:18] ✅ 通过阈值 HTTP测速: http://tvpull.dxhmt.cn:9081/tv/10883-1.m3u8
   速度: 1972.66KB/s | 数据量: 2.0KB | 总耗时: 0.01s | 阈值: 120KB/s
[2026-04-05 05:55:18] ✅ 通过阈值 HTTP测速: http://tvpull.dxhmt.cn:9081/tv/10425-1.m3u8
   速度: 1972.66KB/s | 数据量: 2.0KB | 总耗时: 0.01s | 阈值: 120KB/s
[2026-04-05 05:55:18] ✅ 通过阈值 HTTP测速: http://tvpull.dxhmt.cn:9081/tv/10621-1.m3u8
   速度: 1969.73KB/s | 数据量: 2.0KB | 总耗时: 0.01s | 阈值: 120KB/s
[2026-04-05 05:55:18] ✅ 通过阈值 HTTP测速: http://tvpull.dxhmt.cn:9081/tv/11121-1.m3u8
   速度: 1970.70KB/s | 数据量: 2.0KB | 总耗时: 0.01s | 阈值: 120KB/s
[2026-04-05 05:55:18] ✅ 通过阈值 HTTP测速: http://tvpull.dxhmt.cn:9081/tv/11221-1.m3u8
   速度: 1970.70KB/s | 数据量: 2.0KB | 总耗时: 0.01s | 阈值: 120KB/s
[2026-04-05 05:55:18] ✅ 通过阈值 HTTP测速: http://tvpull.dxhmt.cn:9081/tv/10823-1.m3u8
   速度: 1971.68KB/s | 数据量: 2.0KB | 总耗时: 0.01s | 阈值: 120KB/s
[2026-04-05 05:55:18] ✅ 通过阈值 HTTP测速: http://tvpull.dxhmt.cn:9081/tv/10184-1.m3u8
   速度: 1972.66KB/s | 数据量: 2.0KB | 总耗时: 0.01s | 阈值: 120KB/s
[2026-04-05 05:55:18] ✅ 通过阈值 HTTP测速: http://tvpull.dxhmt.cn:9081/tv/10782-1.m3u8
   速度: 1972.66KB/s | 数据量: 2.0KB | 总耗时: 0.01s | 阈值: 120KB/s
[2026-04-05 05:55:18] ✅ 通过阈值 HTTP测速: http://tvpull.dxhmt.cn:9081/tv/11481-1.m3u8
   速度: 1970.70KB/s | 数据量: 2.0KB | 总耗时: 0.01s | 阈值: 120KB/s
[2026-04-05 05:55:18] ✅ 通过阈值 HTTP测速: http://tvpull.dxhmt.cn:9081/tv/11081-1.m3u8
   速度: 1972.66KB/s | 数据量: 2.0KB | 总耗时: 0.01s | 阈值: 120KB/s
[2026-04-05 05:55:18] ✅ 通过阈值 HTTP测速: http://tvpull.dxhmt.cn:9081/tv/10221-1.m3u8
   速度: 1972.66KB/s | 数据量: 2.0KB | 总耗时: 0.01s | 阈值: 120KB/s
[2026-04-05 05:55:18] ✅ 通过阈值 HTTP测速: http://tvpull.dxhmt.cn:9081/tv/11122-1.m3u8
   速度: 1970.70KB/s | 数据量: 2.0KB | 总耗时: 0.01s | 阈值: 120KB/s
[2026-04-05 05:55:18] ✅ 通过阈值 HTTP测速: http://tvpull.dxhmt.cn:9081/tv/10421-1.m3u8
   速度: 1972.66KB/s | 数据量: 2.0KB | 总耗时: 0.01s | 阈值: 120KB/s
[2026-04-05 05:55:18] ✅ 通过阈值 HTTP测速: http://tvpull.dxhmt.cn:9081/tv/10183-2.m3u8
   速度: 1970.70KB/s | 数据量: 2.0KB | 总耗时: 0.01s | 阈值: 120KB/s
[2026-04-05 05:55:18] ✅ HTTPS测速成功: https://hlsbkmgsplive.miguvideo.com/migu/kailu/haixiaws/51/20230724/01.m3u8?&HlsSubType=&encrypt=
   速度: 142.58KB/s | 数据量: 0.1KB | 总耗时: 0.66s | 证书: 有效
[2026-04-05 05:55:18] ✅ 通过阈值 HTTP测速: http://124.165.251.82:85/tsfile/live/0008_1.m3u8?key=txiptv&playlive=1&authid=0
   速度: 418.95KB/s | 数据量: 0.4KB | 总耗时: 0.48s | 阈值: 120KB/s
[2026-04-05 05:55:18] ✅ 通过阈值 HTTP测速: http://39.152.103.17:8089/tsfile/live/1002_1.m3u8
   速度: 636.72KB/s | 数据量: 0.6KB | 总耗时: 0.49s | 阈值: 120KB/s
[2026-04-05 05:55:18] ✅ 通过阈值 HTTP测速: http://124.165.251.82:85/tsfile/live/0012_1.m3u8?key=txiptv&playlive=1&authid=0
   速度: 423.83KB/s | 数据量: 0.4KB | 总耗时: 0.49s | 阈值: 120KB/s
[2026-04-05 05:55:19] ✅ 通过阈值 HTTP测速: http://hlsal-ldvt.qing.mgtv.com/nn_live/nn_x64/dWlwPTEyNy4wLjAuMSZ1aWQ9cWluZy1jbXMmbm5fdGltZXpvbmU9OCZjZG5leF9pZD1hbF9obHNfbGR2dCZ1dWlkPTliODY4NmU5ZTM2YzYwMmMmZT02OTE0NjA0JnY9MSZpZD1ITldTWkdTVCZzPTcwN2RiYTc2YzJjNmJmMTQ4MmUyZGYzOWU2NWM3YWFi/HNWSZGST.m3u8
   速度: 225.59KB/s | 数据量: 0.2KB | 总耗时: 0.77s | 阈值: 120KB/s
[2026-04-05 05:55:19] ✅ HTTPS测速成功: https://stream.hrbtv.net/xwzh/sd/live.m3u8
   速度: 355.47KB/s | 数据量: 0.4KB | 总耗时: 1.18s | 证书: 有效
[2026-04-05 05:55:19] ✅ HTTPS测速成功: https://0472.org/hls/cgtn.m3u8
   速度: 125.98KB/s | 数据量: 0.1KB | 总耗时: 0.07s | 证书: 有效
[2026-04-05 05:55:19] ✅ HTTPS测速成功: https://stream.hrbtv.net/shpd/sd/live.m3u8
   速度: 355.47KB/s | 数据量: 0.4KB | 总耗时: 1.24s | 证书: 有效
[2026-04-05 05:55:19] ✅ HTTPS测速成功: https://stream.hrbtv.net/yspd/sd/live.m3u8
   速度: 355.47KB/s | 数据量: 0.4KB | 总耗时: 1.21s | 证书: 有效
[2026-04-05 05:55:19] ✅ 通过阈值 HTTP测速: http://39.152.103.17:8089/tsfile/live/1068_1.m3u8?key=txiptv&playlive=1&down=1
   速度: 636.72KB/s | 数据量: 0.6KB | 总耗时: 0.44s | 阈值: 120KB/s
[2026-04-05 05:55:19] ✅ 通过阈值 HTTP测速: http://39.152.103.17:8089/tsfile/live/1015_1.m3u8
   速度: 636.72KB/s | 数据量: 0.6KB | 总耗时: 0.45s | 阈值: 120KB/s
[2026-04-05 05:55:19] ✅ HTTPS测速成功: https://0472.org/hls/cgtne.m3u8
   速度: 182.62KB/s | 数据量: 0.2KB | 总耗时: 0.09s | 证书: 有效
[2026-04-05 05:55:19] ✅ HTTPS测速成功: https://0472.org/hls/cgtnf.m3u8
   速度: 183.59KB/s | 数据量: 0.2KB | 总耗时: 0.08s | 证书: 有效
[2026-04-05 05:55:19] ✅ HTTPS测速成功: https://0472.org/hls/cgtnd.m3u8
   速度: 125.98KB/s | 数据量: 0.1KB | 总耗时: 0.09s | 证书: 有效
[2026-04-05 05:55:19] ✅ HTTPS测速成功: https://0472.org/hls/cgtnx.m3u8
   速度: 183.59KB/s | 数据量: 0.2KB | 总耗时: 0.09s | 证书: 有效
[2026-04-05 05:55:19] ✅ HTTPS测速成功: https://0472.org/hls/cgtna.m3u8
   速度: 182.62KB/s | 数据量: 0.2KB | 总耗时: 0.08s | 证书: 有效
[2026-04-05 05:55:19] ✅ 通过阈值 HTTP测速: http://espanol-liveali.cgtn.com/hls/LSveOGBaBw41Ea7ukkVAUdKQ220802LSTexu6xAuFH8VZNBLE1ZNEa220802cd.m3u8
   速度: 428.71KB/s | 数据量: 0.4KB | 总耗时: 0.45s | 阈值: 120KB/s
[2026-04-05 05:55:19] ✅ HTTPS测速成功: https://stream.hrbtv.net/zxpd/sd/live.m3u8
   速度: 370.12KB/s | 数据量: 0.4KB | 总耗时: 1.83s | 证书: 有效
[2026-04-05 05:55:20] ✅ 通过阈值 HTTP测速: http://ali-m-l.cztv.com/channels/lantian/channel21/1080p.m3u8
   速度: 291.99KB/s | 数据量: 0.3KB | 总耗时: 1.15s | 阈值: 120KB/s
[2026-04-05 05:55:20] ✅ 通过阈值 HTTP测速: http://russian-livews.cgtn.com/hls/LSvexABhNipibK5KRuUkvHZ7220802LSTeze9o8tdFXMHsb1VosgoT220802cd.m3u8
   速度: 424.80KB/s | 数据量: 0.4KB | 总耗时: 0.93s | 阈值: 120KB/s
[2026-04-05 05:55:20] ✅ 通过阈值 HTTP测速: http://english-livetx.cgtn.com/hls/yypdyyctzb_hd.m3u8
   速度: 402.34KB/s | 数据量: 0.4KB | 总耗时: 1.05s | 阈值: 120KB/s
[2026-04-05 05:55:20] ✅ 通过阈值 HTTP测速: http://tvpull.dxhmt.cn:9081/tv/11425-1.m3u8
   速度: 1970.70KB/s | 数据量: 2.0KB | 总耗时: 0.01s | 阈值: 120KB/s
[2026-04-05 05:55:20] ✅ HTTPS测速成功: https://event.pull.hebtv.com/jishi/cp1.m3u8
   速度: 319.34KB/s | 数据量: 0.3KB | 总耗时: 0.85s | 证书: 有效
[2026-04-05 05:55:20] ✅ HTTPS测速成功: https://english-livetx.cgtn.com/hls/yypdjlctzb_hd.m3u8
   速度: 402.34KB/s | 数据量: 0.4KB | 总耗时: 0.54s | 证书: 有效
[2026-04-05 05:55:20] ✅ HTTPS测速成功: https://event.pull.hebtv.com/jishi/cp2.m3u8
   速度: 319.34KB/s | 数据量: 0.3KB | 总耗时: 0.89s | 证书: 有效
[2026-04-05 05:55:20] ✅ 通过阈值 HTTP测速: http://39.152.103.17:8089/tsfile/live/1046_1.m3u8
   速度: 636.72KB/s | 数据量: 0.6KB | 总耗时: 0.44s | 阈值: 120KB/s
[2026-04-05 05:55:20] ✅ 通过阈值 HTTP测速: http://bp-resource-dfl.bestv.cn/155/3/video.m3u8
   速度: 831.05KB/s | 数据量: 0.8KB | 总耗时: 0.76s | 阈值: 120KB/s
[2026-04-05 05:55:20] ✅ 通过阈值 HTTP测速: http://8.138.7.223/tv/hxws.m3u8
   速度: 211.91KB/s | 数据量: 0.2KB | 总耗时: 0.50s | 阈值: 120KB/s
[2026-04-05 05:55:20] ✅ 通过阈值 HTTP测速: http://61.163.181.78:85/tsfile/live/1045_1.m3u8?key=txiptv&playlive=1&authid=0
   速度: 433.59KB/s | 数据量: 0.4KB | 总耗时: 0.48s | 阈值: 120KB/s
[2026-04-05 05:55:20] ✅ 通过阈值 HTTP测速: http://119.39.9.8:9901/tsfile/live/0118_1.m3u8
   速度: 2026.37KB/s | 数据量: 2.0KB | 总耗时: 0.46s | 阈值: 120KB/s
[2026-04-05 05:55:21] ✅ 通过阈值 HTTP测速: http://218.84.12.186:8001/hls/main/playlist.m3u8?zxinjd;http://218.84.12.186:8001/hls/main/playlist.m3u8zxinjd
   速度: 325.20KB/s | 数据量: 0.3KB | 总耗时: 0.64s | 阈值: 120KB/s
[2026-04-05 05:55:21] ✅ 通过阈值 HTTP测速: http://ali-m-l.cztv.com:80/channels/lantian/channel001/1080p.m3u8
   速度: 291.99KB/s | 数据量: 0.3KB | 总耗时: 0.60s | 阈值: 120KB/s
[2026-04-05 05:55:21] ✅ HTTPS测速成功: https://gcwbndali.v.myalicdn.com/gcwbnd/ipanda1000_2/index.m3u8
   速度: 382.81KB/s | 数据量: 0.4KB | 总耗时: 0.89s | 证书: 有效
[2026-04-05 05:55:21] ✅ 通过阈值 HTTP测速: http://ali-m-l.cztv.com/channels/lantian/channel01/1080p.m3u8
   速度: 289.06KB/s | 数据量: 0.3KB | 总耗时: 0.68s | 阈值: 120KB/s
[2026-04-05 05:55:21] ✅ HTTPS测速成功: https://ali-m-l.cztv.com/channels/lantian/channel001/1080p.m3u8
   速度: 291.99KB/s | 数据量: 0.3KB | 总耗时: 0.69s | 证书: 有效
[2026-04-05 05:55:21] ✅ 通过阈值 HTTP测速: http://m3u8.channel.wsrtv.com.cn/cms/videos/nmip-media/channellive/channel7/playlist.m3u8
   速度: 271.48KB/s | 数据量: 0.3KB | 总耗时: 1.28s | 阈值: 120KB/s
[2026-04-05 05:55:21] ✅ 通过阈值 HTTP测速: http://39.152.103.17:8089/tsfile/live/1044_1.m3u8
   速度: 636.72KB/s | 数据量: 0.6KB | 总耗时: 0.49s | 阈值: 120KB/s
[2026-04-05 05:55:21] ✅ HTTPS测速成功: https://bp-resource-dfl.bestv.cn/148/3/video.m3u8
   速度: 832.03KB/s | 数据量: 0.8KB | 总耗时: 0.59s | 证书: 有效
[2026-04-05 05:55:22] ✅ 通过阈值 HTTP测速: http://live.zohi.tv/video/s10001-fztv-3/index.m3u8
   速度: 498.05KB/s | 数据量: 0.5KB | 总耗时: 2.09s | 阈值: 120KB/s
[2026-04-05 05:55:22] ✅ HTTPS测速成功: https://cdn8.163189.xyz/live/lhdy/stream.m3u8
   速度: 2836.91KB/s | 数据量: 2.8KB | 总耗时: 0.29s | 证书: 有效
[2026-04-05 05:55:22] ✅ 通过阈值 HTTP测速: http://61.221.215.25:8800/hls/43/index.m3u8
   速度: 236.33KB/s | 数据量: 0.2KB | 总耗时: 0.44s | 阈值: 120KB/s
[2026-04-05 05:55:23] ✅ 通过阈值 HTTP测速: http://jsmov2.a.yximgs.com/bs3/video-hls/5232901391302199073_hlsb.m3u8
   速度: 58738.28KB/s | 数据量: 58.7KB | 总耗时: 0.95s | 阈值: 120KB/s
[2026-04-05 05:55:23] ✅ HTTPS测速成功: https://liveout.xntv.tv/a65jur/90p2i1.m3u8?zqinghd
   速度: 266.60KB/s | 数据量: 0.3KB | 总耗时: 1.10s | 证书: 有效
[2026-04-05 05:55:23] ✅ HTTPS测速成功: https://liveout.xntv.tv/a65jur/96iln2.m3u8
   速度: 266.60KB/s | 数据量: 0.3KB | 总耗时: 1.14s | 证书: 有效
[2026-04-05 05:55:23] ✅ 通过阈值 HTTP测速: http://jsmov2.a.yximgs.com/bs3/video-hls/5250634317044855747_hlsb.m3u8
   速度: 271.95KB/s | 数据量: 61.4KB | 总耗时: 1.26s | 阈值: 120KB/s
[2026-04-05 05:55:23] ✅ HTTPS测速成功: https://tylive.kan0512.com/norecord/csztv4k_4k.m3u8
   速度: 377.93KB/s | 数据量: 0.4KB | 总耗时: 1.00s | 证书: 有效
[2026-04-05 05:55:23] ✅ 通过阈值 HTTP测速: http://jsmov2.a.yximgs.com/bs3/video-hls/5216294367991385255_hlsb.m3u8
   速度: 307.95KB/s | 数据量: 67.6KB | 总耗时: 0.67s | 阈值: 120KB/s
[2026-04-05 05:55:23] ✅ HTTPS测速成功: https://test1.live.sdetv.com.cn/live/dianshizhibo/playlist.m3u8
   速度: 206.05KB/s | 数据量: 0.2KB | 总耗时: 1.52s | 证书: 有效
[2026-04-05 05:55:24] ✅ HTTPS测速成功: https://vip.ffzy-play7.com/20230112/11082_fde1a94d/index.m3u8
   速度: 398.44KB/s | 数据量: 0.4KB | 总耗时: 1.94s | 证书: 有效
[2026-04-05 05:55:24] ❌ HTTPS SSL错误: https://live.tvfix.org/live/mydy/index.m3u8 | 错误: HTTPSConnectionPool(host='live.tvfix.org', port=443): Max retries exceeded with url: /live/mydy/index.m3u8 (Caused by SSLError(SSLEOFError(8, '[SSL: UNEXPECTED_EOF_WHILE_READING] EOF occurred in violation of protocol (_ssl.c:1081)')))
[2026-04-05 05:55:25] ✅ HTTPS测速成功: https://vip.ffzy-play.com/20221018/1951_47e1adc8/index.m3u8
   速度: 398.44KB/s | 数据量: 0.4KB | 总耗时: 1.60s | 证书: 有效
[2026-04-05 05:55:25] ✅ HTTPS测速成功: https://vip.ffzy-play.com/20221018/1953_2d6ba500/index.m3u8
   速度: 398.44KB/s | 数据量: 0.4KB | 总耗时: 1.60s | 证书: 有效
[2026-04-05 05:55:25] ✅ HTTPS测速成功: https://ali-m-l.cztv.com/channels/lantian/channel004/1080p.m3u8
   速度: 291.99KB/s | 数据量: 0.3KB | 总耗时: 0.64s | 证书: 有效
[2026-04-05 05:55:25] ✅ HTTPS测速成功: https://stream.ads.ottera.tv/playlist.m3u8?network_id=595
   速度: 636.72KB/s | 数据量: 0.6KB | 总耗时: 0.18s | 证书: 有效
[2026-04-05 05:55:25] ✅ HTTPS测速成功: https://vip.ffzy-online.com/20221015/722_e32c42bc/index.m3u8
   速度: 398.44KB/s | 数据量: 0.4KB | 总耗时: 1.36s | 证书: 有效
[2026-04-05 05:55:25] ✅ HTTPS测速成功: https://vip.ffzy-online.com/20221015/719_80ff87c2/index.m3u8
   速度: 398.44KB/s | 数据量: 0.4KB | 总耗时: 1.57s | 证书: 有效
[2026-04-05 05:55:25] 🚫 未达阈值 HTTP测速: http://111.31.106.140/downflv.brtvcloud.com/8klive/8kliveok.m3u8
   速度: 0.00KB/s | 数据量: 0.0KB | 总耗时: 0.41s | 阈值: 120KB/s
[2026-04-05 05:55:25] ✅ HTTPS测速成功: https://vip.ffzy-play6.com/20221019/157_bf0740ee/index.m3u8
   速度: 398.44KB/s | 数据量: 0.4KB | 总耗时: 1.67s | 证书: 有效
[2026-04-05 05:55:25] ✅ HTTPS测速成功: https://vip.ffzy-play1.com/20221018/478_c3afed66/index.m3u8
   速度: 398.44KB/s | 数据量: 0.4KB | 总耗时: 1.68s | 证书: 有效
[2026-04-05 05:55:25] ✅ 通过阈值 HTTP测速: http://jsmov2.a.yximgs.com/bs3/video-hls/5203346449046555193_hlsb.m3u8
   速度: 296.11KB/s | 数据量: 71.3KB | 总耗时: 0.73s | 阈值: 120KB/s
[2026-04-05 05:55:25] ✅ HTTPS测速成功: https://live.tvfix.org/live/cmc/index.m3u8
   速度: 0.00KB/s | 数据量: 0.0KB | 总耗时: 0.60s | 证书: 无效
[2026-04-05 05:55:26] ✅ HTTPS测速成功: https://vd2.bdstatic.com/mda-sctj0f6r4u1bpebc/1080p/cae_h264/1774706523506678171/mda-sctj0f6r4u1bpebc.mp4
   速度: 613.34KB/s | 数据量: 3072.0KB | 总耗时: 5.09s | 证书: 有效
[2026-04-05 05:55:26] 🚫 未达阈值 HTTP测速: http://182.150.115.21:8030/pcgacg/pcgacg_0.m3u8
   速度: 0.72KB/s | 数据量: 0.2KB | 总耗时: 0.79s | 阈值: 120KB/s
[2026-04-05 05:55:26] ✅ 通过阈值 HTTP测速: http://cdn2.163189.xyz/live/gdty/stream.m3u8
   速度: 2836.91KB/s | 数据量: 2.8KB | 总耗时: 0.56s | 阈值: 120KB/s
[2026-04-05 05:55:26] ✅ 通过阈值 HTTP测速: http://cdn2.163189.xyz/live/gdzj/stream.m3u8
   速度: 2836.91KB/s | 数据量: 2.8KB | 总耗时: 0.70s | 阈值: 120KB/s
[2026-04-05 05:55:26] 🚫 未达阈值 HTTP测速: http://222.128.55.152:9080/live/dwq.m3u8
   速度: 0.36KB/s | 数据量: 0.1KB | 总耗时: 0.72s | 阈值: 120KB/s
[2026-04-05 05:55:26] ✅ HTTPS测速成功: https://vip.ffzy-play7.com/20230116/11563_b9f44814/index.m3u8
   速度: 398.44KB/s | 数据量: 0.4KB | 总耗时: 1.56s | 证书: 有效
[2026-04-05 05:55:26] ✅ 通过阈值 HTTP测速: http://175.155.106.72:89/live1/live1.m3u8?zsicd
   速度: 254.88KB/s | 数据量: 0.3KB | 总耗时: 0.51s | 阈值: 120KB/s
[2026-04-05 05:55:26] ✅ 通过阈值 HTTP测速: http://ebsonairios.ebs.co.kr/ebsutablet500k/tablet500k/playlist.m3u8
   速度: 122.07KB/s | 数据量: 0.1KB | 总耗时: 1.32s | 阈值: 120KB/s
[2026-04-05 05:55:27] ✅ HTTPS测速成功: https://ali-m-l.cztv.com/channels/lantian/channel008/1080p.m3u8
   速度: 291.99KB/s | 数据量: 0.3KB | 总耗时: 0.95s | 证书: 有效
[2026-04-05 05:55:27] ✅ 通过阈值 HTTP测速: http://pili-live-hls.ybcxjd.com/jdh-live/2108111201035597.m3u8?zsicd
   速度: 259.77KB/s | 数据量: 0.3KB | 总耗时: 0.34s | 阈值: 120KB/s
[2026-04-05 05:55:27] ✅ 通过阈值 HTTP测速: http://tencentplay.gztv.com/live/nanguodushi.m3u8?txSecret=140110ae3d6c936a77f94c4f4d85b0d3&txTime=18d57929bd4
   速度: 300.78KB/s | 数据量: 0.3KB | 总耗时: 0.70s | 阈值: 120KB/s
[2026-04-05 05:55:27] ✅ 通过阈值 HTTP测速: http://stream.hrbtv.net/zxpd/sd/live.m3u8?zheild
   速度: 370.12KB/s | 数据量: 0.4KB | 总耗时: 0.61s | 阈值: 120KB/s
[2026-04-05 05:55:27] ✅ 通过阈值 HTTP测速: http://8.138.7.223/tv/gzjs.m3u8
   速度: 133.79KB/s | 数据量: 0.1KB | 总耗时: 0.45s | 阈值: 120KB/s
[2026-04-05 05:55:27] ✅ HTTPS测速成功: https://ali-m-l.cztv.com/channels/lantian/channel012/1080p.m3u8
   速度: 291.99KB/s | 数据量: 0.3KB | 总耗时: 0.90s | 证书: 有效
[2026-04-05 05:55:27] ✅ 通过阈值 HTTP测速: http://tencentplay.gztv.com/live/xinwen.m3u8?txSecret=d2c2db0b598c02ec1b5623728434d367&txTime=18d57929bd3
   速度: 286.13KB/s | 数据量: 0.3KB | 总耗时: 0.98s | 阈值: 120KB/s
[2026-04-05 05:55:28] ✅ HTTPS测速成功: https://tencentplay.gztv.com/live/nanguodushi.m3u8?txSecret=550af55c0ea34ce492748481415b6dfa&txTime=1903e7b17de
   速度: 300.78KB/s | 数据量: 0.3KB | 总耗时: 0.99s | 证书: 有效
[2026-04-05 05:55:28] 🚫 未达阈值 HTTP测速: http://live.qthnews.org.cn:1935/live/live2/800k/tzwj_video.m3u8
   速度: 1.96KB/s | 数据量: 0.5KB | 总耗时: 2.36s | 阈值: 120KB/s
[2026-04-05 05:55:28] 🚫 未达阈值 HTTP测速: http://live.qthnews.org.cn:1935/live/live1/800k/tzwj_video.m3u8
   速度: 1.94KB/s | 数据量: 0.5KB | 总耗时: 2.40s | 阈值: 120KB/s
[2026-04-05 05:55:28] 🚫 未达阈值 HTTP测速: http://59.175.226.142:280/gb28181/xwzh.m3u8?zhubd
   速度: 1.00KB/s | 数据量: 0.3KB | 总耗时: 0.76s | 阈值: 120KB/s
[2026-04-05 05:55:28] ✅ 通过阈值 HTTP测速: http://channel.wcrmt.cn:80/nmip-media/channellive/channel105268/playlist.m3u8
   速度: 265.62KB/s | 数据量: 0.3KB | 总耗时: 1.00s | 阈值: 120KB/s
[2026-04-05 05:55:28] ✅ 通过阈值 HTTP测速: http://tencentplay.gztv.com/live/zonghes.m3u8?txSecret=c8dbe86d6f86eb1a21999ab479fd5667&txTime=18d3c4690e8
   速度: 289.06KB/s | 数据量: 0.3KB | 总耗时: 1.26s | 阈值: 120KB/s
[2026-04-05 05:55:28] ✅ HTTPS测速成功: https://stream.sun0769.com/dgrtv1/mp4tv1_800/index.m3u8
   速度: 369.14KB/s | 数据量: 0.4KB | 总耗时: 1.07s | 证书: 有效
[2026-04-05 05:55:29] ✅ HTTPS测速成功: https://stream.sun0769.com/dgrtv1/mp4tv2_800/index.m3u8
   速度: 369.14KB/s | 数据量: 0.4KB | 总耗时: 1.43s | 证书: 有效
[2026-04-05 05:55:29] ✅ HTTPS测速成功: https://ali-m-l.cztv.com/channels/lantian/channel007/1080p.m3u8
   速度: 291.99KB/s | 数据量: 0.3KB | 总耗时: 1.04s | 证书: 有效
[2026-04-05 05:55:29] ✅ HTTPS测速成功: https://ali-m-l.cztv.com/channels/lantian/channel006/1080p.m3u8
   速度: 289.06KB/s | 数据量: 0.3KB | 总耗时: 0.71s | 证书: 有效
[2026-04-05 05:55:29] ✅ HTTPS测速成功: https://ali-m-l.cztv.com/channels/lantian/channel010/1080p.m3u8
   速度: 291.99KB/s | 数据量: 0.3KB | 总耗时: 0.91s | 证书: 有效
[2026-04-05 05:55:29] ✅ HTTPS测速成功: https://jwcdnqx.hebyun.com.cn/live/clzhpd/1500k/tzwj_video.m3u8
   速度: 513.67KB/s | 数据量: 0.5KB | 总耗时: 0.92s | 证书: 有效
[2026-04-05 05:55:29] ✅ HTTPS测速成功: https://ali-m-l.cztv.com/channels/lantian/channel002/1080p.m3u8
   速度: 291.99KB/s | 数据量: 0.3KB | 总耗时: 0.66s | 证书: 有效
[2026-04-05 05:55:29] ✅ HTTPS测速成功: https://ali-m-l.cztv.com/channels/lantian/channel003/1080p.m3u8
   速度: 291.99KB/s | 数据量: 0.3KB | 总耗时: 0.66s | 证书: 有效
[2026-04-05 05:55:30] ✅ HTTPS测速成功: https://live-auth.51kandianshi.com/szgd/csztv5.m3u8
   速度: 286.13KB/s | 数据量: 0.3KB | 总耗时: 0.35s | 证书: 有效
[2026-04-05 05:55:30] ✅ 通过阈值 HTTP测速: http://phonehw.qing.mgtv.com/nn_live/nn_x64/dWlwPTEwMy4zOS4yMjYuMTAwJnFpZD0mY2RuZXhfaWQ9aHdfcGhvbmUmcz0yODUxNGViMDMzMTQxNjdjYTNiMzYxNjlmNTRmOGYzMSZ1aWQ9JnV1aWQ9ZTRkODgyNGE1YzQ4ZjVkOGQ4MjRmMWRjYzdlOGRlMWUtNjcyN2UyNjQmdj0yJmFzPTAmZXM9MTc0MDQwMTU5Nw,,/HNDSJMPP360.m3u8
   速度: 456.05KB/s | 数据量: 0.5KB | 总耗时: 1.40s | 阈值: 120KB/s
[2026-04-05 05:55:30] ✅ 通过阈值 HTTP测速: http://phonehw.qing.mgtv.com/nn_live/nn_x64/dWlwPTEwMy4zOS4yMjYuMTAwJnFpZD0mY2RuZXhfaWQ9aHdfcGhvbmUmcz0zYTExOGIwNDMyM2Y3Y2EyYjAyZDFjOTE3Yjc4YmU1YSZ1aWQ9JnV1aWQ9OGE4MjU5MWIyOWJkZGMzYWJiNDIxMzFjMmRhNTlkYjMtNjcyN2UyNjQmdj0yJmFzPTAmZXM9MTc0MDQwODkzNA,,/HNGJMPP360.m3u8
   速度: 455.08KB/s | 数据量: 0.5KB | 总耗时: 1.42s | 阈值: 120KB/s
[2026-04-05 05:55:30] ✅ HTTPS测速成功: https://live-auth.51kandianshi.com/szgd/csztv2.m3u8
   速度: 286.13KB/s | 数据量: 0.3KB | 总耗时: 0.45s | 证书: 有效
[2026-04-05 05:55:30] ✅ 通过阈值 HTTP测速: http://112.46.105.20:8009/hls/28/index.m3u8
   速度: 224.61KB/s | 数据量: 0.2KB | 总耗时: 0.41s | 阈值: 120KB/s
[2026-04-05 05:55:30] ✅ 通过阈值 HTTP测速: http://112.46.105.20:8009/hls/29/index.m3u8
   速度: 234.38KB/s | 数据量: 0.2KB | 总耗时: 0.41s | 阈值: 120KB/s
[2026-04-05 05:55:30] ✅ HTTPS测速成功: https://live-auth.51kandianshi.com/szgd/csztv1.m3u8
   速度: 283.20KB/s | 数据量: 0.3KB | 总耗时: 0.72s | 证书: 有效
[2026-04-05 05:55:30] ✅ HTTPS测速成功: https://live-auth.51kandianshi.com/szgd/csztv3.m3u8
   速度: 286.13KB/s | 数据量: 0.3KB | 总耗时: 0.76s | 证书: 有效
[2026-04-05 05:55:30] ✅ 通过阈值 HTTP测速: http://112.46.105.20:8009/hls/18/index.m3u8
   速度: 224.61KB/s | 数据量: 0.2KB | 总耗时: 0.41s | 阈值: 120KB/s
[2026-04-05 05:55:30] ✅ 通过阈值 HTTP测速: http://112.46.105.20:8009/hls/22/index.m3u8
   速度: 224.61KB/s | 数据量: 0.2KB | 总耗时: 0.41s | 阈值: 120KB/s
[2026-04-05 05:55:31] ✅ 通过阈值 HTTP测速: http://112.46.105.20:8009/hls/19/index.m3u8
   速度: 224.61KB/s | 数据量: 0.2KB | 总耗时: 0.42s | 阈值: 120KB/s
[2026-04-05 05:55:31] ✅ 通过阈值 HTTP测速: http://112.46.105.20:8009/hls/20/index.m3u8
   速度: 224.61KB/s | 数据量: 0.2KB | 总耗时: 0.41s | 阈值: 120KB/s
[2026-04-05 05:55:31] ✅ 通过阈值 HTTP测速: http://jwplay.hebyun.com.cn/live/xtsrmtzs/1500k/tzwj_video.m3u8
   速度: 519.53KB/s | 数据量: 0.5KB | 总耗时: 1.25s | 阈值: 120KB/s
[2026-04-05 05:55:31] ✅ HTTPS测速成功: https://jwcdnqx.hebyun.com.cn/live/xtcsshpd/1500k/tzwj_video.m3u8
   速度: 503.91KB/s | 数据量: 0.5KB | 总耗时: 0.91s | 证书: 有效
[2026-04-05 05:55:31] ✅ HTTPS测速成功: https://jwcdnqx.hebyun.com.cn/live/hdgg/1500k/tzwj_video.m3u8
   速度: 507.81KB/s | 数据量: 0.5KB | 总耗时: 0.88s | 证书: 有效
[2026-04-05 05:55:31] ✅ HTTPS测速成功: https://jwcdnqx.hebyun.com.cn/live/hdkj/1500k/tzwj_video.m3u8
   速度: 507.81KB/s | 数据量: 0.5KB | 总耗时: 0.85s | 证书: 有效
[2026-04-05 05:55:31] ✅ HTTPS测速成功: https://pili-live-hls-sjxgz2024.sobeylive.com/jxgz2024/396_q_live172526334096251.m3u8
   速度: 275.39KB/s | 数据量: 0.3KB | 总耗时: 0.86s | 证书: 有效
[2026-04-05 05:55:31] ✅ HTTPS测速成功: https://pili-live-hls-sjxgz2024.sobeylive.com/jxgz2024/396_q_live172526329228525.m3u8
   速度: 275.39KB/s | 数据量: 0.3KB | 总耗时: 0.86s | 证书: 有效
[2026-04-05 05:55:31] ✅ 通过阈值 HTTP测速: http://qcfile.qcrmt.com/nmip-media/channellive/channel100933/playlist.m3u8
   速度: 265.62KB/s | 数据量: 0.3KB | 总耗时: 0.61s | 阈值: 120KB/s
[2026-04-05 05:55:31] ✅ 通过阈值 HTTP测速: http://tpc.x3322.net:9901/tsfile/live/1010_1.m3u8
   速度: 422.85KB/s | 数据量: 0.4KB | 总耗时: 1.50s | 阈值: 120KB/s
[2026-04-05 05:55:32] ✅ 通过阈值 HTTP测速: http://newcntv.qcloudcdn.com/asp/hls/4000/0303000a/3/default/2bdfdad540b342f592f9817cb7f3b79a/4000.m3u8
   速度: 7620.12KB/s | 数据量: 7.6KB | 总耗时: 0.99s | 阈值: 120KB/s
[2026-04-05 05:55:32] ✅ 通过阈值 HTTP测速: http://newcntv.qcloudcdn.com/asp/hls/4000/0303000a/3/default/93fc12dbf14241c18c23da104fbade23/4000.m3u8
   速度: 979.49KB/s | 数据量: 1.0KB | 总耗时: 0.66s | 阈值: 120KB/s
[2026-04-05 05:55:32] ✅ 通过阈值 HTTP测速: http://newcntv.qcloudcdn.com/asp/hls/1200/0303000a/3/default/1425e1d505654cb48ba82b807b221193/1200.m3u8
   速度: 4116.21KB/s | 数据量: 4.1KB | 总耗时: 0.55s | 阈值: 120KB/s
[2026-04-05 05:55:32] 🚫 未达阈值 HTTP测速: http://110.153.180.106:55555/out_3/index.m3u8?zxinjd
   速度: 79.10KB/s | 数据量: 0.1KB | 总耗时: 0.61s | 阈值: 120KB/s
[2026-04-05 05:55:32] ✅ 通过阈值 HTTP测速: http://pili-live-hls.hfmt.net/gntv/lttv.m3u8?zgand
   速度: 238.28KB/s | 数据量: 0.2KB | 总耗时: 0.86s | 阈值: 120KB/s
[2026-04-05 05:55:32] ✅ 通过阈值 HTTP测速: http://stream5.jlntv.cn/df/sd/live.m3u8?zjild
   速度: 463.87KB/s | 数据量: 0.5KB | 总耗时: 1.13s | 阈值: 120KB/s
[2026-04-05 05:55:32] ✅ 通过阈值 HTTP测速: http://pili-live-hls.hfmt.net/gntv/xhtv.m3u8?zgand
   速度: 238.28KB/s | 数据量: 0.2KB | 总耗时: 0.17s | 阈值: 120KB/s
[2026-04-05 05:55:32] 🚫 未达阈值 HTTP测速: http://110.153.180.106:55555/out_4/index.m3u8?zxinjd
   速度: 79.10KB/s | 数据量: 0.1KB | 总耗时: 0.59s | 阈值: 120KB/s
[2026-04-05 05:55:32] 🚫 未达阈值 HTTP测速: http://110.153.180.106:55555/out_2/index.m3u8?zxinjd
   速度: 79.10KB/s | 数据量: 0.1KB | 总耗时: 0.60s | 阈值: 120KB/s
[2026-04-05 05:55:32] ✅ 通过阈值 HTTP测速: http://stream10.jlntv.cn/jiutaitv/sd/live.m3u8?zjild
   速度: 375.00KB/s | 数据量: 0.4KB | 总耗时: 1.21s | 阈值: 120KB/s
[2026-04-05 05:55:33] 🚫 未达阈值 HTTP测速: http://12371ksc.v.kcdnvip.com/12371/dangyuanwang_1/index.m3u8
   速度: 107.42KB/s | 数据量: 0.1KB | 总耗时: 1.47s | 阈值: 120KB/s
[2026-04-05 05:55:33] ✅ 通过阈值 HTTP测速: http://stream5.jlntv.cn/sl/sd/live.m3u8?zjild
   速度: 463.87KB/s | 数据量: 0.5KB | 总耗时: 0.69s | 阈值: 120KB/s
[2026-04-05 05:55:33] ✅ 通过阈值 HTTP测速: http://newcntv.qcloudcdn.com/asp/hls/1200/0303000a/3/default/c6baf6f74bb944aeacee1065ea72c798/1200.m3u8
   速度: 4420.90KB/s | 数据量: 4.4KB | 总耗时: 0.66s | 阈值: 120KB/s
[2026-04-05 05:55:33] ✅ 通过阈值 HTTP测速: http://218.84.12.186:8002/hls/main/playlist.m3u8?zxinjd
   速度: 326.17KB/s | 数据量: 0.3KB | 总耗时: 0.63s | 阈值: 120KB/s
[2026-04-05 05:55:33] ✅ 通过阈值 HTTP测速: http://stream5.jlntv.cn/lh/sd/live.m3u8?zjild
   速度: 463.87KB/s | 数据量: 0.5KB | 总耗时: 0.62s | 阈值: 120KB/s
[2026-04-05 05:55:33] ✅ 通过阈值 HTTP测速: http://stream10.jlntv.cn/huadian/sd/live.m3u8?zjild
   速度: 370.12KB/s | 数据量: 0.4KB | 总耗时: 0.66s | 阈值: 120KB/s
[2026-04-05 05:55:33] ✅ 通过阈值 HTTP测速: http://pili-live-hls.hfmt.net/gntv/lqtv.m3u8?zgand
   速度: 238.28KB/s | 数据量: 0.2KB | 总耗时: 0.07s | 阈值: 120KB/s
[2026-04-05 05:55:33] ✅ 通过阈值 HTTP测速: http://stream5.jlntv.cn/wq/sd/live.m3u8?zjild
   速度: 478.52KB/s | 数据量: 0.5KB | 总耗时: 0.65s | 阈值: 120KB/s
[2026-04-05 05:55:33] ✅ 通过阈值 HTTP测速: http://218.84.127.245:1026/hls/main1/playlist.m3u8?zxinjd
   速度: 233.40KB/s | 数据量: 0.2KB | 总耗时: 0.56s | 阈值: 120KB/s
[2026-04-05 05:55:34] ✅ 通过阈值 HTTP测速: http://stream8.jlntv.cn/hctv/sd/live.m3u8?zjild
   速度: 472.66KB/s | 数据量: 0.5KB | 总耗时: 0.62s | 阈值: 120KB/s
[2026-04-05 05:55:34] 🚫 未达阈值 HTTP测速: http://stream8.jlntv.cn/dhtv/playlist.m3u8?zjild
   速度: 91.80KB/s | 数据量: 0.1KB | 总耗时: 1.26s | 阈值: 120KB/s
[2026-04-05 05:55:34] 🚫 未达阈值 HTTP测速: http://stream8.jlntv.cn/baishan2/playlist.m3u8?zjild
   速度: 90.82KB/s | 数据量: 0.1KB | 总耗时: 0.65s | 阈值: 120KB/s
[2026-04-05 05:55:34] ✅ 通过阈值 HTTP测速: http://pili-live-hls.hfmt.net/gntv/zqtv.m3u8?zgand
   速度: 238.28KB/s | 数据量: 0.2KB | 总耗时: 0.33s | 阈值: 120KB/s
[2026-04-05 05:55:34] ✅ 通过阈值 HTTP测速: http://newcntv.qcloudcdn.com/asp/hls/1200/0303000a/3/default/81a1ad3a661748bfb8560c92d38204ca/1200.m3u8
   速度: 7340.82KB/s | 数据量: 7.3KB | 总耗时: 0.64s | 阈值: 120KB/s
[2026-04-05 05:55:34] ✅ 通过阈值 HTTP测速: http://stream5.jlntv.cn/ps/sd/live.m3u8?zjild
   速度: 463.87KB/s | 数据量: 0.5KB | 总耗时: 0.69s | 阈值: 120KB/s
[2026-04-05 05:55:34] ✅ 通过阈值 HTTP测速: http://stream8.jlntv.cn/shulan/sd/live.m3u8?zjild
   速度: 482.42KB/s | 数据量: 0.5KB | 总耗时: 0.65s | 阈值: 120KB/s
[2026-04-05 05:55:34] ✅ 通过阈值 HTTP测速: http://pili-live-rtmp.luan2.hfmt.net/luan2/xifeng/123456.m3u8?zgand
   速度: 257.81KB/s | 数据量: 0.3KB | 总耗时: 0.68s | 阈值: 120KB/s
[2026-04-05 05:55:34] ✅ 通过阈值 HTTP测速: http://stream5.jlntv.cn/hn/sd/live.m3u8?zjild
   速度: 463.87KB/s | 数据量: 0.5KB | 总耗时: 0.65s | 阈值: 120KB/s
[2026-04-05 05:55:34] ✅ 通过阈值 HTTP测速: http://stream5.jlntv.cn/thx/sd/live.m3u8?zjild
   速度: 483.40KB/s | 数据量: 0.5KB | 总耗时: 0.64s | 阈值: 120KB/s
[2026-04-05 05:55:35] ✅ 通过阈值 HTTP测速: http://stream8.jlntv.cn/jytv/sd/live.m3u8?zjild
   速度: 472.66KB/s | 数据量: 0.5KB | 总耗时: 0.64s | 阈值: 120KB/s
[2026-04-05 05:55:35] ✅ HTTPS测速成功: https://liveout.btzx.com.cn/62ds9e/6o77s4.m3u8?zxinjd
   速度: 264.65KB/s | 数据量: 0.3KB | 总耗时: 1.01s | 证书: 有效
[2026-04-05 05:55:35] ✅ 通过阈值 HTTP测速: http://stream8.jlntv.cn/cbstv/sd/live.m3u8?zjild
   速度: 492.19KB/s | 数据量: 0.5KB | 总耗时: 0.68s | 阈值: 120KB/s
[2026-04-05 05:55:35] ✅ 通过阈值 HTTP测速: http://stream8.jlntv.cn/ljtv/sd/live.m3u8?zjild
   速度: 472.66KB/s | 数据量: 0.5KB | 总耗时: 0.64s | 阈值: 120KB/s
[2026-04-05 05:55:35] ✅ HTTPS测速成功: https://m3u8channel-yj.yunxya.com/nmip-media/channellive/channel101140/playlist.m3u8
   速度: 271.48KB/s | 数据量: 0.3KB | 总耗时: 3.97s | 证书: 有效
[2026-04-05 05:55:36] ✅ HTTPS测速成功: https://newcntv.qcloudcdn.com/asp/hls/2000/0303000a/3/default/d2454bbb542d4613a9db478dab2addfd/2000.m3u8
   速度: 5678.71KB/s | 数据量: 5.7KB | 总耗时: 1.06s | 证书: 有效
[2026-04-05 05:55:36] ✅ HTTPS测速成功: https://play.yunxya.com/channellive/xinwen.m3u8
   速度: 363.28KB/s | 数据量: 0.4KB | 总耗时: 1.73s | 证书: 有效
[2026-04-05 05:55:36] ✅ HTTPS测速成功: https://txmov2.a.kwimgs.com/bs3/video-hls/5194620763762726260_hlsb.m3u8
   速度: 5174.84KB/s | 数据量: 157.5KB | 总耗时: 0.76s | 证书: 有效
[2026-04-05 05:55:36] ✅ HTTPS测速成功: https://txmov2.a.kwimgs.com/bs3/video-hls/5216575810935394655_hlsb.m3u8
   速度: 4901.99KB/s | 数据量: 153.8KB | 总耗时: 0.78s | 证书: 有效
[2026-04-05 05:55:36] ✅ HTTPS测速成功: https://txmov2.a.kwimgs.com/bs3/video-hls/5195746663405928031_hlsb.m3u8
   速度: 1494.95KB/s | 数据量: 149.3KB | 总耗时: 0.96s | 证书: 有效
[2026-04-05 05:55:38] ❌ HTTP测速失败: http://tvdrs.wsrtv.com.cn:8100/channellive/mlptv.flv?zyund
   错误: HTTPConnectionPool(host='tvdrs.wsrtv.com.cn', port=8100): Max retries exceeded with url: /channellive/mlptv.flv?zyund (Caused by ConnectTimeoutError(<HTTPConnection(host='tvdrs.wsrtv.com.cn', port=8100) at 0x7f36a38eb570>, 'Connection to tvdrs.wsrtv.com.cn timed out. (connect timeout=3.05)')) | 域名: tvdrs.wsrtv.com.cn
[2026-04-05 05:55:39] ✅ 通过阈值 HTTP测速: http://tvdrs.wsrtv.com.cn:8100/channellive/ch1.flv?zyund
   速度: 121.42KB/s | 数据量: 638.7KB | 总耗时: 6.23s | 阈值: 120KB/s
[2026-04-05 05:55:42] ✅ HTTPS测速成功: https://alimov2.a.kwimgs.com/upic/2023/01/13/22/BMjAyMzAxMTMyMjEwMDNfNDAzMDAxOTlfOTM1MTIzMzYxMjNfMF8z_b_B3dde97f36273f04403d4dc5eec611a35.mp4
   速度: 12039.98KB/s | 数据量: 60416.0KB | 总耗时: 5.66s | 证书: 有效
[2026-04-05 05:55:42] ✅ HTTPS测速成功: https://alimov2.a.kwimgs.com/upic/2023/01/13/20/BMjAyMzAxMTMyMDA5MjJfNDAzMDAxOTlfOTM0OTkwNDQwNzVfMF8z_b_B811c0dec6b9a3d3074a18522c185010a.mp4
   速度: 12003.65KB/s | 数据量: 60416.0KB | 总耗时: 5.69s | 证书: 有效
[2026-04-05 05:55:42] ✅ HTTPS测速成功: https://alimov2.a.kwimgs.com/upic/2023/01/13/21/BMjAyMzAxMTMyMTE4MzRfNDAzMDAxOTlfOTM1MDY4ODIxNDdfMF8z_b_Ba6271d10b7e6cfae83759033a091f257.mp4
   速度: 13296.43KB/s | 数据量: 66560.0KB | 总耗时: 5.70s | 证书: 有效
[2026-04-05 05:55:42] ✅ HTTPS测速成功: https://alimov2.a.kwimgs.com/upic/2023/01/13/20/BMjAyMzAxMTMyMDA5MjJfNDAzMDAxOTlfOTM0OTkwNDQyMDFfMF8z_b_B70592cb7c4054e9cabb675e849bbf4bd.mp4
   速度: 12848.51KB/s | 数据量: 64512.0KB | 总耗时: 5.71s | 证书: 有效
[2026-04-05 05:55:42] ✅ HTTPS测速成功: https://alimov2.a.kwimgs.com/upic/2023/01/13/22/BMjAyMzAxMTMyMjEwMDNfNDAzMDAxOTlfOTM1MTIzMzYxNTJfMF8z_b_Bd841eae10ab1c9955ef55fbedfae6c45.mp4
   速度: 13026.48KB/s | 数据量: 65536.0KB | 总耗时: 5.73s | 证书: 有效
[2026-04-05 05:55:42] ✅ HTTPS测速成功: https://alimov2.a.kwimgs.com/upic/2023/01/13/21/BMjAyMzAxMTMyMTE4MzRfNDAzMDAxOTlfOTM1MDY4ODIxMTNfMF8z_b_Bdddf4e7ef0ff6cfd477857bb40e78419.mp4
   速度: 14786.18KB/s | 数据量: 74752.0KB | 总耗时: 5.74s | 证书: 有效
[2026-04-05 05:55:42] ✅ HTTPS测速成功: https://alimov2.a.kwimgs.com/upic/2023/01/13/22/BMjAyMzAxMTMyMjEwMDNfNDAzMDAxOTlfOTM1MTIzMzYwODJfMF8z_b_B647d10e431b4cc5e48e6c77347d69021.mp4
   速度: 13366.93KB/s | 数据量: 67584.0KB | 总耗时: 5.76s | 证书: 有效
[2026-04-05 05:55:42] ✅ HTTPS测速成功: https://alimov2.a.kwimgs.com/upic/2023/01/14/23/BMjAyMzAxMTQyMzQxNDdfNDAzMDAxOTlfOTM2MTU0MTk1NDFfMF8z_b_B182749d2cd2ea9323639254af385f24b.mp4
   速度: 10829.06KB/s | 数据量: 54272.0KB | 总耗时: 5.41s | 证书: 有效
[2026-04-05 05:55:44] ✅ HTTPS测速成功: https://alimov2.a.kwimgs.com/upic/2023/01/13/21/BMjAyMzAxMTMyMTE4MzRfNDAzMDAxOTlfOTM1MDY4ODIxOTVfMF8z_b_B86c4430b82ff5a7f4e8132f6ee558536.mp4
   速度: 12339.64KB/s | 数据量: 63488.0KB | 总耗时: 5.30s | 证书: 有效
[2026-04-05 05:55:45] ✅ HTTPS测速成功: https://alimov2.a.kwimgs.com/upic/2023/01/13/20/BMjAyMzAxMTMyMDA5MjJfNDAzMDAxOTlfOTM0OTkwNDQyMzhfMF8z_b_B35ad7cc86aec8fc9e5ddfb31fc7bed63.mp4
   速度: 13028.88KB/s | 数据量: 65536.0KB | 总耗时: 5.51s | 证书: 有效
[2026-04-05 05:55:45] ✅ HTTPS测速成功: https://p2.bdstatic.com/rtmp.liveshow.lss-user.baidubce.com/live/stream_bduid_6488563992_8982723413/merged_1707497046297_88536_25144_41936.m3u8
   速度: 223.41KB/s | 数据量: 103.6KB | 总耗时: 1.43s | 证书: 有效
[2026-04-05 05:55:46] ✅ HTTPS测速成功: https://svipsvip.ffzyread1.com/20250129/35458_c988286f/index.m3u8
   速度: 398.44KB/s | 数据量: 0.4KB | 总耗时: 1.55s | 证书: 有效
[2026-04-05 05:55:46] ✅ 通过阈值 HTTP测速: http://tvcdn.stream3.hndt.com/tv/65c4a6d5017e1000b2b6ea2500000000_transios/playlist.m3u8?wsSecret=56e015bde2d1ee0ad6183156a0e6651e&wsTime=1775347151
   速度: 349.61KB/s | 数据量: 0.3KB | 总耗时: 1.39s | 阈值: 120KB/s
[2026-04-05 05:55:47] ✅ HTTPS测速成功: https://svip.high24-playback.com/20250129/17159_7bca93c4/2000k/hls/mixed.m3u8
   速度: 398.44KB/s | 数据量: 0.4KB | 总耗时: 1.39s | 证书: 有效
[2026-04-05 05:55:47] ✅ 通过阈值 HTTP测速: http://tvcdn.stream3.hndt.com/tv/65bb6966017e100059b75a8500000000_transios/playlist.m3u8?wsSecret=46f47978c776346d88c9854e6f7b5ebe&wsTime=1775347151
   速度: 348.63KB/s | 数据量: 0.3KB | 总耗时: 1.00s | 阈值: 120KB/s
[2026-04-05 05:55:47] ✅ HTTPS测速成功: https://alimov2.a.kwimgs.com/upic/2023/01/13/20/BMjAyMzAxMTMyMDA5MjJfNDAzMDAxOTlfOTM0OTkwNDQyNzlfMF8z_b_Bbc3703fc331dc994c50859c19aad28ff.mp4
   速度: 13128.58KB/s | 数据量: 66560.0KB | 总耗时: 5.38s | 证书: 有效
[2026-04-05 05:55:47] ✅ HTTPS测速成功: https://alimov2.a.kwimgs.com/upic/2023/01/13/20/BMjAyMzAxMTMyMDA5MjJfNDAzMDAxOTlfOTM0OTkwNDQ1NjNfMF8z_b_B4fea55408dca4471a68a963ae096be59.mp4
   速度: 14858.05KB/s | 数据量: 74752.0KB | 总耗时: 5.18s | 证书: 有效
[2026-04-05 05:55:47] ✅ 通过阈值 HTTP测速: http://tvcdn.stream3.hndt.com/tv/65c3fbc5017e1000fde13faa00000000_transios/playlist.m3u8?wsSecret=acba21bfffdca54cbfd287895ca38b14&wsTime=1775347151
   速度: 349.61KB/s | 数据量: 0.3KB | 总耗时: 1.01s | 阈值: 120KB/s
[2026-04-05 05:55:48] ✅ HTTPS测速成功: https://alimov2.a.kwimgs.com/upic/2023/01/13/20/BMjAyMzAxMTMyMDA5MjJfNDAzMDAxOTlfOTM0OTkwNDQ0MjlfMF8z_b_B8818807a00eed329a69fb494f405bd43.mp4
   速度: 13167.40KB/s | 数据量: 66560.0KB | 总耗时: 5.23s | 证书: 有效
[2026-04-05 05:55:48] ✅ HTTPS测速成功: https://alimov2.a.kwimgs.com/upic/2023/01/06/16/BMjAyMzAxMDYxNjMxMTRfNDAzMDAxOTlfOTI4OTY2ODE2MTBfMF8z_b_B11a778e34390a21de42d407e94f45b91.mp4
   速度: 13067.55KB/s | 数据量: 65536.0KB | 总耗时: 5.41s | 证书: 有效
[2026-04-05 05:55:48] ✅ HTTPS测速成功: https://alimov2.a.kwimgs.com/upic/2023/01/06/16/BMjAyMzAxMDYxNjMxMTNfNDAzMDAxOTlfOTI4OTY2ODAzNjlfMF8z_b_Bdee65c77f9e7b2120a185c919dad81d2.mp4
   速度: 12882.20KB/s | 数据量: 64512.0KB | 总耗时: 5.42s | 证书: 有效
[2026-04-05 05:55:48] ✅ HTTPS测速成功: https://alimov2.a.kwimgs.com/upic/2023/01/13/20/BMjAyMzAxMTMyMDA5MjJfNDAzMDAxOTlfOTM0OTkwNDQzMjNfMF8z_b_B00b069c7899976459ceeaa99353dfefe.mp4
   速度: 12090.43KB/s | 数据量: 61440.0KB | 总耗时: 5.46s | 证书: 有效
[2026-04-05 05:55:48] ✅ HTTPS测速成功: https://alimov2.a.kwimgs.com/upic/2023/01/13/20/BMjAyMzAxMTMyMDA5MjJfNDAzMDAxOTlfOTM0OTkwNDQzOTBfMF8z_b_B29a36a85e0277f6c2a1f033ef7c10708.mp4
   速度: 12128.95KB/s | 数据量: 61440.0KB | 总耗时: 5.46s | 证书: 有效
[2026-04-05 05:55:48] ✅ 通过阈值 HTTP测速: http://tvcdn.stream3.hndt.com/tv/65bef28a017e10009c49d5f900000000_transios/playlist.m3u8?wsSecret=a6def0b87724a821a4b739b51ce80221&wsTime=1775347151
   速度: 348.63KB/s | 数据量: 0.3KB | 总耗时: 1.50s | 阈值: 120KB/s
[2026-04-05 05:55:48] RTMP检测异常: rtmp://rtmp.tv.stream3.hndt.com/tv/647f9277018410008cf925e200000000?wsSecret=9a23316ee66e918684e097f&wsSecret=218d7334d1edc8404ac9a0d7fa130de0&wsTime=1775347151 | [Errno 2] No such file or directory: 'ffmpeg'
[2026-04-05 05:55:48] ✅ 通过阈值 HTTP测速: http://tvcdn.stream3.hndt.com/tv/65be54a9017e1000af59fb4800000000_transios/playlist.m3u8?wsSecret=7d54b574629b4abe4ec2177f0889e4e5&wsTime=1775347151
   速度: 349.61KB/s | 数据量: 0.3KB | 总耗时: 1.51s | 阈值: 120KB/s
[2026-04-05 05:55:48] ✅ 通过阈值 HTTP测速: http://tvcdn.stream3.hndt.com/tv/65b93894017e10000ae6b07d00000000_transios/playlist.m3u8?wsSecret=e1d04d2ed74a91f7491d22023aec6f59&wsTime=1775347151
   速度: 349.61KB/s | 数据量: 0.3KB | 总耗时: 1.01s | 阈值: 120KB/s
[2026-04-05 05:55:48] ✅ 通过阈值 HTTP测速: http://tvcdn.stream3.hndt.com/tv/65b8302b017e100019dc540f00000000_transios/playlist.m3u8?wsSecret=6d3310a33386c1e5926440c60fe7eaab&wsTime=1775347151
   速度: 348.63KB/s | 数据量: 0.3KB | 总耗时: 1.00s | 阈值: 120KB/s
[2026-04-05 05:55:48] ✅ 通过阈值 HTTP测速: http://tvcdn.stream3.hndt.com/tv/65bd329b017e1000648cd2ed00000000_transios/playlist.m3u8?wsSecret=af6c23db50da2b0901c73e7dad32cf57&wsTime=1775347151
   速度: 349.61KB/s | 数据量: 0.3KB | 总耗时: 1.01s | 阈值: 120KB/s
[2026-04-05 05:55:49] ✅ 通过阈值 HTTP测速: http://tvcdn.stream3.hndt.com/tv/d34d1a2b0178100022de972e00000000_transios/playlist.m3u8?wsSecret=075b873c1292b938d60da8475eb0f678&wsTime=1775347151
   速度: 348.63KB/s | 数据量: 0.3KB | 总耗时: 1.01s | 阈值: 120KB/s
[2026-04-05 05:55:49] 🚫 未达阈值 HTTP测速: http://111.56.90.5/000000000000/1000000005000265001/1.m3u8
   速度: 10.75KB/s | 数据量: 2.2KB | 总耗时: 0.64s | 阈值: 120KB/s
[2026-04-05 05:55:49] 🚫 未达阈值 HTTP测速: http://111.56.90.5/000000000000/6000000001000029752/1.m3u8
   速度: 10.39KB/s | 数据量: 2.1KB | 总耗时: 0.63s | 阈值: 120KB/s
[2026-04-05 05:55:49] 🚫 未达阈值 HTTP测速: http://111.56.90.5/000000000000/5000000004000002226/1.m3u8
   速度: 10.84KB/s | 数据量: 2.3KB | 总耗时: 0.63s | 阈值: 120KB/s
[2026-04-05 05:55:49] ✅ 通过阈值 HTTP测速: http://38.75.136.137:98/gslb/dsdqpub/cctv2hd.m3u8?auth=testpub
   速度: 205.08KB/s | 数据量: 0.2KB | 总耗时: 0.13s | 阈值: 120KB/s
[2026-04-05 05:55:49] 🚫 未达阈值 HTTP测速: http://111.56.90.5/000000000000/1000000001000023315/1.m3u8
   速度: 9.34KB/s | 数据量: 2.2KB | 总耗时: 0.74s | 阈值: 120KB/s
[2026-04-05 05:55:50] 🚫 未达阈值 HTTP测速: http://111.56.90.5/000000000000/1000000001000012442/1.m3u8
   速度: 9.51KB/s | 数据量: 2.2KB | 总耗时: 0.79s | 阈值: 120KB/s
[2026-04-05 05:55:50] 🚫 未达阈值 HTTP测速: http://111.56.90.5/000000000000/6000000001000014161/1.m3u8
   速度: 10.57KB/s | 数据量: 2.2KB | 总耗时: 0.64s | 阈值: 120KB/s
[2026-04-05 05:55:50] ✅ HTTPS测速成功: https://dxtx.hntv.tv/live/wwbk.m3u8?txSecret=317b89626134fd6bea6e129455b5ff18&txTime=7C4C635C&wsSecret=17b0306d8adef29826d3591225c42d2b&wsTime=1775347151
   速度: 280.27KB/s | 数据量: 0.3KB | 总耗时: 1.01s | 证书: 有效
[2026-04-05 05:55:50] ✅ HTTPS测速成功: https://dxtx.hntv.tv/live/lypd.m3u8?txSecret=10c771842a0be59e8b575d765173ec96&txTime=7B923E0A&wsSecret=bc4a5a09554bed69ddb0440d54bf39ea&wsTime=1775347151
   速度: 277.34KB/s | 数据量: 0.3KB | 总耗时: 1.04s | 证书: 有效
[2026-04-05 05:55:50] ✅ HTTPS测速成功: https://dxtx.hntv.tv/live/wssj.m3u8?txSecret=c38b4d31ba4c45c6babb5c47132123e3&txTime=7ABB976A&wsSecret=d4606fb4d6b61f6d0bb856f2f2426dbe&wsTime=1775347151
   速度: 286.13KB/s | 数据量: 0.3KB | 总耗时: 1.08s | 证书: 有效
[2026-04-05 05:55:50] 🚫 未达阈值 HTTP测速: http://111.56.90.5/000000000000/1000000005000265003/1.m3u8
   速度: 9.49KB/s | 数据量: 2.2KB | 总耗时: 0.72s | 阈值: 120KB/s
[2026-04-05 05:55:50] ✅ HTTPS测速成功: https://dxtx.hntv.tv/live/jczy.m3u8?txSecret=e785008e49564e5e738439b4dd2ae68e&txTime=7C4C6207&wsSecret=54aebffab9dec469bcd39856ddabc9a9&wsTime=1775347151
   速度: 280.27KB/s | 数据量: 0.3KB | 总耗时: 1.16s | 证书: 有效
[2026-04-05 05:55:50] 🚫 未达阈值 HTTP测速: http://111.56.90.5/000000000000/1000000001000011218/1.m3u8
   速度: 10.46KB/s | 数据量: 2.2KB | 总耗时: 0.64s | 阈值: 120KB/s
[2026-04-05 05:55:50] 🚫 未达阈值 HTTP测速: http://111.56.90.5/000000000000/6000000001000022313/1.m3u8
   速度: 10.25KB/s | 数据量: 2.2KB | 总耗时: 0.66s | 阈值: 120KB/s
[2026-04-05 05:55:50] ✅ 通过阈值 HTTP测速: http://38.75.136.137:98/gslb/dsdqbv/cctv4hd.m3u8?auth=test20251009
   速度: 199.22KB/s | 数据量: 0.2KB | 总耗时: 0.21s | 阈值: 120KB/s
[2026-04-05 05:55:50] ✅ 通过阈值 HTTP测速: http://112.27.235.94:8000/hls/5/index.m3u8
   速度: 246.09KB/s | 数据量: 0.2KB | 总耗时: 0.38s | 阈值: 120KB/s
[2026-04-05 05:55:50] 🚫 未达阈值 HTTP测速: http://111.56.90.5/000000000000/1000000002000031664/1.m3u8
   速度: 9.15KB/s | 数据量: 2.2KB | 总耗时: 0.73s | 阈值: 120KB/s
[2026-04-05 05:55:50] ✅ 通过阈值 HTTP测速: http://tvcdn.stream3.hndt.com/tv/65ba653b017e1000d4ee41c700000000_transios/playlist.m3u8?wsSecret=075d58926013135d346f8da276a99f41&wsTime=1775347151
   速度: 349.61KB/s | 数据量: 0.3KB | 总耗时: 2.00s | 阈值: 120KB/s
[2026-04-05 05:55:50] 🚫 未达阈值 HTTP测速: http://111.56.90.5/000000000000/1000000005000265004/1.m3u8
   速度: 10.37KB/s | 数据量: 2.2KB | 总耗时: 0.65s | 阈值: 120KB/s
[2026-04-05 05:55:50] 🚫 未达阈值 HTTP测速: http://111.56.90.5/000000000000/1000000005000265005/1.m3u8
   速度: 10.31KB/s | 数据量: 2.2KB | 总耗时: 0.66s | 阈值: 120KB/s
[2026-04-05 05:55:50] 🚫 未达阈值 HTTP测速: http://111.56.90.5/000000000000/5000000011000031102/1.m3u8
   速度: 9.76KB/s | 数据量: 2.3KB | 总耗时: 0.70s | 阈值: 120KB/s
[2026-04-05 05:55:50] 🚫 未达阈值 HTTP测速: http://111.56.90.5/000000000000/1000000001000004794/1.m3u8
   速度: 10.64KB/s | 数据量: 2.2KB | 总耗时: 0.63s | 阈值: 120KB/s
[2026-04-05 05:55:51] 🚫 未达阈值 HTTP测速: http://111.56.90.5/000000000000/1000000005000265006/1.m3u8
   速度: 9.38KB/s | 数据量: 2.2KB | 总耗时: 0.73s | 阈值: 120KB/s
[2026-04-05 05:55:51] ✅ 通过阈值 HTTP测速: http://63.141.230.178:82/gslb/zbdq5.m3u8?id=cctv8hd
   速度: 205.08KB/s | 数据量: 0.2KB | 总耗时: 0.09s | 阈值: 120KB/s
[2026-04-05 05:55:51] ✅ HTTPS测速成功: https://iptv.catvod.com/live.php?id=CCTV6&line=11
   速度: 210.94KB/s | 数据量: 0.2KB | 总耗时: 0.32s | 证书: 有效
[2026-04-05 05:55:51] 🚫 未达阈值 HTTP测速: http://111.56.90.5/000000000000/1000000001000001737/1.m3u8
   速度: 10.63KB/s | 数据量: 2.2KB | 总耗时: 0.64s | 阈值: 120KB/s
[2026-04-05 05:55:51] 🚫 未达阈值 HTTP测速: http://111.56.90.5/000000000000/1000000001000024341/1.m3u8
   速度: 10.46KB/s | 数据量: 2.2KB | 总耗时: 0.65s | 阈值: 120KB/s
[2026-04-05 05:55:51] 🚫 未达阈值 HTTP测速: http://111.56.90.5/000000000000/6000000001000009055/1.m3u8
   速度: 10.71KB/s | 数据量: 2.2KB | 总耗时: 0.64s | 阈值: 120KB/s
[2026-04-05 05:55:51] 🚫 未达阈值 HTTP测速: http://111.56.90.5/000000000000/1000000005000265008/1.m3u8
   速度: 10.14KB/s | 数据量: 2.1KB | 总耗时: 0.66s | 阈值: 120KB/s
[2026-04-05 05:55:51] 🚫 未达阈值 HTTP测速: http://111.56.90.5/000000000000/1000000001000003736/1.m3u8
   速度: 9.96KB/s | 数据量: 2.1KB | 总耗时: 0.66s | 阈值: 120KB/s
[2026-04-05 05:55:51] 🚫 未达阈值 HTTP测速: http://111.56.90.5/000000000000/6000000001000001070/1.m3u8
   速度: 10.57KB/s | 数据量: 2.2KB | 总耗时: 0.64s | 阈值: 120KB/s
[2026-04-05 05:55:51] ✅ 通过阈值 HTTP测速: http://hczn.x3322.net:9902/tsfile/live/0005_1.m3u8?key=txiptv&playlive=1&authid=0
   速度: 418.95KB/s | 数据量: 0.4KB | 总耗时: 1.33s | 阈值: 120KB/s
[2026-04-05 05:55:51] ✅ 通过阈值 HTTP测速: http://38.75.136.137:98/gslb/dsdqpub/cctv11hd.m3u8?auth=testpub
   速度: 208.01KB/s | 数据量: 0.2KB | 总耗时: 0.12s | 阈值: 120KB/s
[2026-04-05 05:55:51] 🚫 未达阈值 HTTP测速: http://111.56.90.5/000000000000/1000000005000265009/1.m3u8
   速度: 10.67KB/s | 数据量: 2.2KB | 总耗时: 0.63s | 阈值: 120KB/s
[2026-04-05 05:55:51] 🚫 未达阈值 HTTP测速: http://111.56.90.5/000000000000/1000000001000014583/1.m3u8
   速度: 10.37KB/s | 数据量: 2.2KB | 总耗时: 0.65s | 阈值: 120KB/s
[2026-04-05 05:55:52] 🚫 未达阈值 HTTP测速: http://111.56.90.5/000000000000/6000000001000032162/1.m3u8
   速度: 10.26KB/s | 数据量: 2.2KB | 总耗时: 0.66s | 阈值: 120KB/s
[2026-04-05 05:55:52] 🚫 未达阈值 HTTP测速: http://111.56.90.5/000000000000/1000000001000023734/1.m3u8
   速度: 10.54KB/s | 数据量: 2.2KB | 总耗时: 0.64s | 阈值: 120KB/s
[2026-04-05 05:55:52] 🚫 未达阈值 HTTP测速: http://111.56.90.5/000000000000/1000000005000265010/1.m3u8
   速度: 9.96KB/s | 数据量: 2.2KB | 总耗时: 0.67s | 阈值: 120KB/s
[2026-04-05 05:55:52] ✅ 通过阈值 HTTP测速: http://38.75.136.137:98/gslb/dsdqpub/cctv12hd.m3u8?auth=testpub
   速度: 208.01KB/s | 数据量: 0.2KB | 总耗时: 0.12s | 阈值: 120KB/s
[2026-04-05 05:55:52] 🚫 未达阈值 HTTP测速: http://111.56.90.5/000000000000/1000000005000265011/1.m3u8
   速度: 10.61KB/s | 数据量: 2.2KB | 总耗时: 0.64s | 阈值: 120KB/s
[2026-04-05 05:55:52] 🚫 未达阈值 HTTP测速: http://111.56.90.5/000000000000/1000000002000019789/1.m3u8
   速度: 10.17KB/s | 数据量: 2.2KB | 总耗时: 0.66s | 阈值: 120KB/s
[2026-04-05 05:55:52] 🚫 未达阈值 HTTP测速: http://111.56.90.5/000000000000/5000000004000012827/1.m3u8
   速度: 10.71KB/s | 数据量: 2.2KB | 总耗时: 0.76s | 阈值: 120KB/s
[2026-04-05 05:55:52] 🚫 未达阈值 HTTP测速: http://111.56.90.5/000000000000/5000000011000031106/1.m3u8
   速度: 10.45KB/s | 数据量: 2.2KB | 总耗时: 0.70s | 阈值: 120KB/s
[2026-04-05 05:55:52] 🚫 未达阈值 HTTP测速: http://111.56.90.5/000000000000/1000000005000265012/1.m3u8
   速度: 9.39KB/s | 数据量: 2.2KB | 总耗时: 0.72s | 阈值: 120KB/s
[2026-04-05 05:55:52] 🚫 未达阈值 HTTP测速: http://111.56.90.5/000000000000/1000000001000032494/1.m3u8
   速度: 10.59KB/s | 数据量: 2.2KB | 总耗时: 0.64s | 阈值: 120KB/s
[2026-04-05 05:55:52] 🚫 未达阈值 HTTP测速: http://111.56.90.5/000000000000/6000000001000022586/1.m3u8
   速度: 10.36KB/s | 数据量: 2.2KB | 总耗时: 0.65s | 阈值: 120KB/s
[2026-04-05 05:55:52] 🚫 未达阈值 HTTP测速: http://111.56.90.5/000000000000/1000000005000265101/1.m3u8
   速度: 10.16KB/s | 数据量: 2.2KB | 总耗时: 0.66s | 阈值: 120KB/s
[2026-04-05 05:55:52] 🚫 未达阈值 HTTP测速: http://111.56.90.5/000000000000/1000000002000021303/1.m3u8
   速度: 10.36KB/s | 数据量: 2.1KB | 总耗时: 0.62s | 阈值: 120KB/s
[2026-04-05 05:55:52] 🚫 未达阈值 HTTP测速: http://111.56.90.5/000000000000/5000000011000031108/1.m3u8
   速度: 10.24KB/s | 数据量: 2.2KB | 总耗时: 0.71s | 阈值: 120KB/s
[2026-04-05 05:55:52] 🚫 未达阈值 HTTP测速: http://111.56.90.5/000000000000/1000000005000265013/1.m3u8
   速度: 9.89KB/s | 数据量: 2.3KB | 总耗时: 0.71s | 阈值: 120KB/s
[2026-04-05 05:55:52] 🚫 未达阈值 HTTP测速: http://111.56.90.5/000000000000/1000000001000008170/1.m3u8
   速度: 10.17KB/s | 数据量: 2.2KB | 总耗时: 0.66s | 阈值: 120KB/s
[2026-04-05 05:55:53] 🚫 未达阈值 HTTP测速: http://111.56.90.5/000000000000/5000000004000006673/1.m3u8
   速度: 10.43KB/s | 数据量: 2.2KB | 总耗时: 0.74s | 阈值: 120KB/s
[2026-04-05 05:55:53] 🚫 未达阈值 HTTP测速: http://111.56.90.5/000000000000/1000000005000265014/1.m3u8
   速度: 10.59KB/s | 数据量: 2.2KB | 总耗时: 0.64s | 阈值: 120KB/s
[2026-04-05 05:55:53] 🚫 未达阈值 HTTP测速: http://111.56.90.5/000000000000/1000000002000008163/1.m3u8
   速度: 9.42KB/s | 数据量: 2.2KB | 总耗时: 0.71s | 阈值: 120KB/s
[2026-04-05 05:55:53] 🚫 未达阈值 HTTP测速: http://111.56.90.5/000000000000/5000000011000031109/1.m3u8
   速度: 10.49KB/s | 数据量: 2.2KB | 总耗时: 0.70s | 阈值: 120KB/s
[2026-04-05 05:55:53] ✅ 通过阈值 HTTP测速: http://74.91.26.218:82/live/cctv1hd.m3u8
   速度: 205.08KB/s | 数据量: 0.2KB | 总耗时: 0.06s | 阈值: 120KB/s
[2026-04-05 05:55:53] 🚫 未达阈值 HTTP测速: http://111.56.90.5/000000000000/1000000006000233001/1.m3u8
   速度: 10.36KB/s | 数据量: 2.2KB | 总耗时: 0.66s | 阈值: 120KB/s
[2026-04-05 05:55:53] 🚫 未达阈值 HTTP测速: http://111.56.90.5/000000000000/1000000006000233002/1.m3u8
   速度: 10.54KB/s | 数据量: 2.2KB | 总耗时: 0.65s | 阈值: 120KB/s
[2026-04-05 05:55:53] 🚫 未达阈值 HTTP测速: http://111.56.90.5/000000000000/1000000005000265015/1.m3u8
   速度: 10.83KB/s | 数据量: 2.3KB | 总耗时: 0.64s | 阈值: 120KB/s
[2026-04-05 05:55:53] 🚫 未达阈值 HTTP测速: http://111.56.90.5/000000000000/1000000006000268004/1.m3u8
   速度: 10.10KB/s | 数据量: 2.2KB | 总耗时: 0.67s | 阈值: 120KB/s
[2026-04-05 05:55:53] 🚫 未达阈值 HTTP测速: http://111.56.90.5/000000000000/1000000005000056836/1.m3u8
   速度: 10.42KB/s | 数据量: 2.2KB | 总耗时: 0.65s | 阈值: 120KB/s
[2026-04-05 05:55:53] ✅ 通过阈值 HTTP测速: http://23.237.228.134/live3/CCTV12.m3u8
   速度: 1319.34KB/s | 数据量: 1.3KB | 总耗时: 0.19s | 阈值: 120KB/s
[2026-04-05 05:55:53] ✅ HTTPS测速成功: https://epg.pw/stream/aedb71e61961cd2a5a5b9a8a83b8ae489c9408e6b420593aecb92cc36de628fe.m3u8
   速度: 325.20KB/s | 数据量: 0.3KB | 总耗时: 0.15s | 证书: 有效
[2026-04-05 05:55:53] ✅ 通过阈值 HTTP测速: http://74.91.26.218:82/live/cctv13hd.m3u8
   速度: 196.29KB/s | 数据量: 0.2KB | 总耗时: 0.06s | 阈值: 120KB/s
[2026-04-05 05:55:53] 🚫 未达阈值 HTTP测速: http://111.56.90.5/000000000000/1000000005000265016/1.m3u8
   速度: 10.11KB/s | 数据量: 2.2KB | 总耗时: 0.68s | 阈值: 120KB/s
[2026-04-05 05:55:53] ✅ 通过阈值 HTTP测速: http://112.132.10.54:9901/tsfile/live/0003_1.m3u8?key=txiptv&playlive=1&authid=0
   速度: 418.95KB/s | 数据量: 0.4KB | 总耗时: 0.48s | 阈值: 120KB/s
[2026-04-05 05:55:53] 🚫 未达阈值 HTTP测速: http://111.56.90.5/000000000000/1000000001000020505/1.m3u8
   速度: 10.45KB/s | 数据量: 2.2KB | 总耗时: 0.65s | 阈值: 120KB/s
[2026-04-05 05:55:53] 🚫 未达阈值 HTTP测速: http://111.56.90.5/000000000000/6000000001000015875/1.m3u8
   速度: 10.68KB/s | 数据量: 2.2KB | 总耗时: 0.65s | 阈值: 120KB/s
[2026-04-05 05:55:54] ✅ 通过阈值 HTTP测速: http://112.27.235.94:8000/hls/13/index.m3u8
   速度: 246.09KB/s | 数据量: 0.2KB | 总耗时: 0.38s | 阈值: 120KB/s
[2026-04-05 05:55:54] ✅ 通过阈值 HTTP测速: http://38.75.136.137:98/gslb/dsdqpub/cctv7hd.m3u8?auth=testpub
   速度: 205.08KB/s | 数据量: 0.2KB | 总耗时: 0.12s | 阈值: 120KB/s
[2026-04-05 05:55:54] ✅ HTTPS测速成功: https://epg.pw/stream/c1beb2abcba5aef09c2f58efc3ca84b76de2c7b9cf60762b0d79772d9e70d454.m3u8
   速度: 124.02KB/s | 数据量: 0.1KB | 总耗时: 0.15s | 证书: 有效
[2026-04-05 05:55:54] ✅ 通过阈值 HTTP测速: http://120.211.62.180:8000/hls/9/index.m3u8
   速度: 229.49KB/s | 数据量: 0.2KB | 总耗时: 0.45s | 阈值: 120KB/s
[2026-04-05 05:55:54] ✅ 通过阈值 HTTP测速: http://221.226.51.220:50081/newlive/live/hls/1/live.m3u8
   速度: 196.29KB/s | 数据量: 0.2KB | 总耗时: 0.50s | 阈值: 120KB/s
[2026-04-05 05:55:54] ✅ 通过阈值 HTTP测速: http://74.91.26.218:82/live/cctv14hd.m3u8
   速度: 200.20KB/s | 数据量: 0.2KB | 总耗时: 0.06s | 阈值: 120KB/s
[2026-04-05 05:55:54] ✅ 通过阈值 HTTP测速: http://221.226.51.220:50081/newlive/live/hls/6/live.m3u8
   速度: 196.29KB/s | 数据量: 0.2KB | 总耗时: 0.45s | 阈值: 120KB/s
[2026-04-05 05:55:54] ✅ 通过阈值 HTTP测速: http://221.226.51.220:50081/newlive/live/hls/5/live.m3u8
   速度: 196.29KB/s | 数据量: 0.2KB | 总耗时: 0.46s | 阈值: 120KB/s
[2026-04-05 05:55:54] ✅ 通过阈值 HTTP测速: http://221.226.51.220:50081/newlive/live/hls/4/live.m3u8
   速度: 196.29KB/s | 数据量: 0.2KB | 总耗时: 0.46s | 阈值: 120KB/s
[2026-04-05 05:55:54] ✅ 通过阈值 HTTP测速: http://cd-live-stream.news.cctvplus.com/live/smil:CHANNEL1.smil/chunklist_w744036192_b1000000.m3u8
   速度: 271.48KB/s | 数据量: 0.3KB | 总耗时: 1.17s | 阈值: 120KB/s
[2026-04-05 05:55:54] ✅ 通过阈值 HTTP测速: http://113.25.252.226:9901/tsfile/live/1011_1.m3u8?key=txiptv&playlive=1&authid=0
   速度: 422.85KB/s | 数据量: 0.4KB | 总耗时: 0.52s | 阈值: 120KB/s
[2026-04-05 05:55:55] ✅ 通过阈值 HTTP测速: http://113.25.252.226:9901/tsfile/live/1016_1.m3u8?key=txiptv&playlive=1&authid=0
   速度: 422.85KB/s | 数据量: 0.4KB | 总耗时: 0.54s | 阈值: 120KB/s
[2026-04-05 05:55:55] ✅ 通过阈值 HTTP测速: http://112.27.235.94:8000/hls/2/index.m3u8
   速度: 246.09KB/s | 数据量: 0.2KB | 总耗时: 0.39s | 阈值: 120KB/s
[2026-04-05 05:55:55] ✅ 通过阈值 HTTP测速: http://221.226.51.220:50081/newlive/live/hls/2/live.m3u8
   速度: 196.29KB/s | 数据量: 0.2KB | 总耗时: 0.51s | 阈值: 120KB/s
[2026-04-05 05:55:55] ✅ 通过阈值 HTTP测速: http://74.91.26.218:82/live/cctv5p.m3u8
   速度: 208.01KB/s | 数据量: 0.2KB | 总耗时: 0.06s | 阈值: 120KB/s
[2026-04-05 05:55:55] ✅ 通过阈值 HTTP测速: http://113.25.252.226:9901/tsfile/live/1017_1.m3u8?key=txiptv&playlive=1&authid=0
   速度: 422.85KB/s | 数据量: 0.4KB | 总耗时: 0.59s | 阈值: 120KB/s
[2026-04-05 05:55:55] ✅ HTTPS测速成功: https://epg.pw/stream/ac8062ec9484078061d3bef507c15a423ac57ae4144e3fcc4b0a198dd420f911.m3u8
   速度: 193.36KB/s | 数据量: 0.2KB | 总耗时: 0.17s | 证书: 有效
[2026-04-05 05:55:55] ✅ 通过阈值 HTTP测速: http://112.27.235.94:8000/hls/14/index.m3u8
   速度: 246.09KB/s | 数据量: 0.2KB | 总耗时: 1.40s | 阈值: 120KB/s
[2026-04-05 05:55:55] ✅ HTTPS测速成功: https://live12.xiazhix1.top/live/38260737.m3u8
   速度: 291.99KB/s | 数据量: 0.3KB | 总耗时: 0.59s | 证书: 有效
[2026-04-05 05:55:55] ✅ 通过阈值 HTTP测速: http://112.27.235.94:8000/hls/11/index.m3u8
   速度: 246.09KB/s | 数据量: 0.2KB | 总耗时: 0.95s | 阈值: 120KB/s
[2026-04-05 05:55:55] ✅ 通过阈值 HTTP测速: http://120.238.94.82:9901/tsfile/live/1052_1.m3u8
   速度: 433.59KB/s | 数据量: 0.4KB | 总耗时: 0.48s | 阈值: 120KB/s
[2026-04-05 05:55:55] ✅ HTTPS测速成功: https://ldocctvwbcdbd.a.bdydns.com/ldocctvwbcd/cdrmldcctv8_1/index.m3u8?BR=hd
   速度: 394.53KB/s | 数据量: 0.4KB | 总耗时: 0.95s | 证书: 有效
[2026-04-05 05:55:55] ✅ 通过阈值 HTTP测速: http://bp-resource-dfl.bestv.cn/148/3/video.m3u8
   速度: 832.03KB/s | 数据量: 0.8KB | 总耗时: 0.55s | 阈值: 120KB/s
[2026-04-05 05:55:55] 🚫 未达阈值 HTTP测速: http://111.56.90.5/000000000000/1000000005000266001/1.m3u8
   速度: 10.43KB/s | 数据量: 2.1KB | 总耗时: 0.64s | 阈值: 120KB/s
[2026-04-05 05:55:55] 🚫 未达阈值 HTTP测速: http://111.56.90.5/000000000000/7248678452522064966/1.m3u8
   速度: 10.82KB/s | 数据量: 2.3KB | 总耗时: 0.65s | 阈值: 120KB/s
[2026-04-05 05:55:55] 🚫 未达阈值 HTTP测速: http://111.56.90.5/000000000000/1000000001000030159/1.m3u8
   速度: 10.46KB/s | 数据量: 2.2KB | 总耗时: 0.64s | 阈值: 120KB/s
[2026-04-05 05:55:55] 🚫 未达阈值 HTTP测速: http://111.56.90.5/000000000000/1000000005000265025/1.m3u8
   速度: 10.44KB/s | 数据量: 2.2KB | 总耗时: 0.65s | 阈值: 120KB/s
[2026-04-05 05:55:55] 🚫 未达阈值 HTTP测速: http://111.56.90.5/000000000000/6000000001000009954/1.m3u8
   速度: 10.19KB/s | 数据量: 2.1KB | 总耗时: 0.65s | 阈值: 120KB/s
[2026-04-05 05:55:55] 🚫 未达阈值 HTTP测速: http://111.56.90.5/000000000000/1000000005000265027/1.m3u8
   速度: 10.81KB/s | 数据量: 2.2KB | 总耗时: 0.63s | 阈值: 120KB/s
[2026-04-05 05:55:56] ✅ 通过阈值 HTTP测速: http://107.150.60.122/live/cqwshd.m3u8
   速度: 196.29KB/s | 数据量: 0.2KB | 总耗时: 0.06s | 阈值: 120KB/s
[2026-04-05 05:55:56] 🚫 未达阈值 HTTP测速: http://111.56.90.5/000000000000/6000000001000020451/1.m3u8
   速度: 10.57KB/s | 数据量: 2.2KB | 总耗时: 0.64s | 阈值: 120KB/s
[2026-04-05 05:55:56] 🚫 未达阈值 HTTP测速: http://111.56.90.5/000000000000/1000000001000017156/1.m3u8
   速度: 10.69KB/s | 数据量: 2.2KB | 总耗时: 0.77s | 阈值: 120KB/s
[2026-04-05 05:55:56] 🚫 未达阈值 HTTP测速: http://111.56.90.5/000000000000/1000000005000266005/1.m3u8
   速度: 9.06KB/s | 数据量: 2.1KB | 总耗时: 0.72s | 阈值: 120KB/s
[2026-04-05 05:55:56] 🚫 未达阈值 HTTP测速: http://111.56.90.5/000000000000/5417511929530418061/1.m3u8
   速度: 10.42KB/s | 数据量: 2.2KB | 总耗时: 0.65s | 阈值: 120KB/s
[2026-04-05 05:55:56] ✅ 通过阈值 HTTP测速: http://nn.7x9d.cn/xzc2.php?ua=TW96aWxsYS81LjAgKFdpbmRvd3MgTlQgNi4xOyBXaW42NDsgeDY0KSBBcHBsZVdlYktpdC81MzcuMzYgKEtIVE1MLCBsaWtlIEdlY2tvKSBDaHJvbWUvMTA2LjAuMC4wIFNhZmFyaS81MzcuMzY=&hls=aHR0cDovL3R2dGouanh3bHR4LmNvbTo4MDAzL2NjdHY3Lm0zdTg=
   速度: 397.46KB/s | 数据量: 0.4KB | 总耗时: 2.53s | 阈值: 120KB/s
[2026-04-05 05:55:56] 🚫 未达阈值 HTTP测速: http://111.56.90.5/000000000000/1000000002000018937/1.m3u8
   速度: 10.33KB/s | 数据量: 2.2KB | 总耗时: 0.64s | 阈值: 120KB/s
[2026-04-05 05:55:56] 🚫 未达阈值 HTTP测速: http://111.56.90.5/000000000000/5000000006000040020/1.m3u8
   速度: 10.32KB/s | 数据量: 2.2KB | 总耗时: 0.74s | 阈值: 120KB/s
[2026-04-05 05:55:56] 🚫 未达阈值 HTTP测速: http://111.56.90.5/000000000000/1000000005000265017/1.m3u8
   速度: 10.42KB/s | 数据量: 2.2KB | 总耗时: 0.67s | 阈值: 120KB/s
[2026-04-05 05:55:56] 🚫 未达阈值 HTTP测速: http://111.56.90.5/000000000000/1000000001000001096/1.m3u8
   速度: 9.30KB/s | 数据量: 2.1KB | 总耗时: 0.70s | 阈值: 120KB/s
[2026-04-05 05:55:56] ✅ 通过阈值 HTTP测速: http://23.237.228.134/live3/dongfang.m3u8
   速度: 1319.34KB/s | 数据量: 1.3KB | 总耗时: 0.19s | 阈值: 120KB/s
[2026-04-05 05:55:56] ✅ 通过阈值 HTTP测速: http://221.226.51.220:50081/newlive/live/hls/28/live.m3u8
   速度: 196.29KB/s | 数据量: 0.2KB | 总耗时: 0.51s | 阈值: 120KB/s
[2026-04-05 05:55:56] 🚫 未达阈值 HTTP测速: http://111.56.90.5/000000000000/5000000004000025797/1.m3u8
   速度: 10.97KB/s | 数据量: 2.2KB | 总耗时: 0.71s | 阈值: 120KB/s
[2026-04-05 05:55:56] ✅ 通过阈值 HTTP测速: http://38.75.136.137:98/gslb/dsdqpub/dnwshd.m3u8?auth=testpub
   速度: 196.29KB/s | 数据量: 0.2KB | 总耗时: 0.12s | 阈值: 120KB/s
[2026-04-05 05:55:56] ✅ 通过阈值 HTTP测速: http://112.27.235.94:8000/hls/38/index.m3u8
   速度: 246.09KB/s | 数据量: 0.2KB | 总耗时: 0.38s | 阈值: 120KB/s
[2026-04-05 05:55:56] ✅ HTTPS测速成功: https://txmov2.a.kwimgs.com/bs3/video-hls/5219953535631090825_hlsb.m3u8
   速度: 5350.89KB/s | 数据量: 165.3KB | 总耗时: 0.43s | 证书: 有效
[2026-04-05 05:55:56] 🚫 未达阈值 HTTP测速: http://111.56.90.5/000000000000/1000000005000265018/1.m3u8
   速度: 10.70KB/s | 数据量: 2.2KB | 总耗时: 0.63s | 阈值: 120KB/s
[2026-04-05 05:55:57] 🚫 未达阈值 HTTP测速: http://111.56.90.5/000000000000/5000000010000032246/1.m3u8
   速度: 9.32KB/s | 数据量: 2.2KB | 总耗时: 0.72s | 阈值: 120KB/s
[2026-04-05 05:55:57] ✅ HTTPS测速成功: https://epg.pw/stream/8770e89223a086eb1b8a0c931e42296d772a8069ad3eb72540e0c434e7cb3e93.m3u8
   速度: 124.02KB/s | 数据量: 0.1KB | 总耗时: 0.16s | 证书: 有效
[2026-04-05 05:55:57] 🚫 未达阈值 HTTP测速: http://111.56.90.5/000000000000/1000000005000265033/1.m3u8
   速度: 10.31KB/s | 数据量: 2.1KB | 总耗时: 0.64s | 阈值: 120KB/s
[2026-04-05 05:55:57] 🚫 未达阈值 HTTP测速: http://111.56.90.5/000000000000/1000000002000009263/1.m3u8
   速度: 10.31KB/s | 数据量: 2.2KB | 总耗时: 0.65s | 阈值: 120KB/s
[2026-04-05 05:55:57] 🚫 未达阈值 HTTP测速: http://111.56.90.5/000000000000/6000000001000003639/1.m3u8
   速度: 9.25KB/s | 数据量: 2.2KB | 总耗时: 0.71s | 阈值: 120KB/s
[2026-04-05 05:55:57] ✅ 通过阈值 HTTP测速: http://112.27.235.94:8000/hls/30/index.m3u8
   速度: 246.09KB/s | 数据量: 0.2KB | 总耗时: 0.39s | 阈值: 120KB/s
[2026-04-05 05:55:57] 🚫 未达阈值 HTTP测速: http://111.56.90.5/000000000000/1000000002000011619/1.m3u8
   速度: 10.06KB/s | 数据量: 2.1KB | 总耗时: 0.67s | 阈值: 120KB/s
[2026-04-05 05:55:57] 🚫 未达阈值 HTTP测速: http://111.56.90.5/000000000000/5000000004000010584/1.m3u8
   速度: 9.33KB/s | 数据量: 2.2KB | 总耗时: 0.82s | 阈值: 120KB/s
[2026-04-05 05:55:57] 🚫 未达阈值 HTTP测速: http://111.56.90.5/000000000000/1000000005000265034/1.m3u8
   速度: 9.38KB/s | 数据量: 2.2KB | 总耗时: 0.73s | 阈值: 120KB/s
[2026-04-05 05:55:57] 🚫 未达阈值 HTTP测速: http://111.56.90.5/000000000000/6000000001000031076/1.m3u8
   速度: 10.77KB/s | 数据量: 2.2KB | 总耗时: 0.63s | 阈值: 120KB/s
[2026-04-05 05:55:57] 🚫 未达阈值 HTTP测速: http://111.56.90.5/000000000000/1000000001000014176/1.m3u8
   速度: 10.32KB/s | 数据量: 2.2KB | 总耗时: 0.67s | 阈值: 120KB/s
[2026-04-05 05:55:57] 🚫 未达阈值 HTTP测速: http://111.56.90.5/000000000000/5000000006000040021/1.m3u8
   速度: 10.45KB/s | 数据量: 2.2KB | 总耗时: 0.63s | 阈值: 120KB/s
[2026-04-05 05:55:57] 🚫 未达阈值 HTTP测速: http://111.56.90.5/000000000000/1000000002000017827/1.m3u8
   速度: 9.43KB/s | 数据量: 2.2KB | 总耗时: 0.73s | 阈值: 120KB/s
[2026-04-05 05:55:58] 🚫 未达阈值 HTTP测速: http://111.56.90.5/000000000000/5000000011000031121/1.m3u8
   速度: 10.59KB/s | 数据量: 2.2KB | 总耗时: 0.70s | 阈值: 120KB/s
[2026-04-05 05:55:58] 🚫 未达阈值 HTTP测速: http://111.56.90.5/000000000000/1000000002000019837/1.m3u8
   速度: 10.66KB/s | 数据量: 2.2KB | 总耗时: 0.62s | 阈值: 120KB/s
[2026-04-05 05:55:58] 🚫 未达阈值 HTTP测速: http://111.56.90.5/000000000000/5000000006000040014/1.m3u8
   速度: 9.83KB/s | 数据量: 2.1KB | 总耗时: 0.66s | 阈值: 120KB/s
[2026-04-05 05:55:58] ✅ 通过阈值 HTTP测速: http://113.25.252.226:9901/tsfile/live/1029_1.m3u8?key=txiptv&playlive=1&authid=0
   速度: 422.85KB/s | 数据量: 0.4KB | 总耗时: 0.48s | 阈值: 120KB/s
[2026-04-05 05:55:58] 🚫 未达阈值 HTTP测速: http://111.56.90.5/000000000000/5000000011000031118/1.m3u8
   速度: 10.54KB/s | 数据量: 2.2KB | 总耗时: 0.71s | 阈值: 120KB/s
[2026-04-05 05:55:58] 🚫 未达阈值 HTTP测速: http://111.56.90.5/000000000000/7043811073576958573/1.m3u8
   速度: 10.56KB/s | 数据量: 2.2KB | 总耗时: 0.65s | 阈值: 120KB/s
[2026-04-05 05:55:58] ✅ HTTPS测速成功: https://hlscdn.liangtv.cn/live/de0f97348eb84f62aa6b7d8cf0430770/dd505d87880c478f901f38560ca4d4e6.m3u8
   速度: 179.69KB/s | 数据量: 0.2KB | 总耗时: 0.54s | 证书: 有效
[2026-04-05 05:55:58] 🚫 未达阈值 HTTP测速: http://111.56.90.5/000000000000/1000000002000003169/1.m3u8
   速度: 10.39KB/s | 数据量: 2.1KB | 总耗时: 0.63s | 阈值: 120KB/s
[2026-04-05 05:55:58] ✅ 通过阈值 HTTP测速: http://36.32.174.67:60080/newlive/live/hls/38/live.m3u8
   速度: 232.42KB/s | 数据量: 0.2KB | 总耗时: 0.87s | 阈值: 120KB/s
[2026-04-05 05:55:58] 🚫 未达阈值 HTTP测速: http://111.56.90.5/000000000000/5000000004000025843/1.m3u8
   速度: 10.41KB/s | 数据量: 2.2KB | 总耗时: 0.71s | 阈值: 120KB/s
[2026-04-05 05:55:58] 🚫 未达阈值 HTTP测速: http://111.56.90.5/000000000000/1000000005000265023/1.m3u8
   速度: 10.45KB/s | 数据量: 2.2KB | 总耗时: 0.66s | 阈值: 120KB/s
[2026-04-05 05:55:58] 🚫 未达阈值 HTTP测速: http://111.56.90.5/000000000000/1000000001000024621/1.m3u8
   速度: 9.96KB/s | 数据量: 2.2KB | 总耗时: 0.67s | 阈值: 120KB/s
[2026-04-05 05:55:58] ✅ 通过阈值 HTTP测速: http://120.211.62.180:8000/hls/19/index.m3u8
   速度: 229.49KB/s | 数据量: 0.2KB | 总耗时: 0.47s | 阈值: 120KB/s
[2026-04-05 05:55:59] ✅ 通过阈值 HTTP测速: http://event.pull.hebtv.com/jishi/weishi_tingyun.m3u8
   速度: 383.79KB/s | 数据量: 0.4KB | 总耗时: 0.49s | 阈值: 120KB/s
[2026-04-05 05:55:59] 🚫 未达阈值 HTTP测速: http://111.56.90.5/000000000000/6000000001000015436/1.m3u8
   速度: 10.42KB/s | 数据量: 2.2KB | 总耗时: 0.65s | 阈值: 120KB/s
[2026-04-05 05:55:59] ✅ 通过阈值 HTTP测速: http://112.27.235.94:8000/hls/39/index.m3u8
   速度: 246.09KB/s | 数据量: 0.2KB | 总耗时: 0.38s | 阈值: 120KB/s
[2026-04-05 05:55:59] 🚫 未达阈值 HTTP测速: http://111.56.90.5/000000000000/7314569012827301115/1.m3u8
   速度: 10.51KB/s | 数据量: 2.2KB | 总耗时: 0.64s | 阈值: 120KB/s
[2026-04-05 05:55:59] 🚫 未达阈值 HTTP测速: http://111.56.90.5/000000000000/1000000002000017118/1.m3u8
   速度: 10.06KB/s | 数据量: 2.1KB | 总耗时: 0.66s | 阈值: 120KB/s
[2026-04-05 05:55:59] ✅ HTTPS测速成功: https://epg.pw/stream/c6c1262d0b35e59eac22bf513395f00f8b60cc5eab41f598412cdf8269312f32.m3u8
   速度: 125.00KB/s | 数据量: 0.1KB | 总耗时: 0.15s | 证书: 有效
[2026-04-05 05:55:59] 🚫 未达阈值 HTTP测速: http://111.56.90.5/000000000000/5000000006000040016/1.m3u8
   速度: 10.56KB/s | 数据量: 2.2KB | 总耗时: 0.69s | 阈值: 120KB/s
[2026-04-05 05:55:59] ✅ 通过阈值 HTTP测速: http://74.91.26.218:82/live/hnwshd.m3u8
   速度: 186.52KB/s | 数据量: 0.2KB | 总耗时: 0.06s | 阈值: 120KB/s
[2026-04-05 05:55:59] 🚫 未达阈值 HTTP测速: http://111.56.90.5/000000000000/1000000001000001925/1.m3u8
   速度: 10.33KB/s | 数据量: 2.2KB | 总耗时: 0.66s | 阈值: 120KB/s
[2026-04-05 05:55:59] ✅ 通过阈值 HTTP测速: http://112.27.235.94:8000/hls/31/index.m3u8
   速度: 246.09KB/s | 数据量: 0.2KB | 总耗时: 0.39s | 阈值: 120KB/s
[2026-04-05 05:55:59] 🚫 未达阈值 HTTP测速: http://111.56.90.5/000000000000/6000000001000016510/1.m3u8
   速度: 10.35KB/s | 数据量: 2.1KB | 总耗时: 0.64s | 阈值: 120KB/s
[2026-04-05 05:55:59] 🚫 未达阈值 HTTP测速: http://111.56.90.5/000000000000/1000000005000265029/1.m3u8
   速度: 9.37KB/s | 数据量: 2.2KB | 总耗时: 0.71s | 阈值: 120KB/s
[2026-04-05 05:55:59] ✅ 通过阈值 HTTP测速: http://221.226.51.220:50081/newlive/live/hls/31/live.m3u8
   速度: 196.29KB/s | 数据量: 0.2KB | 总耗时: 0.49s | 阈值: 120KB/s
[2026-04-05 05:56:00] 🚫 未达阈值 HTTP测速: http://111.56.90.5/000000000000/6000000001000018044/1.m3u8
   速度: 10.32KB/s | 数据量: 2.2KB | 总耗时: 0.72s | 阈值: 120KB/s
[2026-04-05 05:56:00] ✅ 通过阈值 HTTP测速: http://221.226.51.220:50081/newlive/live/hls/29/live.m3u8
   速度: 196.29KB/s | 数据量: 0.2KB | 总耗时: 0.49s | 阈值: 120KB/s
[2026-04-05 05:56:00] 🚫 未达阈值 HTTP测速: http://111.56.90.5/000000000000/1000000005000265024/1.m3u8
   速度: 10.57KB/s | 数据量: 2.2KB | 总耗时: 0.64s | 阈值: 120KB/s
[2026-04-05 05:56:00] ✅ 通过阈值 HTTP测速: http://112.27.235.94:8000/hls/48/index.m3u8
   速度: 246.09KB/s | 数据量: 0.2KB | 总耗时: 1.42s | 阈值: 120KB/s
[2026-04-05 05:56:00] 🚫 未达阈值 HTTP测速: http://111.56.90.5/000000000000/4676690988340017823/1.m3u8
   速度: 10.14KB/s | 数据量: 2.2KB | 总耗时: 0.67s | 阈值: 120KB/s
[2026-04-05 05:56:00] ✅ HTTPS测速成功: https://txmov2.a.kwimgs.com/bs3/video-hls/5199687338554291078_hlsb.m3u8
   速度: 1922.97KB/s | 数据量: 106.5KB | 总耗时: 0.71s | 证书: 有效
[2026-04-05 05:56:00] 🚫 未达阈值 HTTP测速: http://111.56.90.5/000000000000/5000000004000006692/1.m3u8
   速度: 10.31KB/s | 数据量: 2.2KB | 总耗时: 0.70s | 阈值: 120KB/s
[2026-04-05 05:56:00] ✅ 通过阈值 HTTP测速: http://120.211.62.180:8000/hls/30/index.m3u8
   速度: 229.49KB/s | 数据量: 0.2KB | 总耗时: 0.92s | 阈值: 120KB/s
[2026-04-05 05:56:00] 🚫 未达阈值 HTTP测速: http://111.56.90.5/000000000000/1000000002000023773/1.m3u8
   速度: 10.37KB/s | 数据量: 2.2KB | 总耗时: 0.66s | 阈值: 120KB/s
[2026-04-05 05:56:00] ✅ 通过阈值 HTTP测速: http://120.211.62.180:8000/hls/40/index.m3u8
   速度: 229.49KB/s | 数据量: 0.2KB | 总耗时: 0.48s | 阈值: 120KB/s
[2026-04-05 05:56:00] 🚫 未达阈值 HTTP测速: http://111.56.90.5/000000000000/1000000002000027731/1.m3u8
   速度: 10.22KB/s | 数据量: 2.2KB | 总耗时: 0.66s | 阈值: 120KB/s
[2026-04-05 05:56:01] ✅ 通过阈值 HTTP测速: http://1.94.31.214/php/hntv.php?id=hnws
   速度: 349.61KB/s | 数据量: 0.3KB | 总耗时: 0.56s | 阈值: 120KB/s
[2026-04-05 05:56:01] ✅ 通过阈值 HTTP测速: http://36.32.174.67:60080/newlive/live/hls/46/live.m3u8
   速度: 232.42KB/s | 数据量: 0.2KB | 总耗时: 0.82s | 阈值: 120KB/s
[2026-04-05 05:56:01] 🚫 未达阈值 HTTP测速: http://111.56.90.5/000000000000/5000000005000017925/1.m3u8
   速度: 10.43KB/s | 数据量: 2.2KB | 总耗时: 0.64s | 阈值: 120KB/s
[2026-04-05 05:56:01] ✅ 通过阈值 HTTP测速: http://113.25.252.226:9901/tsfile/live/1032_1.m3u8?key=txiptv&playlive=1&authid=0
   速度: 422.85KB/s | 数据量: 0.4KB | 总耗时: 0.50s | 阈值: 120KB/s
[2026-04-05 05:56:01] ✅ 通过阈值 HTTP测速: http://112.27.235.94:8000/hls/37/index.m3u8
   速度: 246.09KB/s | 数据量: 0.2KB | 总耗时: 0.38s | 阈值: 120KB/s
[2026-04-05 05:56:01] 🚫 未达阈值 HTTP测速: http://111.56.90.5/000000000000/5000000011000031119/1.m3u8
   速度: 10.53KB/s | 数据量: 2.2KB | 总耗时: 0.75s | 阈值: 120KB/s
[2026-04-05 05:56:01] 🚫 未达阈值 HTTP测速: http://111.56.90.5/000000000000/1000000002000027730/1.m3u8
   速度: 10.23KB/s | 数据量: 2.2KB | 总耗时: 0.67s | 阈值: 120KB/s
[2026-04-05 05:56:01] 🚫 未达阈值 HTTP测速: http://111.56.90.5/000000000000/5000000011000031117/1.m3u8
   速度: 10.63KB/s | 数据量: 2.2KB | 总耗时: 0.76s | 阈值: 120KB/s
[2026-04-05 05:56:01] 🚫 未达阈值 HTTP测速: http://111.56.90.5/000000000000/5000000006000040013/1.m3u8
   速度: 10.21KB/s | 数据量: 2.1KB | 总耗时: 0.64s | 阈值: 120KB/s
[2026-04-05 05:56:01] 🚫 未达阈值 HTTP测速: http://111.56.90.5/000000000000/1000000001000001828/1.m3u8
   速度: 10.01KB/s | 数据量: 2.2KB | 总耗时: 0.67s | 阈值: 120KB/s
[2026-04-05 05:56:01] ✅ 通过阈值 HTTP测速: http://23.237.228.134/live3/jiangsu.m3u8
   速度: 1319.34KB/s | 数据量: 1.3KB | 总耗时: 0.19s | 阈值: 120KB/s
[2026-04-05 05:56:01] ✅ 通过阈值 HTTP测速: http://36.32.174.67:60080/newlive/live/hls/40/live.m3u8
   速度: 232.42KB/s | 数据量: 0.2KB | 总耗时: 0.80s | 阈值: 120KB/s
[2026-04-05 05:56:02] 🚫 未达阈值 HTTP测速: http://111.56.90.5/000000000000/1000000005000265030/1.m3u8
   速度: 9.58KB/s | 数据量: 2.2KB | 总耗时: 0.72s | 阈值: 120KB/s
[2026-04-05 05:56:02] ✅ 通过阈值 HTTP测速: http://112.27.235.94:8000/hls/32/index.m3u8
   速度: 246.09KB/s | 数据量: 0.2KB | 总耗时: 0.38s | 阈值: 120KB/s
[2026-04-05 05:56:02] ✅ 通过阈值 HTTP测速: http://112.27.235.94:8000/hls/44/index.m3u8
   速度: 246.09KB/s | 数据量: 0.2KB | 总耗时: 0.38s | 阈值: 120KB/s
[2026-04-05 05:56:02] 🚫 未达阈值 HTTP测速: http://111.56.90.5/000000000000/6000000001000014861/1.m3u8
   速度: 10.07KB/s | 数据量: 2.2KB | 总耗时: 0.66s | 阈值: 120KB/s
[2026-04-05 05:56:02] ✅ HTTPS测速成功: https://txmov2.a.kwimgs.com/upic/2023/01/26/09/BMjAyMzAxMjYwOTE3NDVfNzM5MzQzNzIyXzk0NjI1OTUwNTA3XzBfMw==_b_B81ddda927d33445d544befd008e60109.mp4
   速度: 106412.16KB/s | 数据量: 533504.0KB | 总耗时: 5.31s | 证书: 有效
[2026-04-05 05:56:02] 🚫 未达阈值 HTTP测速: http://111.56.90.5/000000000000/1000000001000013731/1.m3u8
   速度: 10.32KB/s | 数据量: 2.1KB | 总耗时: 0.64s | 阈值: 120KB/s
[2026-04-05 05:56:02] ✅ 通过阈值 HTTP测速: http://120.211.62.180:8000/hls/32/index.m3u8
   速度: 229.49KB/s | 数据量: 0.2KB | 总耗时: 0.99s | 阈值: 120KB/s
[2026-04-05 05:56:02] 🚫 未达阈值 HTTP测速: http://111.56.90.5/000000000000/1000000005000265032/1.m3u8
   速度: 9.51KB/s | 数据量: 2.2KB | 总耗时: 0.71s | 阈值: 120KB/s
[2026-04-05 05:56:02] 🚫 未达阈值 HTTP测速: http://111.56.90.5/000000000000/1000000006000268001/1.m3u8
   速度: 10.64KB/s | 数据量: 2.2KB | 总耗时: 0.64s | 阈值: 120KB/s
[2026-04-05 05:56:02] 🚫 未达阈值 HTTP测速: http://111.56.90.5/000000000000/1000000005000266002/1.m3u8
   速度: 10.62KB/s | 数据量: 2.2KB | 总耗时: 0.63s | 阈值: 120KB/s
[2026-04-05 05:56:02] 🚫 未达阈值 HTTP测速: http://111.56.90.5/000000000000/5000000004000011210/1.m3u8
   速度: 10.58KB/s | 数据量: 2.2KB | 总耗时: 0.73s | 阈值: 120KB/s
[2026-04-05 05:56:02] ✅ 通过阈值 HTTP测速: http://nn.7x9d.cn/地方台8563/海南.php?id=hnws&?key=txiptv
   速度: 1502.93KB/s | 数据量: 1.5KB | 总耗时: 2.70s | 阈值: 120KB/s
[2026-04-05 05:56:02] ✅ 通过阈值 HTTP测速: http://120.211.62.180:8000/hls/37/index.m3u8
   速度: 229.49KB/s | 数据量: 0.2KB | 总耗时: 0.47s | 阈值: 120KB/s
[2026-04-05 05:56:03] 🚫 未达阈值 HTTP测速: http://111.56.90.5/000000000000/1000000005000265022/1.m3u8
   速度: 11.28KB/s | 数据量: 2.3KB | 总耗时: 0.63s | 阈值: 120KB/s
[2026-04-05 05:56:03] 🚫 未达阈值 HTTP测速: http://111.56.90.5/000000000000/1000000002000024033/1.m3u8
   速度: 9.25KB/s | 数据量: 2.2KB | 总耗时: 0.73s | 阈值: 120KB/s
[2026-04-05 05:56:03] 🚫 未达阈值 HTTP测速: http://8.138.7.223/%E3%80%90%E5%85%AC%E4%BC%97%E5%8F%B7%EF%BC%9A%E6%A6%B4%E8%8A%92%E7%94%B5%E8%A7%86%E3%80%91/%E5%86%9C%E6%9E%97%E5%8D%AB%E8%A7%86.m3u8
   速度: 118.16KB/s | 数据量: 0.1KB | 总耗时: 0.49s | 阈值: 120KB/s
[2026-04-05 05:56:03] 🚫 未达阈值 HTTP测速: http://111.56.90.5/000000000000/5000000004000011671/1.m3u8
   速度: 10.44KB/s | 数据量: 2.2KB | 总耗时: 0.76s | 阈值: 120KB/s
[2026-04-05 05:56:03] ✅ 通过阈值 HTTP测速: http://61.184.46.85:85/tsfile/live/1017_1.m3u8?key=txiptv&playlive=1&authid=0
   速度: 433.59KB/s | 数据量: 0.4KB | 总耗时: 0.78s | 阈值: 120KB/s
[2026-04-05 05:56:03] 🚫 未达阈值 HTTP测速: http://111.56.90.5/000000000000/1000000005000266003/1.m3u8
   速度: 10.87KB/s | 数据量: 2.3KB | 总耗时: 0.64s | 阈值: 120KB/s
[2026-04-05 05:56:03] ✅ 通过阈值 HTTP测速: http://112.27.235.94:8000/hls/49/index.m3u8
   速度: 246.09KB/s | 数据量: 0.2KB | 总耗时: 0.38s | 阈值: 120KB/s
[2026-04-05 05:56:03] 🚫 未达阈值 HTTP测速: http://111.56.90.5/000000000000/8960557517876415203/1.m3u8
   速度: 9.16KB/s | 数据量: 2.1KB | 总耗时: 0.72s | 阈值: 120KB/s
[2026-04-05 05:56:03] 🚫 未达阈值 HTTP测速: http://111.56.90.5/000000000000/1000000002000014080/1.m3u8
   速度: 9.20KB/s | 数据量: 2.1KB | 总耗时: 0.72s | 阈值: 120KB/s
[2026-04-05 05:56:03] 🚫 未达阈值 HTTP测速: http://111.56.90.5/000000000000/5559214655508729688/1.m3u8
   速度: 10.59KB/s | 数据量: 2.2KB | 总耗时: 0.66s | 阈值: 120KB/s
[2026-04-05 05:56:03] 🚫 未达阈值 HTTP测速: http://111.56.90.5/000000000000/1000000002000031451/1.m3u8
   速度: 10.55KB/s | 数据量: 2.2KB | 总耗时: 0.63s | 阈值: 120KB/s
[2026-04-05 05:56:03] ✅ 通过阈值 HTTP测速: http://huhu11.a1.luyouxia.net:26894/play/电视家/电视家.php?id=20065
   速度: 1983.17KB/s | 数据量: 10240.0KB | 总耗时: 7.24s | 阈值: 120KB/s
[2026-04-05 05:56:03] ✅ 通过阈值 HTTP测速: http://113.25.252.226:9901/tsfile/live/1046_1.m3u8?key=txiptv&playlive=1&authid=0
   速度: 422.85KB/s | 数据量: 0.4KB | 总耗时: 0.49s | 阈值: 120KB/s
[2026-04-05 05:56:04] ✅ 通过阈值 HTTP测速: http://38.75.136.137:98/gslb/dsdqpub/qhws.m3u8?auth=testpub
   速度: 192.38KB/s | 数据量: 0.2KB | 总耗时: 0.12s | 阈值: 120KB/s
[2026-04-05 05:56:04] ✅ 通过阈值 HTTP测速: http://112.27.235.94:8000/hls/47/index.m3u8
   速度: 246.09KB/s | 数据量: 0.2KB | 总耗时: 1.41s | 阈值: 120KB/s
[2026-04-05 05:56:04] 🚫 未达阈值 HTTP测速: http://111.56.90.5/000000000000/5793735126731753680/1.m3u8
   速度: 9.23KB/s | 数据量: 2.2KB | 总耗时: 0.72s | 阈值: 120KB/s
[2026-04-05 05:56:04] ✅ 通过阈值 HTTP测速: http://107.150.60.122/live/qhws.m3u8
   速度: 192.38KB/s | 数据量: 0.2KB | 总耗时: 0.17s | 阈值: 120KB/s
[2026-04-05 05:56:04] ✅ 通过阈值 HTTP测速: http://36.32.174.67:60080/newlive/live/hls/49/live.m3u8
   速度: 232.42KB/s | 数据量: 0.2KB | 总耗时: 0.81s | 阈值: 120KB/s
[2026-04-05 05:56:04] 🚫 未达阈值 HTTP测速: http://111.56.90.5/000000000000/5000000006000040022/1.m3u8
   速度: 10.27KB/s | 数据量: 2.2KB | 总耗时: 0.76s | 阈值: 120KB/s
[2026-04-05 05:56:04] 🚫 未达阈值 HTTP测速: http://111.56.90.5/000000000000/6721180114242078041/1.m3u8
   速度: 9.60KB/s | 数据量: 2.2KB | 总耗时: 0.72s | 阈值: 120KB/s
[2026-04-05 05:56:04] 🚫 未达阈值 HTTP测速: http://111.56.90.5/000000000000/6399324389404552555/1.m3u8
   速度: 10.21KB/s | 数据量: 2.2KB | 总耗时: 0.66s | 阈值: 120KB/s
[2026-04-05 05:56:04] 🚫 未达阈值 HTTP测速: http://111.56.90.5/000000000000/1000000002000013359/1.m3u8
   速度: 10.85KB/s | 数据量: 2.2KB | 总耗时: 0.62s | 阈值: 120KB/s
[2026-04-05 05:56:04] ✅ 通过阈值 HTTP测速: http://107.150.60.122/live/sdwshd.m3u8
   速度: 196.29KB/s | 数据量: 0.2KB | 总耗时: 0.06s | 阈值: 120KB/s
[2026-04-05 05:56:04] ✅ 通过阈值 HTTP测速: http://test1.live.sdetv.com.cn/live/dianshizhibo/playlist.m3u8
   速度: 206.05KB/s | 数据量: 0.2KB | 总耗时: 0.39s | 阈值: 120KB/s
[2026-04-05 05:56:04] ✅ 通过阈值 HTTP测速: http://113.25.252.226:9901/tsfile/live/1031_1.m3u8?key=txiptv&playlive=1&authid=0
   速度: 422.85KB/s | 数据量: 0.4KB | 总耗时: 0.48s | 阈值: 120KB/s
[2026-04-05 05:56:04] 🚫 未达阈值 HTTP测速: http://111.56.90.5/000000000000/1000000002000016825/1.m3u8
   速度: 10.68KB/s | 数据量: 2.2KB | 总耗时: 0.62s | 阈值: 120KB/s
[2026-04-05 05:56:04] 🚫 未达阈值 HTTP测速: http://111.56.90.5/000000000000/5000000004000006119/1.m3u8
   速度: 10.61KB/s | 数据量: 2.2KB | 总耗时: 0.69s | 阈值: 120KB/s
[2026-04-05 05:56:04] 🚫 未达阈值 HTTP测速: http://111.56.90.5/000000000000/5000000006000040015/1.m3u8
   速度: 9.38KB/s | 数据量: 2.2KB | 总耗时: 0.84s | 阈值: 120KB/s
[2026-04-05 05:56:04] ✅ 通过阈值 HTTP测速: http://221.226.51.220:50081/newlive/live/hls/34/live.m3u8
   速度: 196.29KB/s | 数据量: 0.2KB | 总耗时: 0.45s | 阈值: 120KB/s
[2026-04-05 05:56:04] 🚫 未达阈值 HTTP测速: http://111.56.90.5/000000000000/1000000001000016568/1.m3u8
   速度: 10.02KB/s | 数据量: 2.2KB | 总耗时: 0.67s | 阈值: 120KB/s
[2026-04-05 05:56:04] 🚫 未达阈值 HTTP测速: http://111.56.90.5/000000000000/1000000005000265019/1.m3u8
   速度: 10.45KB/s | 数据量: 2.2KB | 总耗时: 0.65s | 阈值: 120KB/s
[2026-04-05 05:56:04] ✅ 通过阈值 HTTP测速: http://107.150.60.122/live/snwshd.m3u8
   速度: 196.29KB/s | 数据量: 0.2KB | 总耗时: 0.06s | 阈值: 120KB/s
[2026-04-05 05:56:05] 🚫 未达阈值 HTTP测速: http://111.56.90.5/000000000000/5000000011000288016/1.m3u8
   速度: 11.03KB/s | 数据量: 2.3KB | 总耗时: 0.64s | 阈值: 120KB/s
[2026-04-05 05:56:05] 🚫 未达阈值 HTTP测速: http://111.56.90.5/000000000000/4821787565788875765/1.m3u8
   速度: 10.38KB/s | 数据量: 2.2KB | 总耗时: 0.65s | 阈值: 120KB/s
[2026-04-05 05:56:05] 🚫 未达阈值 HTTP测速: http://111.56.90.5/000000000000/5000000006000040023/1.m3u8
   速度: 10.58KB/s | 数据量: 2.2KB | 总耗时: 0.73s | 阈值: 120KB/s
[2026-04-05 05:56:05] ✅ 通过阈值 HTTP测速: http://36.32.174.67:60080/newlive/live/hls/42/live.m3u8
   速度: 232.42KB/s | 数据量: 0.2KB | 总耗时: 0.93s | 阈值: 120KB/s
[2026-04-05 05:56:05] ✅ 通过阈值 HTTP测速: http://113.25.252.226:9901/tsfile/live/1039_1.m3u8?key=txiptv&playlive=1&authid=0
   速度: 422.85KB/s | 数据量: 0.4KB | 总耗时: 0.54s | 阈值: 120KB/s
[2026-04-05 05:56:05] 🚫 未达阈值 HTTP测速: http://111.56.90.5/000000000000/7582242998896540942/1.m3u8
   速度: 10.29KB/s | 数据量: 2.2KB | 总耗时: 0.65s | 阈值: 120KB/s
[2026-04-05 05:56:05] ✅ 通过阈值 HTTP测速: http://107.150.60.122/live/szwshd.m3u8
   速度: 192.38KB/s | 数据量: 0.2KB | 总耗时: 0.06s | 阈值: 120KB/s
[2026-04-05 05:56:05] ✅ 通过阈值 HTTP测速: http://112.27.235.94:8000/hls/43/index.m3u8
   速度: 246.09KB/s | 数据量: 0.2KB | 总耗时: 0.38s | 阈值: 120KB/s
[2026-04-05 05:56:05] ✅ 通过阈值 HTTP测速: http://38.75.136.137:98/gslb/dsdqpub/szwshd.m3u8?auth=testpub
   速度: 192.38KB/s | 数据量: 0.2KB | 总耗时: 0.12s | 阈值: 120KB/s
[2026-04-05 05:56:05] 🚫 未达阈值 HTTP测速: http://111.56.90.5/000000000000/1000000002000021220/1.m3u8
   速度: 10.15KB/s | 数据量: 2.2KB | 总耗时: 0.67s | 阈值: 120KB/s
[2026-04-05 05:56:05] 🚫 未达阈值 HTTP测速: http://111.56.90.5/000000000000/7120278140251237664/1.m3u8
   速度: 10.65KB/s | 数据量: 2.2KB | 总耗时: 0.63s | 阈值: 120KB/s
[2026-04-05 05:56:05] 🚫 未达阈值 HTTP测速: http://111.56.90.5/000000000000/1000000002000007495/1.m3u8
   速度: 10.34KB/s | 数据量: 2.2KB | 总耗时: 0.65s | 阈值: 120KB/s
[2026-04-05 05:56:05] ✅ 通过阈值 HTTP测速: http://38.75.136.137:98/gslb/dsdqpub/tjwshd.m3u8?auth=testpub
   速度: 192.38KB/s | 数据量: 0.2KB | 总耗时: 0.12s | 阈值: 120KB/s
[2026-04-05 05:56:05] 🚫 未达阈值 HTTP测速: http://111.56.90.5/000000000000/5000000006000040017/1.m3u8
   速度: 10.48KB/s | 数据量: 2.2KB | 总耗时: 0.76s | 阈值: 120KB/s
[2026-04-05 05:56:05] 🚫 未达阈值 HTTP测速: http://111.56.90.5/000000000000/1000000005000265028/1.m3u8
   速度: 10.54KB/s | 数据量: 2.2KB | 总耗时: 0.64s | 阈值: 120KB/s
[2026-04-05 05:56:05] ✅ 通过阈值 HTTP测速: http://120.211.62.180:8000/hls/36/index.m3u8
   速度: 229.49KB/s | 数据量: 0.2KB | 总耗时: 0.47s | 阈值: 120KB/s
[2026-04-05 05:56:06] 🚫 未达阈值 HTTP测速: http://111.56.90.5/000000000000/6000000001000002116/1.m3u8
   速度: 10.17KB/s | 数据量: 2.2KB | 总耗时: 0.66s | 阈值: 120KB/s
[2026-04-05 05:56:06] ✅ 通过阈值 HTTP测速: http://36.32.174.67:60080/newlive/live/hls/44/live.m3u8
   速度: 232.42KB/s | 数据量: 0.2KB | 总耗时: 0.85s | 阈值: 120KB/s
[2026-04-05 05:56:06] 🚫 未达阈值 HTTP测速: http://111.56.90.5/000000000000/5000000004000007410/1.m3u8
   速度: 10.55KB/s | 数据量: 2.2KB | 总耗时: 0.69s | 阈值: 120KB/s
[2026-04-05 05:56:06] 🚫 未达阈值 HTTP测速: http://111.56.90.5/000000000000/6000000001000009186/1.m3u8
   速度: 10.00KB/s | 数据量: 2.1KB | 总耗时: 0.66s | 阈值: 120KB/s
[2026-04-05 05:56:06] ✅ 通过阈值 HTTP测速: http://38.75.136.137:98/gslb/dsdqpub/xjws.m3u8?auth=testpub
   速度: 188.48KB/s | 数据量: 0.2KB | 总耗时: 0.12s | 阈值: 120KB/s
[2026-04-05 05:56:06] ✅ 通过阈值 HTTP测速: http://61.184.46.85:85/tsfile/live/1004_1.m3u8?key=txiptv&playlive=1&authid=0
   速度: 433.59KB/s | 数据量: 0.4KB | 总耗时: 0.74s | 阈值: 120KB/s
[2026-04-05 05:56:06] 🚫 未达阈值 HTTP测速: http://111.56.90.5/000000000000/1000000005000265026/1.m3u8
   速度: 10.59KB/s | 数据量: 2.2KB | 总耗时: 0.74s | 阈值: 120KB/s
[2026-04-05 05:56:06] 🚫 未达阈值 HTTP测速: http://111.56.90.5/000000000000/5802765535081445534/1.m3u8
   速度: 10.57KB/s | 数据量: 2.2KB | 总耗时: 0.64s | 阈值: 120KB/s
[2026-04-05 05:56:06] ✅ 通过阈值 HTTP测速: http://38.75.136.137:98/gslb/dsdqpub/xmws.m3u8?auth=testpub
   速度: 196.29KB/s | 数据量: 0.2KB | 总耗时: 0.12s | 阈值: 120KB/s
[2026-04-05 05:56:06] 🚫 未达阈值 HTTP测速: http://111.56.90.5/000000000000/6986657152785429375/1.m3u8
   速度: 10.42KB/s | 数据量: 2.2KB | 总耗时: 0.65s | 阈值: 120KB/s
[2026-04-05 05:56:06] ✅ 通过阈值 HTTP测速: http://219.146.95.58:59902/tsfile/live/0110_1.m3u8
   速度: 428.71KB/s | 数据量: 0.4KB | 总耗时: 0.50s | 阈值: 120KB/s
[2026-04-05 05:56:06] 🚫 未达阈值 HTTP测速: http://111.56.90.5/000000000000/1000000002000029441/1.m3u8
   速度: 9.36KB/s | 数据量: 2.2KB | 总耗时: 0.72s | 阈值: 120KB/s
[2026-04-05 05:56:06] ✅ 通过阈值 HTTP测速: http://122.224.58.42:85/tsfile/live/1024_1.m3u8?key=txiptv&playlive=1&authid=0
   速度: 433.59KB/s | 数据量: 0.4KB | 总耗时: 0.51s | 阈值: 120KB/s
[2026-04-05 05:56:06] 🚫 未达阈值 HTTP测速: http://111.56.90.5/000000000000/5000000006000040018/1.m3u8
   速度: 10.38KB/s | 数据量: 2.2KB | 总耗时: 0.71s | 阈值: 120KB/s
[2026-04-05 05:56:06] 🚫 未达阈值 HTTP测速: http://111.56.90.5/000000000000/6603041244077933770/1.m3u8
   速度: 10.66KB/s | 数据量: 2.2KB | 总耗时: 0.64s | 阈值: 120KB/s
[2026-04-05 05:56:06] 🚫 未达阈值 HTTP测速: http://111.56.90.5/000000000000/1000000002000015894/1.m3u8
   速度: 10.52KB/s | 数据量: 2.2KB | 总耗时: 0.64s | 阈值: 120KB/s
[2026-04-05 05:56:06] 🚫 未达阈值 HTTP测速: http://111.56.90.5/000000000000/7179022603798868495/1.m3u8
   速度: 10.12KB/s | 数据量: 2.2KB | 总耗时: 0.67s | 阈值: 120KB/s
[2026-04-05 05:56:06] ✅ 通过阈值 HTTP测速: http://36.32.174.67:60080/newlive/live/hls/47/live.m3u8
   速度: 232.42KB/s | 数据量: 0.2KB | 总耗时: 0.88s | 阈值: 120KB/s
[2026-04-05 05:56:07] ✅ 通过阈值 HTTP测速: http://36.32.174.67:60080/newlive/live/hls/48/live.m3u8
   速度: 232.42KB/s | 数据量: 0.2KB | 总耗时: 0.85s | 阈值: 120KB/s
[2026-04-05 05:56:07] 🚫 未达阈值 HTTP测速: http://111.56.90.5/000000000000/1000000005000266008/1.m3u8
   速度: 10.39KB/s | 数据量: 2.2KB | 总耗时: 0.65s | 阈值: 120KB/s
[2026-04-05 05:56:07] ✅ 通过阈值 HTTP测速: http://120.211.62.180:8000/hls/39/index.m3u8
   速度: 229.49KB/s | 数据量: 0.2KB | 总耗时: 0.48s | 阈值: 120KB/s
[2026-04-05 05:56:07] ✅ 通过阈值 HTTP测速: http://112.27.235.94:8000/hls/40/index.m3u8
   速度: 246.09KB/s | 数据量: 0.2KB | 总耗时: 0.39s | 阈值: 120KB/s
[2026-04-05 05:56:07] 🚫 未达阈值 HTTP测速: http://111.56.90.5/000000000000/1000000002000024694/1.m3u8
   速度: 10.18KB/s | 数据量: 2.2KB | 总耗时: 0.65s | 阈值: 120KB/s
[2026-04-05 05:56:07] 🚫 未达阈值 HTTP测速: http://111.56.90.5/000000000000/5000000006000040019/1.m3u8
   速度: 9.97KB/s | 数据量: 2.2KB | 总耗时: 0.67s | 阈值: 120KB/s
[2026-04-05 05:56:07] ✅ HTTPS测速成功: https://turnerlive.warnermediacdn.com/hls/live/586495/cnngo/cnn_slate/VIDEO_4_1064000.m3u8
   速度: 30482.42KB/s | 数据量: 30.5KB | 总耗时: 0.13s | 证书: 有效
[2026-04-05 05:56:07] ✅ HTTPS测速成功: https://stream1.freetv.fun/4e695e885cc20b20b7e3ec874fe52ed75e27443778c8ff29e498c4c9d7cec4a0.m3u8
   速度: 124.02KB/s | 数据量: 0.1KB | 总耗时: 0.05s | 证书: 有效
[2026-04-05 05:56:07] ✅ 通过阈值 HTTP测速: http://111.61.236.247:9081/hls/32/index.m3u8
   速度: 227.54KB/s | 数据量: 0.2KB | 总耗时: 0.62s | 阈值: 120KB/s
[2026-04-05 05:56:08] 🚫 未达阈值 HTTP测速: http://111.56.90.5/000000000000/5000000004000007275/1.m3u8
   速度: 10.62KB/s | 数据量: 2.2KB | 总耗时: 0.76s | 阈值: 120KB/s
[2026-04-05 05:56:08] ✅ 通过阈值 HTTP测速: http://36.32.174.67:60080/newlive/live/hls/45/live.m3u8
   速度: 232.42KB/s | 数据量: 0.2KB | 总耗时: 0.88s | 阈值: 120KB/s
[2026-04-05 05:56:08] 🚫 未达阈值 HTTP测速: http://live.wjyanghu.com/live/CH1.m3u8
   速度: 0.00KB/s | 数据量: 0.0KB | 总耗时: 2.32s | 阈值: 120KB/s
[2026-04-05 05:56:08] ✅ HTTPS测速成功: https://d2e1asnsl7br7b.cloudfront.net/7782e205e72f43aeb4a48ec97f66ebbe/index_4.m3u8
   速度: 546.88KB/s | 数据量: 0.5KB | 总耗时: 0.14s | 证书: 有效
[2026-04-05 05:56:08] ✅ 通过阈值 HTTP测速: http://d2e1asnsl7br7b.cloudfront.net/7782e205e72f43aeb4a48ec97f66ebbe/index_4.m3u8
   速度: 546.88KB/s | 数据量: 0.5KB | 总耗时: 0.29s | 阈值: 120KB/s
[2026-04-05 05:56:08] ✅ 通过阈值 HTTP测速: http://d2e1asnsl7br7b.cloudfront.net/7782e205e72f43aeb4a48ec97f66ebbe/index_5.m3u8
   速度: 546.88KB/s | 数据量: 0.5KB | 总耗时: 0.27s | 阈值: 120KB/s
[2026-04-05 05:56:08] ✅ HTTPS测速成功: https://d2e1asnsl7br7b.cloudfront.net/7782e205e72f43aeb4a48ec97f66ebbe/index_5.m3u8
   速度: 546.88KB/s | 数据量: 0.5KB | 总耗时: 0.05s | 证书: 有效
[2026-04-05 05:56:08] 🚫 未达阈值 HTTP测速: http://61.216.67.119:1935/bltvhd/bltv1/chunklist_w1266569526.m3u8
   速度: 2.66KB/s | 数据量: 0.6KB | 总耗时: 0.66s | 阈值: 120KB/s
[2026-04-05 05:56:08] ✅ HTTPS测速成功: https://stream1.freetv.fun/678d877ac436471c003e6f566eaa81b022de75dca45be60e1660efbf223765ca.m3u8
   速度: 124.02KB/s | 数据量: 0.1KB | 总耗时: 0.07s | 证书: 有效
[2026-04-05 05:56:08] ✅ 通过阈值 HTTP测速: http://122.152.202.33/s/81a8a44f/index.m3u8?id=23
   速度: 187.50KB/s | 数据量: 0.2KB | 总耗时: 0.78s | 阈值: 120KB/s
[2026-04-05 05:56:08] ✅ 通过阈值 HTTP测速: http://61.221.215.25:8800/hls/47/index.m3u8
   速度: 251.95KB/s | 数据量: 0.3KB | 总耗时: 0.44s | 阈值: 120KB/s
[2026-04-05 05:56:08] ✅ 通过阈值 HTTP测速: http://61.221.215.25:8800/hls/41/index.m3u8
   速度: 250.98KB/s | 数据量: 0.3KB | 总耗时: 0.45s | 阈值: 120KB/s
[2026-04-05 05:56:09] ✅ 通过阈值 HTTP测速: http://38.75.136.137:98/gslb/dsdqpub/chcdz.m3u8?auth=testpub
   速度: 195.31KB/s | 数据量: 0.2KB | 总耗时: 0.12s | 阈值: 120KB/s
[2026-04-05 05:56:09] 🚫 未达阈值 HTTP测速: http://222.128.55.152:9080/live/ts.m3u8
   速度: 0.36KB/s | 数据量: 0.1KB | 总耗时: 0.72s | 阈值: 120KB/s
[2026-04-05 05:56:09] ✅ HTTPS测速成功: https://srs.iyb983.cn/video/CYS/index.m3u8
   速度: 451.17KB/s | 数据量: 0.5KB | 总耗时: 0.20s | 证书: 有效
[2026-04-05 05:56:09] 🚫 未达阈值 HTTP测速: http://61.216.67.119:1935/lifetv/lifetv.stream/manifest.m3u8
   速度: 0.61KB/s | 数据量: 0.1KB | 总耗时: 0.68s | 阈值: 120KB/s
[2026-04-05 05:56:09] ✅ HTTPS测速成功: https://srs.iyb983.cn:443/video/CYS/index.m3u8
   速度: 451.17KB/s | 数据量: 0.5KB | 总耗时: 0.28s | 证书: 有效
[2026-04-05 05:56:09] ✅ 通过阈值 HTTP测速: http://lb.streaming.sk/fashiontv/stream/chunklist_w1906011378.m3u8
   速度: 232.42KB/s | 数据量: 0.2KB | 总耗时: 0.36s | 阈值: 120KB/s
[2026-04-05 05:56:09] 🚫 未达阈值 HTTP测速: http://222.128.55.152:9080/live/hy.m3u8
   速度: 0.36KB/s | 数据量: 0.1KB | 总耗时: 0.72s | 阈值: 120KB/s
[2026-04-05 05:56:09] ✅ HTTPS测速成功: https://i.mjh.nz/SamsungTVPlus/GBBD1100012JB.m3u8
   速度: 142.58KB/s | 数据量: 0.1KB | 总耗时: 0.43s | 证书: 有效
[2026-04-05 05:56:09] ✅ HTTPS测速成功: https://p2hs.vzan.com/slowlive/821481626725612420/live.m3u8
   速度: 595.70KB/s | 数据量: 0.6KB | 总耗时: 1.04s | 证书: 有效
[2026-04-05 05:56:09] ✅ HTTPS测速成功: https://video.bread-tv.com:8091/hls-live24/online/index.m3u8
   速度: 149.41KB/s | 数据量: 0.1KB | 总耗时: 0.79s | 证书: 有效
[2026-04-05 05:56:10] ✅ HTTPS测速成功: https://hwapi.yntv.net/ew265l/z1z6s5.m3u8
   速度: 266.60KB/s | 数据量: 0.3KB | 总耗时: 1.14s | 证书: 有效
[2026-04-05 05:56:15] ✅ 通过阈值 HTTP测速: http://104.250.145.76/livehttpplay?channel_id=23356
   速度: 251.59KB/s | 数据量: 2048.0KB | 总耗时: 8.38s | 阈值: 120KB/s
